{"msg":"init","dagFile":"Library/Bee/200b0aE.dag","targets":["ScriptAssemblies"]}
{"msg":"enqueueNode","enqueuedNodeAnnotation":"ScriptAssemblies","enqueuedNodeIndex":4}
{"msg":"enqueueNode","enqueuedNodeAnnotation":"CopyTool Library/ScriptAssemblies/Assembly-CSharp.pdb","enqueuedNodeIndex":181,"enqueueingNodeAnnotation":"ScriptAssemblies","enqueueingNodeIndex":4}
{"msg":"enqueueNode","enqueuedNodeAnnotation":"CopyTool Library/ScriptAssemblies/Assembly-CSharp.dll","enqueuedNodeIndex":180,"enqueueingNodeAnnotation":"ScriptAssemblies","enqueueingNodeIndex":4}
{"msg":"enqueueNode","enqueuedNodeAnnotation":"CopyTool Library/ScriptAssemblies/Unity.Timeline.Editor.pdb","enqueuedNodeIndex":179,"enqueueingNodeAnnotation":"ScriptAssemblies","enqueueingNodeIndex":4}
{"msg":"enqueueNode","enqueuedNodeAnnotation":"CopyTool Library/ScriptAssemblies/Unity.Timeline.Editor.dll","enqueuedNodeIndex":178,"enqueueingNodeAnnotation":"ScriptAssemblies","enqueueingNodeIndex":4}
{"msg":"enqueueNode","enqueuedNodeAnnotation":"CopyTool Library/ScriptAssemblies/Unity.TextMeshPro.Editor.pdb","enqueuedNodeIndex":177,"enqueueingNodeAnnotation":"ScriptAssemblies","enqueueingNodeIndex":4}
{"msg":"enqueueNode","enqueuedNodeAnnotation":"CopyTool Library/ScriptAssemblies/Unity.TextMeshPro.Editor.dll","enqueuedNodeIndex":176,"enqueueingNodeAnnotation":"ScriptAssemblies","enqueueingNodeIndex":4}
{"msg":"enqueueNode","enqueuedNodeAnnotation":"CopyTool Library/ScriptAssemblies/Unity.CollabProxy.Editor.pdb","enqueuedNodeIndex":175,"enqueueingNodeAnnotation":"ScriptAssemblies","enqueueingNodeIndex":4}
{"msg":"enqueueNode","enqueuedNodeAnnotation":"CopyTool Library/ScriptAssemblies/Unity.CollabProxy.Editor.dll","enqueuedNodeIndex":174,"enqueueingNodeAnnotation":"ScriptAssemblies","enqueueingNodeIndex":4}
{"msg":"enqueueNode","enqueuedNodeAnnotation":"CopyTool Library/ScriptAssemblies/Unity.VisualStudio.Editor.pdb","enqueuedNodeIndex":173,"enqueueingNodeAnnotation":"ScriptAssemblies","enqueueingNodeIndex":4}
{"msg":"enqueueNode","enqueuedNodeAnnotation":"CopyTool Library/ScriptAssemblies/Unity.VisualStudio.Editor.dll","enqueuedNodeIndex":172,"enqueueingNodeAnnotation":"ScriptAssemblies","enqueueingNodeIndex":4}
{"msg":"enqueueNode","enqueuedNodeAnnotation":"CopyTool Library/ScriptAssemblies/Unity.VSCode.Editor.pdb","enqueuedNodeIndex":171,"enqueueingNodeAnnotation":"ScriptAssemblies","enqueueingNodeIndex":4}
{"msg":"enqueueNode","enqueuedNodeAnnotation":"CopyTool Library/ScriptAssemblies/Unity.VSCode.Editor.dll","enqueuedNodeIndex":170,"enqueueingNodeAnnotation":"ScriptAssemblies","enqueueingNodeIndex":4}
{"msg":"enqueueNode","enqueuedNodeAnnotation":"CopyTool Library/ScriptAssemblies/Unity.Timeline.pdb","enqueuedNodeIndex":169,"enqueueingNodeAnnotation":"ScriptAssemblies","enqueueingNodeIndex":4}
{"msg":"enqueueNode","enqueuedNodeAnnotation":"CopyTool Library/ScriptAssemblies/Unity.Timeline.dll","enqueuedNodeIndex":168,"enqueueingNodeAnnotation":"ScriptAssemblies","enqueueingNodeIndex":4}
{"msg":"enqueueNode","enqueuedNodeAnnotation":"CopyTool Library/ScriptAssemblies/Unity.TextMeshPro.pdb","enqueuedNodeIndex":167,"enqueueingNodeAnnotation":"ScriptAssemblies","enqueueingNodeIndex":4}
{"msg":"enqueueNode","enqueuedNodeAnnotation":"CopyTool Library/ScriptAssemblies/Unity.TextMeshPro.dll","enqueuedNodeIndex":166,"enqueueingNodeAnnotation":"ScriptAssemblies","enqueueingNodeIndex":4}
{"msg":"enqueueNode","enqueuedNodeAnnotation":"CopyTool Library/ScriptAssemblies/Unity.Rider.Editor.pdb","enqueuedNodeIndex":165,"enqueueingNodeAnnotation":"ScriptAssemblies","enqueueingNodeIndex":4}
{"msg":"enqueueNode","enqueuedNodeAnnotation":"CopyTool Library/ScriptAssemblies/Unity.Rider.Editor.dll","enqueuedNodeIndex":164,"enqueueingNodeAnnotation":"ScriptAssemblies","enqueueingNodeIndex":4}
{"msg":"enqueueNode","enqueuedNodeAnnotation":"CopyTool Library/ScriptAssemblies/Unity.PlasticSCM.Editor.pdb","enqueuedNodeIndex":163,"enqueueingNodeAnnotation":"ScriptAssemblies","enqueueingNodeIndex":4}
{"msg":"enqueueNode","enqueuedNodeAnnotation":"CopyTool Library/ScriptAssemblies/Unity.PlasticSCM.Editor.dll","enqueuedNodeIndex":162,"enqueueingNodeAnnotation":"ScriptAssemblies","enqueueingNodeIndex":4}
{"msg":"enqueueNode","enqueuedNodeAnnotation":"CopyTool Library/ScriptAssemblies/UnityEditor.UI.pdb","enqueuedNodeIndex":161,"enqueueingNodeAnnotation":"ScriptAssemblies","enqueueingNodeIndex":4}
{"msg":"enqueueNode","enqueuedNodeAnnotation":"CopyTool Library/ScriptAssemblies/UnityEditor.UI.dll","enqueuedNodeIndex":160,"enqueueingNodeAnnotation":"ScriptAssemblies","enqueueingNodeIndex":4}
{"msg":"enqueueNode","enqueuedNodeAnnotation":"CopyTool Library/ScriptAssemblies/UnityEditor.TestRunner.pdb","enqueuedNodeIndex":159,"enqueueingNodeAnnotation":"ScriptAssemblies","enqueueingNodeIndex":4}
{"msg":"enqueueNode","enqueuedNodeAnnotation":"CopyTool Library/ScriptAssemblies/UnityEditor.TestRunner.dll","enqueuedNodeIndex":158,"enqueueingNodeAnnotation":"ScriptAssemblies","enqueueingNodeIndex":4}
{"msg":"enqueueNode","enqueuedNodeAnnotation":"CopyTool Library/ScriptAssemblies/UnityEngine.UI.pdb","enqueuedNodeIndex":157,"enqueueingNodeAnnotation":"ScriptAssemblies","enqueueingNodeIndex":4}
{"msg":"enqueueNode","enqueuedNodeAnnotation":"CopyTool Library/ScriptAssemblies/UnityEngine.UI.dll","enqueuedNodeIndex":156,"enqueueingNodeAnnotation":"ScriptAssemblies","enqueueingNodeIndex":4}
{"msg":"enqueueNode","enqueuedNodeAnnotation":"CopyTool Library/ScriptAssemblies/UnityEngine.TestRunner.pdb","enqueuedNodeIndex":155,"enqueueingNodeAnnotation":"ScriptAssemblies","enqueueingNodeIndex":4}
{"msg":"enqueueNode","enqueuedNodeAnnotation":"CopyTool Library/ScriptAssemblies/UnityEngine.TestRunner.dll","enqueuedNodeIndex":154,"enqueueingNodeAnnotation":"ScriptAssemblies","enqueueingNodeIndex":4}
{"msg":"enqueueNode","enqueuedNodeAnnotation":"MovedFromExtractorCombine Library/Bee/artifacts/200b0aE.dag/Assembly-CSharp.dll.movedfrom","enqueuedNodeIndex":153,"enqueueingNodeAnnotation":"ScriptAssemblies","enqueueingNodeIndex":4}
{"msg":"enqueueNode","enqueuedNodeAnnotation":"MovedFromExtractor Library/Bee/artifacts/movedfrom/Unity.VisualStudio.Editor.ref.dll_17544914859700520121.movedfrom","enqueuedNodeIndex":151,"enqueueingNodeAnnotation":"ScriptAssemblies","enqueueingNodeIndex":4}
{"msg":"enqueueNode","enqueuedNodeAnnotation":"MovedFromExtractor Library/Bee/artifacts/movedfrom/Unity.VSCode.Editor.ref.dll_6388319242899333029.movedfrom","enqueuedNodeIndex":150,"enqueueingNodeAnnotation":"ScriptAssemblies","enqueueingNodeIndex":4}
{"msg":"enqueueNode","enqueuedNodeAnnotation":"MovedFromExtractor Library/Bee/artifacts/movedfrom/Unity.Timeline.Editor.ref.dll_1370744938779439902.movedfrom","enqueuedNodeIndex":149,"enqueueingNodeAnnotation":"ScriptAssemblies","enqueueingNodeIndex":4}
{"msg":"enqueueNode","enqueuedNodeAnnotation":"MovedFromExtractor Library/Bee/artifacts/movedfrom/Unity.TextMeshPro.Editor.ref.dll_14247004639641441850.movedfrom","enqueuedNodeIndex":148,"enqueueingNodeAnnotation":"ScriptAssemblies","enqueueingNodeIndex":4}
{"msg":"enqueueNode","enqueuedNodeAnnotation":"MovedFromExtractor Library/Bee/artifacts/movedfrom/Unity.Rider.Editor.ref.dll_11706774018472298211.movedfrom","enqueuedNodeIndex":147,"enqueueingNodeAnnotation":"ScriptAssemblies","enqueueingNodeIndex":4}
{"msg":"enqueueNode","enqueuedNodeAnnotation":"MovedFromExtractorCombine Library/Bee/artifacts/200b0aE.dag/Unity.Timeline.Editor.dll.movedfrom","enqueuedNodeIndex":144,"enqueueingNodeAnnotation":"ScriptAssemblies","enqueueingNodeIndex":4}
{"msg":"enqueueNode","enqueuedNodeAnnotation":"MovedFromExtractor Library/Bee/artifacts/movedfrom/Unity.Timeline.ref.dll_15173368180737704387.movedfrom","enqueuedNodeIndex":142,"enqueueingNodeAnnotation":"ScriptAssemblies","enqueueingNodeIndex":4}
{"msg":"enqueueNode","enqueuedNodeAnnotation":"MovedFromExtractorCombine Library/Bee/artifacts/200b0aE.dag/Unity.TextMeshPro.Editor.dll.movedfrom","enqueuedNodeIndex":139,"enqueueingNodeAnnotation":"ScriptAssemblies","enqueueingNodeIndex":4}
{"msg":"enqueueNode","enqueuedNodeAnnotation":"MovedFromExtractor Library/Bee/artifacts/movedfrom/Unity.TextMeshPro.ref.dll_16889014065229257959.movedfrom","enqueuedNodeIndex":137,"enqueueingNodeAnnotation":"ScriptAssemblies","enqueueingNodeIndex":4}
{"msg":"enqueueNode","enqueuedNodeAnnotation":"MovedFromExtractorCombine Library/Bee/artifacts/200b0aE.dag/Unity.CollabProxy.Editor.dll.movedfrom","enqueuedNodeIndex":134,"enqueueingNodeAnnotation":"ScriptAssemblies","enqueueingNodeIndex":4}
{"msg":"enqueueNode","enqueuedNodeAnnotation":"MovedFromExtractor Library/Bee/artifacts/movedfrom/Unity.PlasticSCM.Editor.ref.dll_14697804982844018402.movedfrom","enqueuedNodeIndex":132,"enqueueingNodeAnnotation":"ScriptAssemblies","enqueueingNodeIndex":4}
{"msg":"enqueueNode","enqueuedNodeAnnotation":"MovedFromExtractorCombine Library/Bee/artifacts/200b0aE.dag/Unity.VisualStudio.Editor.dll.movedfrom","enqueuedNodeIndex":129,"enqueueingNodeAnnotation":"ScriptAssemblies","enqueueingNodeIndex":4}
{"msg":"enqueueNode","enqueuedNodeAnnotation":"MovedFromExtractorCombine Library/Bee/artifacts/200b0aE.dag/Unity.VSCode.Editor.dll.movedfrom","enqueuedNodeIndex":125,"enqueueingNodeAnnotation":"ScriptAssemblies","enqueueingNodeIndex":4}
{"msg":"enqueueNode","enqueuedNodeAnnotation":"MovedFromExtractorCombine Library/Bee/artifacts/200b0aE.dag/Unity.Timeline.dll.movedfrom","enqueuedNodeIndex":121,"enqueueingNodeAnnotation":"ScriptAssemblies","enqueueingNodeIndex":4}
{"msg":"enqueueNode","enqueuedNodeAnnotation":"MovedFromExtractorCombine Library/Bee/artifacts/200b0aE.dag/Unity.TextMeshPro.dll.movedfrom","enqueuedNodeIndex":117,"enqueueingNodeAnnotation":"ScriptAssemblies","enqueueingNodeIndex":4}
{"msg":"enqueueNode","enqueuedNodeAnnotation":"MovedFromExtractorCombine Library/Bee/artifacts/200b0aE.dag/Unity.Rider.Editor.dll.movedfrom","enqueuedNodeIndex":113,"enqueueingNodeAnnotation":"ScriptAssemblies","enqueueingNodeIndex":4}
{"msg":"enqueueNode","enqueuedNodeAnnotation":"MovedFromExtractorCombine Library/Bee/artifacts/200b0aE.dag/Unity.PlasticSCM.Editor.dll.movedfrom","enqueuedNodeIndex":109,"enqueueingNodeAnnotation":"ScriptAssemblies","enqueueingNodeIndex":4}
{"msg":"enqueueNode","enqueuedNodeAnnotation":"MovedFromExtractor Library/Bee/artifacts/movedfrom/UnityEditor.UI.ref.dll_13622993002070669097.movedfrom","enqueuedNodeIndex":107,"enqueueingNodeAnnotation":"ScriptAssemblies","enqueueingNodeIndex":4}
{"msg":"enqueueNode","enqueuedNodeAnnotation":"MovedFromExtractorCombine Library/Bee/artifacts/200b0aE.dag/UnityEditor.UI.dll.movedfrom","enqueuedNodeIndex":104,"enqueueingNodeAnnotation":"ScriptAssemblies","enqueueingNodeIndex":4}
{"msg":"enqueueNode","enqueuedNodeAnnotation":"MovedFromExtractor Library/Bee/artifacts/movedfrom/UnityEngine.UI.ref.dll_8751741266572615572.movedfrom","enqueuedNodeIndex":102,"enqueueingNodeAnnotation":"ScriptAssemblies","enqueueingNodeIndex":4}
{"msg":"enqueueNode","enqueuedNodeAnnotation":"MovedFromExtractor Library/Bee/artifacts/movedfrom/UnityEditor.TestRunner.ref.dll_16004969834792811495.movedfrom","enqueuedNodeIndex":101,"enqueueingNodeAnnotation":"ScriptAssemblies","enqueueingNodeIndex":4}
{"msg":"enqueueNode","enqueuedNodeAnnotation":"MovedFromExtractorCombine Library/Bee/artifacts/200b0aE.dag/UnityEditor.TestRunner.dll.movedfrom","enqueuedNodeIndex":98,"enqueueingNodeAnnotation":"ScriptAssemblies","enqueueingNodeIndex":4}
{"msg":"enqueueNode","enqueuedNodeAnnotation":"MovedFromExtractor Library/Bee/artifacts/movedfrom/UnityEngine.TestRunner.ref.dll_12266501306040867282.movedfrom","enqueuedNodeIndex":96,"enqueueingNodeAnnotation":"ScriptAssemblies","enqueueingNodeIndex":4}
{"msg":"enqueueNode","enqueuedNodeAnnotation":"MovedFromExtractorCombine Library/Bee/artifacts/200b0aE.dag/UnityEngine.UI.dll.movedfrom","enqueuedNodeIndex":93,"enqueueingNodeAnnotation":"ScriptAssemblies","enqueueingNodeIndex":4}
{"msg":"enqueueNode","enqueuedNodeAnnotation":"MovedFromExtractorCombine Library/Bee/artifacts/200b0aE.dag/UnityEngine.TestRunner.dll.movedfrom","enqueuedNodeIndex":89,"enqueueingNodeAnnotation":"ScriptAssemblies","enqueueingNodeIndex":4}
{"msg":"enqueueNode","enqueuedNodeAnnotation":"MovedFromExtractor Library/Bee/artifacts/movedfrom/UnityEditor.OSXStandalone.Extensions.dll_7245465675223458141.movedfrom","enqueuedNodeIndex":87,"enqueueingNodeAnnotation":"ScriptAssemblies","enqueueingNodeIndex":4}
{"msg":"enqueueNode","enqueuedNodeAnnotation":"MovedFromExtractor Library/Bee/artifacts/movedfrom/UnityEngine.XRModule.dll_6671657740470984932.movedfrom","enqueuedNodeIndex":86,"enqueueingNodeAnnotation":"ScriptAssemblies","enqueueingNodeIndex":4}
{"msg":"enqueueNode","enqueuedNodeAnnotation":"MovedFromExtractor Library/Bee/artifacts/movedfrom/UnityEngine.WindModule.dll_10960117000017826146.movedfrom","enqueuedNodeIndex":85,"enqueueingNodeAnnotation":"ScriptAssemblies","enqueueingNodeIndex":4}
{"msg":"enqueueNode","enqueuedNodeAnnotation":"MovedFromExtractor Library/Bee/artifacts/movedfrom/UnityEngine.VRModule.dll_3015083368749978502.movedfrom","enqueuedNodeIndex":84,"enqueueingNodeAnnotation":"ScriptAssemblies","enqueueingNodeIndex":4}
{"msg":"enqueueNode","enqueuedNodeAnnotation":"MovedFromExtractor Library/Bee/artifacts/movedfrom/UnityEngine.VirtualTexturingModule.dll_1241783939670519895.movedfrom","enqueuedNodeIndex":83,"enqueueingNodeAnnotation":"ScriptAssemblies","enqueueingNodeIndex":4}
{"msg":"enqueueNode","enqueuedNodeAnnotation":"MovedFromExtractor Library/Bee/artifacts/movedfrom/UnityEngine.VideoModule.dll_9620204901445098069.movedfrom","enqueuedNodeIndex":82,"enqueueingNodeAnnotation":"ScriptAssemblies","enqueueingNodeIndex":4}
{"msg":"enqueueNode","enqueuedNodeAnnotation":"MovedFromExtractor Library/Bee/artifacts/movedfrom/UnityEngine.VFXModule.dll_11302447071472062850.movedfrom","enqueuedNodeIndex":81,"enqueueingNodeAnnotation":"ScriptAssemblies","enqueueingNodeIndex":4}
{"msg":"enqueueNode","enqueuedNodeAnnotation":"MovedFromExtractor Library/Bee/artifacts/movedfrom/UnityEngine.VehiclesModule.dll_2700862476665513713.movedfrom","enqueuedNodeIndex":80,"enqueueingNodeAnnotation":"ScriptAssemblies","enqueueingNodeIndex":4}
{"msg":"enqueueNode","enqueuedNodeAnnotation":"MovedFromExtractor Library/Bee/artifacts/movedfrom/UnityEngine.UnityWebRequestWWWModule.dll_12513963725625593313.movedfrom","enqueuedNodeIndex":79,"enqueueingNodeAnnotation":"ScriptAssemblies","enqueueingNodeIndex":4}
{"msg":"enqueueNode","enqueuedNodeAnnotation":"MovedFromExtractor Library/Bee/artifacts/movedfrom/UnityEngine.UnityWebRequestTextureModule.dll_12196893015306373925.movedfrom","enqueuedNodeIndex":78,"enqueueingNodeAnnotation":"ScriptAssemblies","enqueueingNodeIndex":4}
{"msg":"enqueueNode","enqueuedNodeAnnotation":"MovedFromExtractor Library/Bee/artifacts/movedfrom/UnityEngine.UnityWebRequestModule.dll_5427478588000645450.movedfrom","enqueuedNodeIndex":77,"enqueueingNodeAnnotation":"ScriptAssemblies","enqueueingNodeIndex":4}
{"msg":"enqueueNode","enqueuedNodeAnnotation":"MovedFromExtractor Library/Bee/artifacts/movedfrom/UnityEngine.UnityWebRequestAudioModule.dll_5613247236176833360.movedfrom","enqueuedNodeIndex":76,"enqueueingNodeAnnotation":"ScriptAssemblies","enqueueingNodeIndex":4}
{"msg":"enqueueNode","enqueuedNodeAnnotation":"MovedFromExtractor Library/Bee/artifacts/movedfrom/UnityEngine.UnityWebRequestAssetBundleModule.dll_2973958254171050188.movedfrom","enqueuedNodeIndex":75,"enqueueingNodeAnnotation":"ScriptAssemblies","enqueueingNodeIndex":4}
{"msg":"enqueueNode","enqueuedNodeAnnotation":"MovedFromExtractor Library/Bee/artifacts/movedfrom/UnityEngine.UnityTestProtocolModule.dll_8703060117290678553.movedfrom","enqueuedNodeIndex":74,"enqueueingNodeAnnotation":"ScriptAssemblies","enqueueingNodeIndex":4}
{"msg":"enqueueNode","enqueuedNodeAnnotation":"MovedFromExtractor Library/Bee/artifacts/movedfrom/UnityEngine.UnityCurlModule.dll_11528574465871073067.movedfrom","enqueuedNodeIndex":73,"enqueueingNodeAnnotation":"ScriptAssemblies","enqueueingNodeIndex":4}
{"msg":"enqueueNode","enqueuedNodeAnnotation":"MovedFromExtractor Library/Bee/artifacts/movedfrom/UnityEngine.UnityConnectModule.dll_15307944981615803951.movedfrom","enqueuedNodeIndex":72,"enqueueingNodeAnnotation":"ScriptAssemblies","enqueueingNodeIndex":4}
{"msg":"enqueueNode","enqueuedNodeAnnotation":"MovedFromExtractor Library/Bee/artifacts/movedfrom/UnityEngine.UnityAnalyticsModule.dll_4296681153382341051.movedfrom","enqueuedNodeIndex":71,"enqueueingNodeAnnotation":"ScriptAssemblies","enqueueingNodeIndex":4}
{"msg":"enqueueNode","enqueuedNodeAnnotation":"MovedFromExtractor Library/Bee/artifacts/movedfrom/UnityEngine.UNETModule.dll_13002337531094681714.movedfrom","enqueuedNodeIndex":70,"enqueueingNodeAnnotation":"ScriptAssemblies","enqueueingNodeIndex":4}
{"msg":"enqueueNode","enqueuedNodeAnnotation":"MovedFromExtractor Library/Bee/artifacts/movedfrom/UnityEngine.UmbraModule.dll_15802283442322795043.movedfrom","enqueuedNodeIndex":69,"enqueueingNodeAnnotation":"ScriptAssemblies","enqueueingNodeIndex":4}
{"msg":"enqueueNode","enqueuedNodeAnnotation":"MovedFromExtractor Library/Bee/artifacts/movedfrom/UnityEngine.UIModule.dll_15493952630854340110.movedfrom","enqueuedNodeIndex":68,"enqueueingNodeAnnotation":"ScriptAssemblies","enqueueingNodeIndex":4}
{"msg":"enqueueNode","enqueuedNodeAnnotation":"MovedFromExtractor Library/Bee/artifacts/movedfrom/UnityEngine.UIElementsNativeModule.dll_17054849743100456908.movedfrom","enqueuedNodeIndex":67,"enqueueingNodeAnnotation":"ScriptAssemblies","enqueueingNodeIndex":4}
{"msg":"enqueueNode","enqueuedNodeAnnotation":"MovedFromExtractor Library/Bee/artifacts/movedfrom/UnityEngine.UIElementsModule.dll_15206219751456762261.movedfrom","enqueuedNodeIndex":66,"enqueueingNodeAnnotation":"ScriptAssemblies","enqueueingNodeIndex":4}
{"msg":"enqueueNode","enqueuedNodeAnnotation":"MovedFromExtractor Library/Bee/artifacts/movedfrom/UnityEngine.TLSModule.dll_2016419987976202261.movedfrom","enqueuedNodeIndex":65,"enqueueingNodeAnnotation":"ScriptAssemblies","enqueueingNodeIndex":4}
{"msg":"enqueueNode","enqueuedNodeAnnotation":"MovedFromExtractor Library/Bee/artifacts/movedfrom/UnityEngine.TilemapModule.dll_8611248698149816696.movedfrom","enqueuedNodeIndex":64,"enqueueingNodeAnnotation":"ScriptAssemblies","enqueueingNodeIndex":4}
{"msg":"enqueueNode","enqueuedNodeAnnotation":"MovedFromExtractor Library/Bee/artifacts/movedfrom/UnityEngine.TextRenderingModule.dll_14886999192055017849.movedfrom","enqueuedNodeIndex":63,"enqueueingNodeAnnotation":"ScriptAssemblies","enqueueingNodeIndex":4}
{"msg":"enqueueNode","enqueuedNodeAnnotation":"MovedFromExtractor Library/Bee/artifacts/movedfrom/UnityEngine.TextCoreModule.dll_5076469958342936422.movedfrom","enqueuedNodeIndex":62,"enqueueingNodeAnnotation":"ScriptAssemblies","enqueueingNodeIndex":4}
{"msg":"enqueueNode","enqueuedNodeAnnotation":"MovedFromExtractor Library/Bee/artifacts/movedfrom/UnityEngine.TerrainPhysicsModule.dll_2052542777204671052.movedfrom","enqueuedNodeIndex":61,"enqueueingNodeAnnotation":"ScriptAssemblies","enqueueingNodeIndex":4}
{"msg":"enqueueNode","enqueuedNodeAnnotation":"MovedFromExtractor Library/Bee/artifacts/movedfrom/UnityEngine.TerrainModule.dll_15601847415588972655.movedfrom","enqueuedNodeIndex":60,"enqueueingNodeAnnotation":"ScriptAssemblies","enqueueingNodeIndex":4}
{"msg":"enqueueNode","enqueuedNodeAnnotation":"MovedFromExtractor Library/Bee/artifacts/movedfrom/UnityEngine.SubsystemsModule.dll_14900430827391266206.movedfrom","enqueuedNodeIndex":59,"enqueueingNodeAnnotation":"ScriptAssemblies","enqueueingNodeIndex":4}
{"msg":"enqueueNode","enqueuedNodeAnnotation":"MovedFromExtractor Library/Bee/artifacts/movedfrom/UnityEngine.SubstanceModule.dll_18311945930131706506.movedfrom","enqueuedNodeIndex":58,"enqueueingNodeAnnotation":"ScriptAssemblies","enqueueingNodeIndex":4}
{"msg":"enqueueNode","enqueuedNodeAnnotation":"MovedFromExtractor Library/Bee/artifacts/movedfrom/UnityEngine.StreamingModule.dll_2411120715741140092.movedfrom","enqueuedNodeIndex":57,"enqueueingNodeAnnotation":"ScriptAssemblies","enqueueingNodeIndex":4}
{"msg":"enqueueNode","enqueuedNodeAnnotation":"MovedFromExtractor Library/Bee/artifacts/movedfrom/UnityEngine.SpriteShapeModule.dll_3572719820946792502.movedfrom","enqueuedNodeIndex":56,"enqueueingNodeAnnotation":"ScriptAssemblies","enqueueingNodeIndex":4}
{"msg":"enqueueNode","enqueuedNodeAnnotation":"MovedFromExtractor Library/Bee/artifacts/movedfrom/UnityEngine.SpriteMaskModule.dll_7213518118141281675.movedfrom","enqueuedNodeIndex":55,"enqueueingNodeAnnotation":"ScriptAssemblies","enqueueingNodeIndex":4}
{"msg":"enqueueNode","enqueuedNodeAnnotation":"MovedFromExtractor Library/Bee/artifacts/movedfrom/UnityEngine.SharedInternalsModule.dll_13674193115308266011.movedfrom","enqueuedNodeIndex":54,"enqueueingNodeAnnotation":"ScriptAssemblies","enqueueingNodeIndex":4}
{"msg":"enqueueNode","enqueuedNodeAnnotation":"MovedFromExtractor Library/Bee/artifacts/movedfrom/UnityEngine.ScreenCaptureModule.dll_11914779522618093956.movedfrom","enqueuedNodeIndex":53,"enqueueingNodeAnnotation":"ScriptAssemblies","enqueueingNodeIndex":4}
{"msg":"enqueueNode","enqueuedNodeAnnotation":"MovedFromExtractor Library/Bee/artifacts/movedfrom/UnityEngine.RuntimeInitializeOnLoadManagerInitializerModule.dll_15234397409294085020.movedfrom","enqueuedNodeIndex":52,"enqueueingNodeAnnotation":"ScriptAssemblies","enqueueingNodeIndex":4}
{"msg":"enqueueNode","enqueuedNodeAnnotation":"MovedFromExtractor Library/Bee/artifacts/movedfrom/UnityEngine.ProfilerModule.dll_16140518245403991651.movedfrom","enqueuedNodeIndex":51,"enqueueingNodeAnnotation":"ScriptAssemblies","enqueueingNodeIndex":4}
{"msg":"enqueueNode","enqueuedNodeAnnotation":"MovedFromExtractor Library/Bee/artifacts/movedfrom/UnityEngine.PhysicsModule.dll_13708511006270463873.movedfrom","enqueuedNodeIndex":50,"enqueueingNodeAnnotation":"ScriptAssemblies","enqueueingNodeIndex":4}
{"msg":"enqueueNode","enqueuedNodeAnnotation":"MovedFromExtractor Library/Bee/artifacts/movedfrom/UnityEngine.Physics2DModule.dll_13368662971694929107.movedfrom","enqueuedNodeIndex":49,"enqueueingNodeAnnotation":"ScriptAssemblies","enqueueingNodeIndex":4}
{"msg":"enqueueNode","enqueuedNodeAnnotation":"MovedFromExtractor Library/Bee/artifacts/movedfrom/UnityEngine.PerformanceReportingModule.dll_15414113710038884536.movedfrom","enqueuedNodeIndex":48,"enqueueingNodeAnnotation":"ScriptAssemblies","enqueueingNodeIndex":4}
{"msg":"enqueueNode","enqueuedNodeAnnotation":"MovedFromExtractor Library/Bee/artifacts/movedfrom/UnityEngine.ParticleSystemModule.dll_2018017205430585279.movedfrom","enqueuedNodeIndex":47,"enqueueingNodeAnnotation":"ScriptAssemblies","enqueueingNodeIndex":4}
{"msg":"enqueueNode","enqueuedNodeAnnotation":"MovedFromExtractor Library/Bee/artifacts/movedfrom/UnityEngine.LocalizationModule.dll_11887948531847840579.movedfrom","enqueuedNodeIndex":46,"enqueueingNodeAnnotation":"ScriptAssemblies","enqueueingNodeIndex":4}
{"msg":"enqueueNode","enqueuedNodeAnnotation":"MovedFromExtractor Library/Bee/artifacts/movedfrom/UnityEngine.JSONSerializeModule.dll_10048128164964844834.movedfrom","enqueuedNodeIndex":45,"enqueueingNodeAnnotation":"ScriptAssemblies","enqueueingNodeIndex":4}
{"msg":"enqueueNode","enqueuedNodeAnnotation":"MovedFromExtractor Library/Bee/artifacts/movedfrom/UnityEngine.InputModule.dll_14334421778040972116.movedfrom","enqueuedNodeIndex":44,"enqueueingNodeAnnotation":"ScriptAssemblies","enqueueingNodeIndex":4}
{"msg":"enqueueNode","enqueuedNodeAnnotation":"MovedFromExtractor Library/Bee/artifacts/movedfrom/UnityEngine.InputLegacyModule.dll_12211729756744801821.movedfrom","enqueuedNodeIndex":43,"enqueueingNodeAnnotation":"ScriptAssemblies","enqueueingNodeIndex":4}
{"msg":"enqueueNode","enqueuedNodeAnnotation":"MovedFromExtractor Library/Bee/artifacts/movedfrom/UnityEngine.IMGUIModule.dll_11013535705857708689.movedfrom","enqueuedNodeIndex":42,"enqueueingNodeAnnotation":"ScriptAssemblies","enqueueingNodeIndex":4}
{"msg":"enqueueNode","enqueuedNodeAnnotation":"MovedFromExtractor Library/Bee/artifacts/movedfrom/UnityEngine.ImageConversionModule.dll_4157736541149238987.movedfrom","enqueuedNodeIndex":41,"enqueueingNodeAnnotation":"ScriptAssemblies","enqueueingNodeIndex":4}
{"msg":"enqueueNode","enqueuedNodeAnnotation":"MovedFromExtractor Library/Bee/artifacts/movedfrom/UnityEngine.HotReloadModule.dll_17161483398460569792.movedfrom","enqueuedNodeIndex":40,"enqueueingNodeAnnotation":"ScriptAssemblies","enqueueingNodeIndex":4}
{"msg":"enqueueNode","enqueuedNodeAnnotation":"MovedFromExtractor Library/Bee/artifacts/movedfrom/UnityEngine.GridModule.dll_18391690552252197104.movedfrom","enqueuedNodeIndex":39,"enqueueingNodeAnnotation":"ScriptAssemblies","enqueueingNodeIndex":4}
{"msg":"enqueueNode","enqueuedNodeAnnotation":"MovedFromExtractor Library/Bee/artifacts/movedfrom/UnityEngine.GIModule.dll_8344676102516846716.movedfrom","enqueuedNodeIndex":38,"enqueueingNodeAnnotation":"ScriptAssemblies","enqueueingNodeIndex":4}
{"msg":"enqueueNode","enqueuedNodeAnnotation":"MovedFromExtractor Library/Bee/artifacts/movedfrom/UnityEngine.GameCenterModule.dll_8858331918676537361.movedfrom","enqueuedNodeIndex":37,"enqueueingNodeAnnotation":"ScriptAssemblies","enqueueingNodeIndex":4}
{"msg":"enqueueNode","enqueuedNodeAnnotation":"MovedFromExtractor Library/Bee/artifacts/movedfrom/UnityEngine.DSPGraphModule.dll_12901066937295661175.movedfrom","enqueuedNodeIndex":36,"enqueueingNodeAnnotation":"ScriptAssemblies","enqueueingNodeIndex":4}
{"msg":"enqueueNode","enqueuedNodeAnnotation":"MovedFromExtractor Library/Bee/artifacts/movedfrom/UnityEngine.dll_7234213655415620940.movedfrom","enqueuedNodeIndex":35,"enqueueingNodeAnnotation":"ScriptAssemblies","enqueueingNodeIndex":4}
{"msg":"enqueueNode","enqueuedNodeAnnotation":"MovedFromExtractor Library/Bee/artifacts/movedfrom/UnityEngine.DirectorModule.dll_12517872388474050390.movedfrom","enqueuedNodeIndex":34,"enqueueingNodeAnnotation":"ScriptAssemblies","enqueueingNodeIndex":4}
{"msg":"enqueueNode","enqueuedNodeAnnotation":"MovedFromExtractor Library/Bee/artifacts/movedfrom/UnityEngine.CrashReportingModule.dll_14478833831798340657.movedfrom","enqueuedNodeIndex":33,"enqueueingNodeAnnotation":"ScriptAssemblies","enqueueingNodeIndex":4}
{"msg":"enqueueNode","enqueuedNodeAnnotation":"MovedFromExtractor Library/Bee/artifacts/movedfrom/UnityEngine.CoreModule.dll_2435124888077456121.movedfrom","enqueuedNodeIndex":32,"enqueueingNodeAnnotation":"ScriptAssemblies","enqueueingNodeIndex":4}
{"msg":"enqueueNode","enqueuedNodeAnnotation":"MovedFromExtractor Library/Bee/artifacts/movedfrom/UnityEngine.ClusterRendererModule.dll_14826203648873717463.movedfrom","enqueuedNodeIndex":31,"enqueueingNodeAnnotation":"ScriptAssemblies","enqueueingNodeIndex":4}
{"msg":"enqueueNode","enqueuedNodeAnnotation":"MovedFromExtractor Library/Bee/artifacts/movedfrom/UnityEngine.ClusterInputModule.dll_7398763147188686922.movedfrom","enqueuedNodeIndex":30,"enqueueingNodeAnnotation":"ScriptAssemblies","enqueueingNodeIndex":4}
{"msg":"enqueueNode","enqueuedNodeAnnotation":"MovedFromExtractor Library/Bee/artifacts/movedfrom/UnityEngine.ClothModule.dll_14366674072122039700.movedfrom","enqueuedNodeIndex":29,"enqueueingNodeAnnotation":"ScriptAssemblies","enqueueingNodeIndex":4}
{"msg":"enqueueNode","enqueuedNodeAnnotation":"MovedFromExtractor Library/Bee/artifacts/movedfrom/UnityEngine.AudioModule.dll_6951395053185613488.movedfrom","enqueuedNodeIndex":28,"enqueueingNodeAnnotation":"ScriptAssemblies","enqueueingNodeIndex":4}
{"msg":"enqueueNode","enqueuedNodeAnnotation":"MovedFromExtractor Library/Bee/artifacts/movedfrom/UnityEngine.AssetBundleModule.dll_1743927029640046636.movedfrom","enqueuedNodeIndex":27,"enqueueingNodeAnnotation":"ScriptAssemblies","enqueueingNodeIndex":4}
{"msg":"enqueueNode","enqueuedNodeAnnotation":"MovedFromExtractor Library/Bee/artifacts/movedfrom/UnityEngine.ARModule.dll_10737912649953290027.movedfrom","enqueuedNodeIndex":26,"enqueueingNodeAnnotation":"ScriptAssemblies","enqueueingNodeIndex":4}
{"msg":"enqueueNode","enqueuedNodeAnnotation":"MovedFromExtractor Library/Bee/artifacts/movedfrom/UnityEngine.AnimationModule.dll_7845578636883025214.movedfrom","enqueuedNodeIndex":25,"enqueueingNodeAnnotation":"ScriptAssemblies","enqueueingNodeIndex":4}
{"msg":"enqueueNode","enqueuedNodeAnnotation":"MovedFromExtractor Library/Bee/artifacts/movedfrom/UnityEngine.AndroidJNIModule.dll_5810157917021093664.movedfrom","enqueuedNodeIndex":24,"enqueueingNodeAnnotation":"ScriptAssemblies","enqueueingNodeIndex":4}
{"msg":"enqueueNode","enqueuedNodeAnnotation":"MovedFromExtractor Library/Bee/artifacts/movedfrom/UnityEngine.AIModule.dll_15821697061063379042.movedfrom","enqueuedNodeIndex":23,"enqueueingNodeAnnotation":"ScriptAssemblies","enqueueingNodeIndex":4}
{"msg":"enqueueNode","enqueuedNodeAnnotation":"MovedFromExtractor Library/Bee/artifacts/movedfrom/UnityEngine.AccessibilityModule.dll_3123974322081260696.movedfrom","enqueuedNodeIndex":22,"enqueueingNodeAnnotation":"ScriptAssemblies","enqueueingNodeIndex":4}
{"msg":"enqueueNode","enqueuedNodeAnnotation":"MovedFromExtractor Library/Bee/artifacts/movedfrom/UnityEditor.UnityConnectModule.dll_16650153945681296772.movedfrom","enqueuedNodeIndex":21,"enqueueingNodeAnnotation":"ScriptAssemblies","enqueueingNodeIndex":4}
{"msg":"enqueueNode","enqueuedNodeAnnotation":"MovedFromExtractor Library/Bee/artifacts/movedfrom/UnityEditor.UIServiceModule.dll_3158811738982404582.movedfrom","enqueuedNodeIndex":20,"enqueueingNodeAnnotation":"ScriptAssemblies","enqueueingNodeIndex":4}
{"msg":"enqueueNode","enqueuedNodeAnnotation":"MovedFromExtractor Library/Bee/artifacts/movedfrom/UnityEditor.UIElementsSamplesModule.dll_13620227907929482179.movedfrom","enqueuedNodeIndex":19,"enqueueingNodeAnnotation":"ScriptAssemblies","enqueueingNodeIndex":4}
{"msg":"enqueueNode","enqueuedNodeAnnotation":"MovedFromExtractor Library/Bee/artifacts/movedfrom/UnityEditor.UIElementsModule.dll_15157122949466017866.movedfrom","enqueuedNodeIndex":18,"enqueueingNodeAnnotation":"ScriptAssemblies","enqueueingNodeIndex":4}
{"msg":"enqueueNode","enqueuedNodeAnnotation":"MovedFromExtractor Library/Bee/artifacts/movedfrom/UnityEditor.UIBuilderModule.dll_17502194485686829516.movedfrom","enqueuedNodeIndex":17,"enqueueingNodeAnnotation":"ScriptAssemblies","enqueueingNodeIndex":4}
{"msg":"enqueueNode","enqueuedNodeAnnotation":"MovedFromExtractor Library/Bee/artifacts/movedfrom/UnityEditor.SceneTemplateModule.dll_17921277026445180155.movedfrom","enqueuedNodeIndex":16,"enqueueingNodeAnnotation":"ScriptAssemblies","enqueueingNodeIndex":4}
{"msg":"enqueueNode","enqueuedNodeAnnotation":"MovedFromExtractor Library/Bee/artifacts/movedfrom/UnityEditor.QuickSearchModule.dll_15297172620915438394.movedfrom","enqueuedNodeIndex":15,"enqueueingNodeAnnotation":"ScriptAssemblies","enqueueingNodeIndex":4}
{"msg":"enqueueNode","enqueuedNodeAnnotation":"MovedFromExtractor Library/Bee/artifacts/movedfrom/UnityEditor.PackageManagerUIModule.dll_11688330758164955050.movedfrom","enqueuedNodeIndex":14,"enqueueingNodeAnnotation":"ScriptAssemblies","enqueueingNodeIndex":4}
{"msg":"enqueueNode","enqueuedNodeAnnotation":"MovedFromExtractor Library/Bee/artifacts/movedfrom/UnityEditor.GraphViewModule.dll_11410885651972851864.movedfrom","enqueuedNodeIndex":13,"enqueueingNodeAnnotation":"ScriptAssemblies","enqueueingNodeIndex":4}
{"msg":"enqueueNode","enqueuedNodeAnnotation":"MovedFromExtractor Library/Bee/artifacts/movedfrom/UnityEditor.dll_3585094162227165287.movedfrom","enqueuedNodeIndex":12,"enqueueingNodeAnnotation":"ScriptAssemblies","enqueueingNodeIndex":4}
{"msg":"enqueueNode","enqueuedNodeAnnotation":"MovedFromExtractor Library/Bee/artifacts/movedfrom/UnityEditor.DeviceSimulatorModule.dll_14417288190228222291.movedfrom","enqueuedNodeIndex":11,"enqueueingNodeAnnotation":"ScriptAssemblies","enqueueingNodeIndex":4}
{"msg":"enqueueNode","enqueuedNodeAnnotation":"MovedFromExtractor Library/Bee/artifacts/movedfrom/UnityEditor.CoreModule.dll_18350613619245082574.movedfrom","enqueuedNodeIndex":10,"enqueueingNodeAnnotation":"ScriptAssemblies","enqueueingNodeIndex":4}
{"msg":"enqueueNode","enqueuedNodeAnnotation":"MovedFromExtractor Library/Bee/artifacts/movedfrom/UnityEditor.Graphs.dll_7882852280690910208.movedfrom","enqueuedNodeIndex":9,"enqueueingNodeAnnotation":"ScriptAssemblies","enqueueingNodeIndex":4}
{"msg":"enqueueNode","enqueuedNodeAnnotation":"MovedFromExtractor Library/Bee/artifacts/movedfrom/UnityEditor.WindowsStandalone.Extensions.dll_2875979694542660886.movedfrom","enqueuedNodeIndex":8,"enqueueingNodeAnnotation":"ScriptAssemblies","enqueueingNodeIndex":4}
{"msg":"enqueueNode","enqueuedNodeAnnotation":"MovedFromExtractor Library/Bee/artifacts/movedfrom/UnityEditor.iOS.Extensions.Xcode.dll_3831903352203116749.movedfrom","enqueuedNodeIndex":7,"enqueueingNodeAnnotation":"ScriptAssemblies","enqueueingNodeIndex":4}
{"msg":"enqueueNode","enqueuedNodeAnnotation":"MovedFromExtractor Library/Bee/artifacts/movedfrom/UnityEditor.iOS.Extensions.dll_9619814913521363398.movedfrom","enqueuedNodeIndex":6,"enqueueingNodeAnnotation":"ScriptAssemblies","enqueueingNodeIndex":4}
{"msg":"enqueueNode","enqueuedNodeAnnotation":"MovedFromExtractor Library/Bee/artifacts/movedfrom/UnityEditor.iOS.Extensions.Common.dll_14554185263944240623.movedfrom","enqueuedNodeIndex":5,"enqueueingNodeAnnotation":"ScriptAssemblies","enqueueingNodeIndex":4}
{"msg":"enqueueNode","enqueuedNodeAnnotation":"MovedFromExtractor Library/Bee/artifacts/movedfrom/UnityEditor.Android.Extensions.dll_17773421532358083474.movedfrom","enqueuedNodeIndex":3,"enqueueingNodeAnnotation":"ScriptAssemblies","enqueueingNodeIndex":4}
{"msg":"enqueueNode","enqueuedNodeAnnotation":"WriteText Library/Bee/artifacts/200b0aE.dag/UnityEngine.TestRunner.dll.movedfrom.rsp","enqueuedNodeIndex":88,"enqueueingNodeAnnotation":"MovedFromExtractorCombine Library/Bee/artifacts/200b0aE.dag/UnityEngine.TestRunner.dll.movedfrom","enqueueingNodeIndex":89}
{"msg":"enqueueNode","enqueuedNodeAnnotation":"WriteText Library/Bee/artifacts/200b0aE.dag/UnityEngine.UI.dll.movedfrom.rsp","enqueuedNodeIndex":92,"enqueueingNodeAnnotation":"MovedFromExtractorCombine Library/Bee/artifacts/200b0aE.dag/UnityEngine.UI.dll.movedfrom","enqueueingNodeIndex":93}
{"msg":"enqueueNode","enqueuedNodeAnnotation":"Csc Library/Bee/artifacts/200b0aE.dag/UnityEngine.TestRunner.dll (+2 others)","enqueuedNodeIndex":2,"enqueueingNodeAnnotation":"MovedFromExtractor Library/Bee/artifacts/movedfrom/UnityEngine.TestRunner.ref.dll_12266501306040867282.movedfrom","enqueueingNodeIndex":96}
{"msg":"enqueueNode","enqueuedNodeAnnotation":"WriteText Library/Bee/artifacts/200b0aE.dag/UnityEngine.TestRunner.rsp","enqueuedNodeIndex":1,"enqueueingNodeAnnotation":"Csc Library/Bee/artifacts/200b0aE.dag/UnityEngine.TestRunner.dll (+2 others)","enqueueingNodeIndex":2}
{"msg":"enqueueNode","enqueuedNodeAnnotation":"WriteText Library/Bee/artifacts/200b0aE.dag/UnityEditor.TestRunner.dll.movedfrom.rsp","enqueuedNodeIndex":97,"enqueueingNodeAnnotation":"MovedFromExtractorCombine Library/Bee/artifacts/200b0aE.dag/UnityEditor.TestRunner.dll.movedfrom","enqueueingNodeIndex":98}
{"msg":"enqueueNode","enqueuedNodeAnnotation":"Csc Library/Bee/artifacts/200b0aE.dag/UnityEditor.TestRunner.dll (+2 others)","enqueuedNodeIndex":95,"enqueueingNodeAnnotation":"MovedFromExtractor Library/Bee/artifacts/movedfrom/UnityEditor.TestRunner.ref.dll_16004969834792811495.movedfrom","enqueueingNodeIndex":101}
{"msg":"enqueueNode","enqueuedNodeAnnotation":"WriteText Library/Bee/artifacts/200b0aE.dag/UnityEditor.TestRunner.rsp","enqueuedNodeIndex":94,"enqueueingNodeAnnotation":"Csc Library/Bee/artifacts/200b0aE.dag/UnityEditor.TestRunner.dll (+2 others)","enqueueingNodeIndex":95}
{"msg":"enqueueNode","enqueuedNodeAnnotation":"Csc Library/Bee/artifacts/200b0aE.dag/UnityEngine.UI.dll (+2 others)","enqueuedNodeIndex":91,"enqueueingNodeAnnotation":"MovedFromExtractor Library/Bee/artifacts/movedfrom/UnityEngine.UI.ref.dll_8751741266572615572.movedfrom","enqueueingNodeIndex":102}
{"msg":"enqueueNode","enqueuedNodeAnnotation":"WriteText Library/Bee/artifacts/200b0aE.dag/UnityEngine.UI.rsp","enqueuedNodeIndex":90,"enqueueingNodeAnnotation":"Csc Library/Bee/artifacts/200b0aE.dag/UnityEngine.UI.dll (+2 others)","enqueueingNodeIndex":91}
{"msg":"enqueueNode","enqueuedNodeAnnotation":"WriteText Library/Bee/artifacts/200b0aE.dag/UnityEditor.UI.dll.movedfrom.rsp","enqueuedNodeIndex":103,"enqueueingNodeAnnotation":"MovedFromExtractorCombine Library/Bee/artifacts/200b0aE.dag/UnityEditor.UI.dll.movedfrom","enqueueingNodeIndex":104}
{"msg":"enqueueNode","enqueuedNodeAnnotation":"Csc Library/Bee/artifacts/200b0aE.dag/UnityEditor.UI.dll (+2 others)","enqueuedNodeIndex":100,"enqueueingNodeAnnotation":"MovedFromExtractor Library/Bee/artifacts/movedfrom/UnityEditor.UI.ref.dll_13622993002070669097.movedfrom","enqueueingNodeIndex":107}
{"msg":"enqueueNode","enqueuedNodeAnnotation":"WriteText Library/Bee/artifacts/200b0aE.dag/UnityEditor.UI.rsp","enqueuedNodeIndex":99,"enqueueingNodeAnnotation":"Csc Library/Bee/artifacts/200b0aE.dag/UnityEditor.UI.dll (+2 others)","enqueueingNodeIndex":100}
{"msg":"enqueueNode","enqueuedNodeAnnotation":"WriteText Library/Bee/artifacts/200b0aE.dag/Unity.PlasticSCM.Editor.dll.movedfrom.rsp","enqueuedNodeIndex":108,"enqueueingNodeAnnotation":"MovedFromExtractorCombine Library/Bee/artifacts/200b0aE.dag/Unity.PlasticSCM.Editor.dll.movedfrom","enqueueingNodeIndex":109}
{"msg":"enqueueNode","enqueuedNodeAnnotation":"WriteText Library/Bee/artifacts/200b0aE.dag/Unity.Rider.Editor.dll.movedfrom.rsp","enqueuedNodeIndex":112,"enqueueingNodeAnnotation":"MovedFromExtractorCombine Library/Bee/artifacts/200b0aE.dag/Unity.Rider.Editor.dll.movedfrom","enqueueingNodeIndex":113}
{"msg":"enqueueNode","enqueuedNodeAnnotation":"WriteText Library/Bee/artifacts/200b0aE.dag/Unity.TextMeshPro.dll.movedfrom.rsp","enqueuedNodeIndex":116,"enqueueingNodeAnnotation":"MovedFromExtractorCombine Library/Bee/artifacts/200b0aE.dag/Unity.TextMeshPro.dll.movedfrom","enqueueingNodeIndex":117}
{"msg":"enqueueNode","enqueuedNodeAnnotation":"WriteText Library/Bee/artifacts/200b0aE.dag/Unity.Timeline.dll.movedfrom.rsp","enqueuedNodeIndex":120,"enqueueingNodeAnnotation":"MovedFromExtractorCombine Library/Bee/artifacts/200b0aE.dag/Unity.Timeline.dll.movedfrom","enqueueingNodeIndex":121}
{"msg":"enqueueNode","enqueuedNodeAnnotation":"WriteText Library/Bee/artifacts/200b0aE.dag/Unity.VSCode.Editor.dll.movedfrom.rsp","enqueuedNodeIndex":124,"enqueueingNodeAnnotation":"MovedFromExtractorCombine Library/Bee/artifacts/200b0aE.dag/Unity.VSCode.Editor.dll.movedfrom","enqueueingNodeIndex":125}
{"msg":"enqueueNode","enqueuedNodeAnnotation":"WriteText Library/Bee/artifacts/200b0aE.dag/Unity.VisualStudio.Editor.dll.movedfrom.rsp","enqueuedNodeIndex":128,"enqueueingNodeAnnotation":"MovedFromExtractorCombine Library/Bee/artifacts/200b0aE.dag/Unity.VisualStudio.Editor.dll.movedfrom","enqueueingNodeIndex":129}
{"msg":"enqueueNode","enqueuedNodeAnnotation":"Csc Library/Bee/artifacts/200b0aE.dag/Unity.PlasticSCM.Editor.dll (+2 others)","enqueuedNodeIndex":106,"enqueueingNodeAnnotation":"MovedFromExtractor Library/Bee/artifacts/movedfrom/Unity.PlasticSCM.Editor.ref.dll_14697804982844018402.movedfrom","enqueueingNodeIndex":132}
{"msg":"enqueueNode","enqueuedNodeAnnotation":"WriteText Library/Bee/artifacts/200b0aE.dag/Unity.PlasticSCM.Editor.rsp","enqueuedNodeIndex":105,"enqueueingNodeAnnotation":"Csc Library/Bee/artifacts/200b0aE.dag/Unity.PlasticSCM.Editor.dll (+2 others)","enqueueingNodeIndex":106}
{"msg":"enqueueNode","enqueuedNodeAnnotation":"WriteText Library/Bee/artifacts/200b0aE.dag/Unity.CollabProxy.Editor.dll.movedfrom.rsp","enqueuedNodeIndex":133,"enqueueingNodeAnnotation":"MovedFromExtractorCombine Library/Bee/artifacts/200b0aE.dag/Unity.CollabProxy.Editor.dll.movedfrom","enqueueingNodeIndex":134}
{"msg":"enqueueNode","enqueuedNodeAnnotation":"Csc Library/Bee/artifacts/200b0aE.dag/Unity.TextMeshPro.dll (+2 others)","enqueuedNodeIndex":115,"enqueueingNodeAnnotation":"MovedFromExtractor Library/Bee/artifacts/movedfrom/Unity.TextMeshPro.ref.dll_16889014065229257959.movedfrom","enqueueingNodeIndex":137}
{"msg":"enqueueNode","enqueuedNodeAnnotation":"WriteText Library/Bee/artifacts/200b0aE.dag/Unity.TextMeshPro.rsp","enqueuedNodeIndex":114,"enqueueingNodeAnnotation":"Csc Library/Bee/artifacts/200b0aE.dag/Unity.TextMeshPro.dll (+2 others)","enqueueingNodeIndex":115}
{"msg":"enqueueNode","enqueuedNodeAnnotation":"WriteText Library/Bee/artifacts/200b0aE.dag/Unity.TextMeshPro.Editor.dll.movedfrom.rsp","enqueuedNodeIndex":138,"enqueueingNodeAnnotation":"MovedFromExtractorCombine Library/Bee/artifacts/200b0aE.dag/Unity.TextMeshPro.Editor.dll.movedfrom","enqueueingNodeIndex":139}
{"msg":"enqueueNode","enqueuedNodeAnnotation":"Csc Library/Bee/artifacts/200b0aE.dag/Unity.Timeline.dll (+2 others)","enqueuedNodeIndex":119,"enqueueingNodeAnnotation":"MovedFromExtractor Library/Bee/artifacts/movedfrom/Unity.Timeline.ref.dll_15173368180737704387.movedfrom","enqueueingNodeIndex":142}
{"msg":"enqueueNode","enqueuedNodeAnnotation":"WriteText Library/Bee/artifacts/200b0aE.dag/Unity.Timeline.rsp","enqueuedNodeIndex":118,"enqueueingNodeAnnotation":"Csc Library/Bee/artifacts/200b0aE.dag/Unity.Timeline.dll (+2 others)","enqueueingNodeIndex":119}
{"msg":"enqueueNode","enqueuedNodeAnnotation":"WriteText Library/Bee/artifacts/200b0aE.dag/Unity.Timeline.Editor.dll.movedfrom.rsp","enqueuedNodeIndex":143,"enqueueingNodeAnnotation":"MovedFromExtractorCombine Library/Bee/artifacts/200b0aE.dag/Unity.Timeline.Editor.dll.movedfrom","enqueueingNodeIndex":144}
{"msg":"enqueueNode","enqueuedNodeAnnotation":"Csc Library/Bee/artifacts/200b0aE.dag/Unity.Rider.Editor.dll (+2 others)","enqueuedNodeIndex":111,"enqueueingNodeAnnotation":"MovedFromExtractor Library/Bee/artifacts/movedfrom/Unity.Rider.Editor.ref.dll_11706774018472298211.movedfrom","enqueueingNodeIndex":147}
{"msg":"enqueueNode","enqueuedNodeAnnotation":"WriteText Library/Bee/artifacts/200b0aE.dag/Unity.Rider.Editor.rsp","enqueuedNodeIndex":110,"enqueueingNodeAnnotation":"Csc Library/Bee/artifacts/200b0aE.dag/Unity.Rider.Editor.dll (+2 others)","enqueueingNodeIndex":111}
{"msg":"enqueueNode","enqueuedNodeAnnotation":"Csc Library/Bee/artifacts/200b0aE.dag/Unity.TextMeshPro.Editor.dll (+2 others)","enqueuedNodeIndex":136,"enqueueingNodeAnnotation":"MovedFromExtractor Library/Bee/artifacts/movedfrom/Unity.TextMeshPro.Editor.ref.dll_14247004639641441850.movedfrom","enqueueingNodeIndex":148}
{"msg":"enqueueNode","enqueuedNodeAnnotation":"WriteText Library/Bee/artifacts/200b0aE.dag/Unity.TextMeshPro.Editor.rsp","enqueuedNodeIndex":135,"enqueueingNodeAnnotation":"Csc Library/Bee/artifacts/200b0aE.dag/Unity.TextMeshPro.Editor.dll (+2 others)","enqueueingNodeIndex":136}
{"msg":"enqueueNode","enqueuedNodeAnnotation":"Csc Library/Bee/artifacts/200b0aE.dag/Unity.Timeline.Editor.dll (+2 others)","enqueuedNodeIndex":141,"enqueueingNodeAnnotation":"MovedFromExtractor Library/Bee/artifacts/movedfrom/Unity.Timeline.Editor.ref.dll_1370744938779439902.movedfrom","enqueueingNodeIndex":149}
{"msg":"enqueueNode","enqueuedNodeAnnotation":"WriteText Library/Bee/artifacts/200b0aE.dag/Unity.Timeline.Editor.rsp","enqueuedNodeIndex":140,"enqueueingNodeAnnotation":"Csc Library/Bee/artifacts/200b0aE.dag/Unity.Timeline.Editor.dll (+2 others)","enqueueingNodeIndex":141}
{"msg":"enqueueNode","enqueuedNodeAnnotation":"Csc Library/Bee/artifacts/200b0aE.dag/Unity.VSCode.Editor.dll (+2 others)","enqueuedNodeIndex":123,"enqueueingNodeAnnotation":"MovedFromExtractor Library/Bee/artifacts/movedfrom/Unity.VSCode.Editor.ref.dll_6388319242899333029.movedfrom","enqueueingNodeIndex":150}
{"msg":"enqueueNode","enqueuedNodeAnnotation":"WriteText Library/Bee/artifacts/200b0aE.dag/Unity.VSCode.Editor.rsp","enqueuedNodeIndex":122,"enqueueingNodeAnnotation":"Csc Library/Bee/artifacts/200b0aE.dag/Unity.VSCode.Editor.dll (+2 others)","enqueueingNodeIndex":123}
{"msg":"enqueueNode","enqueuedNodeAnnotation":"Csc Library/Bee/artifacts/200b0aE.dag/Unity.VisualStudio.Editor.dll (+2 others)","enqueuedNodeIndex":127,"enqueueingNodeAnnotation":"MovedFromExtractor Library/Bee/artifacts/movedfrom/Unity.VisualStudio.Editor.ref.dll_17544914859700520121.movedfrom","enqueueingNodeIndex":151}
{"msg":"enqueueNode","enqueuedNodeAnnotation":"WriteText Library/Bee/artifacts/200b0aE.dag/Unity.VisualStudio.Editor.rsp","enqueuedNodeIndex":126,"enqueueingNodeAnnotation":"Csc Library/Bee/artifacts/200b0aE.dag/Unity.VisualStudio.Editor.dll (+2 others)","enqueueingNodeIndex":127}
{"msg":"enqueueNode","enqueuedNodeAnnotation":"WriteText Library/Bee/artifacts/200b0aE.dag/Assembly-CSharp.dll.movedfrom.rsp","enqueuedNodeIndex":152,"enqueueingNodeAnnotation":"MovedFromExtractorCombine Library/Bee/artifacts/200b0aE.dag/Assembly-CSharp.dll.movedfrom","enqueueingNodeIndex":153}
{"msg":"enqueueNode","enqueuedNodeAnnotation":"Csc Library/Bee/artifacts/200b0aE.dag/Unity.CollabProxy.Editor.dll (+2 others)","enqueuedNodeIndex":131,"enqueueingNodeAnnotation":"CopyTool Library/ScriptAssemblies/Unity.CollabProxy.Editor.dll","enqueueingNodeIndex":174}
{"msg":"enqueueNode","enqueuedNodeAnnotation":"WriteText Library/Bee/artifacts/200b0aE.dag/Unity.CollabProxy.Editor.rsp","enqueuedNodeIndex":130,"enqueueingNodeAnnotation":"Csc Library/Bee/artifacts/200b0aE.dag/Unity.CollabProxy.Editor.dll (+2 others)","enqueueingNodeIndex":131}
{"msg":"enqueueNode","enqueuedNodeAnnotation":"Csc Library/Bee/artifacts/200b0aE.dag/Assembly-CSharp.dll (+2 others)","enqueuedNodeIndex":146,"enqueueingNodeAnnotation":"CopyTool Library/ScriptAssemblies/Assembly-CSharp.dll","enqueueingNodeIndex":180}
{"msg":"enqueueNode","enqueuedNodeAnnotation":"WriteText Library/Bee/artifacts/200b0aE.dag/Assembly-CSharp.rsp","enqueuedNodeIndex":145,"enqueueingNodeAnnotation":"Csc Library/Bee/artifacts/200b0aE.dag/Assembly-CSharp.dll (+2 others)","enqueueingNodeIndex":146}
{"msg":"inputSignatureChanged","annotation":"WriteText Library/Bee/artifacts/200b0aE.dag/Assembly-CSharp.rsp","index":145,"changes":[{"key":"Action","value":"-target:library\n-out:\"Library/Bee/artifacts/200b0aE.dag/Assembly-CSharp.dll\"\n-refout:\"Library/Bee/artifacts/200b0aE.dag/Assembly-CSharp.ref.dll\"\n-define:UNITY_2021_1_24\n-define:UNITY_2021_1\n-define:UNITY_2021\n-define:UNITY_5_3_OR_NEWER\n-define:UNITY_5_4_OR_NEWER\n-define:UNITY_5_5_OR_NEWER\n-define:UNITY_5_6_OR_NEWER\n-define:UNITY_2017_1_OR_NEWER\n-define:UNITY_2017_2_OR_NEWER\n-define:UNITY_2017_3_OR_NEWER\n-define:UNITY_2017_4_OR_NEWER\n-define:UNITY_2018_1_OR_NEWER\n-define:UNITY_2018_2_OR_NEWER\n-define:UNITY_2018_3_OR_NEWER\n-define:UNITY_2018_4_OR_NEWER\n-define:UNITY_2019_1_OR_NEWER\n-define:UNITY_2019_2_OR_NEWER\n-define:UNITY_2019_3_OR_NEWER\n-define:UNITY_2019_4_OR_NEWER\n-define:UNITY_2020_1_OR_NEWER\n-define:UNITY_2020_2_OR_NEWER\n-define:UNITY_2020_3_OR_NEWER\n-define:UNITY_2021_1_OR_NEWER\n-define:PLATFORM_ARCH_64\n-define:UNITY_64\n-define:UNITY_INCLUDE_TESTS\n-define:USE_SEARCH_ENGINE_API\n-define:USE_QUICK_SEARCH_MODULE\n-define:SCENE_TEMPLATE_MODULE\n-define:ENABLE_AR\n-define:ENABLE_AUDIO\n-define:ENABLE_CACHING\n-define:ENABLE_CLOTH\n-define:ENABLE_MICROPHONE\n-define:ENABLE_MULTIPLE_DISPLAYS\n-define:ENABLE_PHYSICS\n-define:ENABLE_TEXTURE_STREAMING\n-define:ENABLE_VIRTUALTEXTURING\n-define:ENABLE_UNET\n-define:ENABLE_LZMA\n-define:ENABLE_UNITYEVENTS\n-define:ENABLE_VR\n-define:ENABLE_WEBCAM\n-define:ENABLE_UNITYWEBREQUEST\n-define:ENABLE_WWW\n-define:ENABLE_CLOUD_SERVICES\n-define:ENABLE_CLOUD_SERVICES_COLLAB\n-define:ENABLE_CLOUD_SERVICES_COLLAB_SOFTLOCKS\n-define:ENABLE_CLOUD_SERVICES_ADS\n-define:ENABLE_CLOUD_SERVICES_USE_WEBREQUEST\n-define:ENABLE_CLOUD_SERVICES_CRASH_REPORTING\n-define:ENABLE_CLOUD_SERVICES_NATIVE_CRASH_REPORTING\n-define:ENABLE_CLOUD_SERVICES_PURCHASING\n-define:ENABLE_CLOUD_SERVICES_ANALYTICS\n-define:ENABLE_CLOUD_SERVICES_UNET\n-define:ENABLE_CLOUD_SERVICES_BUILD\n-define:ENABLE_CLOUD_LICENSE\n-define:ENABLE_EDITOR_HUB_LICENSE\n-define:ENABLE_WEBSOCKET_CLIENT\n-define:ENABLE_DIRECTOR_AUDIO\n-define:ENABLE_DIRECTOR_TEXTURE\n-define:ENABLE_MANAGED_JOBS\n-define:ENABLE_MANAGED_TRANSFORM_JOBS\n-define:ENABLE_MANAGED_ANIMATION_JOBS\n-define:ENABLE_MANAGED_AUDIO_JOBS\n-define:INCLUDE_DYNAMIC_GI\n-define:ENABLE_MONO_BDWGC\n-define:ENABLE_SCRIPTING_GC_WBARRIERS\n-define:PLATFORM_SUPPORTS_MONO\n-define:RENDER_SOFTWARE_CURSOR\n-define:ENABLE_VIDEO\n-define:PLATFORM_STANDALONE\n-define:PLATFORM_STANDALONE_OSX\n-define:UNITY_STANDALONE_OSX\n-define:UNITY_STANDALONE\n-define:ENABLE_GAMECENTER\n-define:ENABLE_RUNTIME_GI\n-define:ENABLE_MOVIES\n-define:ENABLE_NETWORK\n-define:ENABLE_CRUNCH_TEXTURE_COMPRESSION\n-define:ENABLE_CLUSTER_SYNC\n-define:ENABLE_CLUSTERINPUT\n-define:ENABLE_SPATIALTRACKING\n-define:PLATFORM_UPDATES_TIME_OUTSIDE_OF_PLAYER_LOOP\n-define:ENABLE_WEBSOCKET_HOST\n-define:ENABLE_MONO\n-define:NET_STANDARD_2_0\n-define:ENABLE_PROFILER\n-define:DEBUG\n-define:TRACE\n-define:UNITY_ASSERTIONS\n-define:UNITY_EDITOR\n-define:UNITY_EDITOR_64\n-define:UNITY_EDITOR_OSX\n-define:ENABLE_UNITY_COLLECTIONS_CHECKS\n-define:ENABLE_BURST_AOT\n-define:UNITY_TEAM_LICENSE\n-define:ENABLE_CUSTOM_RENDER_TEXTURE\n-define:ENABLE_DIRECTOR\n-define:ENABLE_LOCALIZATION\n-define:ENABLE_SPRITES\n-define:ENABLE_TERRAIN\n-define:ENABLE_TILEMAP\n-define:ENABLE_TIMELINE\n-define:ENABLE_LEGACY_INPUT_MANAGER\n-define:CSHARP_7_OR_LATER\n-define:CSHARP_7_3_OR_NEWER\n-r:\"/Applications/Unity/Hub/Editor/2021.1.24f1/PlaybackEngines/iOSSupport/UnityEditor.iOS.Extensions.Common.dll\"\n-r:\"/Applications/Unity/Hub/Editor/2021.1.24f1/PlaybackEngines/iOSSupport/UnityEditor.iOS.Extensions.Xcode.dll\"\n-r:\"/Applications/Unity/Hub/Editor/2021.1.24f1/Unity.app/Contents/Managed/UnityEngine/UnityEditor.CoreModule.dll\"\n-r:\"/Applications/Unity/Hub/Editor/2021.1.24f1/Unity.app/Contents/Managed/UnityEngine/UnityEditor.DeviceSimulatorModule.dll\"\n-r:\"/Applications/Unity/Hub/Editor/2021.1.24f1/Unity.app/Contents/Managed/UnityEngine/UnityEditor.dll\"\n-r:\"/Applications/Unity/Hub/Editor/2021.1.24f1/Unity.app/Contents/Managed/UnityEngine/UnityEditor.GraphViewModule.dll\"\n-r:\"/Applications/Unity/Hub/Editor/2021.1.24f1/Unity.app/Contents/Managed/UnityEngine/UnityEditor.PackageManagerUIModule.dll\"\n-r:\"/Applications/Unity/Hub/Editor/2021.1.24f1/Unity.app/Contents/Managed/UnityEngine/UnityEditor.QuickSearchModule.dll\"\n-r:\"/Applications/Unity/Hub/Editor/2021.1.24f1/Unity.app/Contents/Managed/UnityEngine/UnityEditor.SceneTemplateModule.dll\"\n-r:\"/Applications/Unity/Hub/Editor/2021.1.24f1/Unity.app/Contents/Managed/UnityEngine/UnityEditor.UIBuilderModule.dll\"\n-r:\"/Applications/Unity/Hub/Editor/2021.1.24f1/Unity.app/Contents/Managed/UnityEngine/UnityEditor.UIElementsModule.dll\"\n-r:\"/Applications/Unity/Hub/Editor/2021.1.24f1/Unity.app/Contents/Managed/UnityEngine/UnityEditor.UIElementsSamplesModule.dll\"\n-r:\"/Applications/Unity/Hub/Editor/2021.1.24f1/Unity.app/Contents/Managed/UnityEngine/UnityEditor.UIServiceModule.dll\"\n-r:\"/Applications/Unity/Hub/Editor/2021.1.24f1/Unity.app/Contents/Managed/UnityEngine/UnityEditor.UnityConnectModule.dll\"\n-r:\"/Applications/Unity/Hub/Editor/2021.1.24f1/Unity.app/Contents/Managed/UnityEngine/UnityEngine.AccessibilityModule.dll\"\n-r:\"/Applications/Unity/Hub/Editor/2021.1.24f1/Unity.app/Contents/Managed/UnityEngine/UnityEngine.AIModule.dll\"\n-r:\"/Applications/Unity/Hub/Editor/2021.1.24f1/Unity.app/Contents/Managed/UnityEngine/UnityEngine.AndroidJNIModule.dll\"\n-r:\"/Applications/Unity/Hub/Editor/2021.1.24f1/Unity.app/Contents/Managed/UnityEngine/UnityEngine.AnimationModule.dll\"\n-r:\"/Applications/Unity/Hub/Editor/2021.1.24f1/Unity.app/Contents/Managed/UnityEngine/UnityEngine.ARModule.dll\"\n-r:\"/Applications/Unity/Hub/Editor/2021.1.24f1/Unity.app/Contents/Managed/UnityEngine/UnityEngine.AssetBundleModule.dll\"\n-r:\"/Applications/Unity/Hub/Editor/2021.1.24f1/Unity.app/Contents/Managed/UnityEngine/UnityEngine.AudioModule.dll\"\n-r:\"/Applications/Unity/Hub/Editor/2021.1.24f1/Unity.app/Contents/Managed/UnityEngine/UnityEngine.ClothModule.dll\"\n-r:\"/Applications/Unity/Hub/Editor/2021.1.24f1/Unity.app/Contents/Managed/UnityEngine/UnityEngine.ClusterInputModule.dll\"\n-r:\"/Applications/Unity/Hub/Editor/2021.1.24f1/Unity.app/Contents/Managed/UnityEngine/UnityEngine.ClusterRendererModule.dll\"\n-r:\"/Applications/Unity/Hub/Editor/2021.1.24f1/Unity.app/Contents/Managed/UnityEngine/UnityEngine.CoreModule.dll\"\n-r:\"/Applications/Unity/Hub/Editor/2021.1.24f1/Unity.app/Contents/Managed/UnityEngine/UnityEngine.CrashReportingModule.dll\"\n-r:\"/Applications/Unity/Hub/Editor/2021.1.24f1/Unity.app/Contents/Managed/UnityEngine/UnityEngine.DirectorModule.dll\"\n-r:\"/Applications/Unity/Hub/Editor/2021.1.24f1/Unity.app/Contents/Managed/UnityEngine/UnityEngine.dll\"\n-r:\"/Applications/Unity/Hub/Editor/2021.1.24f1/Unity.app/Contents/Managed/UnityEngine/UnityEngine.DSPGraphModule.dll\"\n-r:\"/Applications/Unity/Hub/Editor/2021.1.24f1/Unity.app/Contents/Managed/UnityEngine/UnityEngine.GameCenterModule.dll\"\n-r:\"/Applications/Unity/Hub/Editor/2021.1.24f1/Unity.app/Contents/Managed/UnityEngine/UnityEngine.GIModule.dll\"\n-r:\"/Applications/Unity/Hub/Editor/2021.1.24f1/Unity.app/Contents/Managed/UnityEngine/UnityEngine.GridModule.dll\"\n-r:\"/Applications/Unity/Hub/Editor/2021.1.24f1/Unity.app/Contents/Managed/UnityEngine/UnityEngine.HotReloadModule.dll\"\n-r:\"/Applications/Unity/Hub/Editor/2021.1.24f1/Unity.app/Contents/Managed/UnityEngine/UnityEngine.ImageConversionModule.dll\"\n-r:\"/Applications/Unity/Hub/Editor/2021.1.24f1/Unity.app/Contents/Managed/UnityEngine/UnityEngine.IMGUIModule.dll\"\n-r:\"/Applications/Unity/Hub/Editor/2021.1.24f1/Unity.app/Contents/Managed/UnityEngine/UnityEngine.InputLegacyModule.dll\"\n-r:\"/Applications/Unity/Hub/Editor/2021.1.24f1/Unity.app/Contents/Managed/UnityEngine/UnityEngine.InputModule.dll\"\n-r:\"/Applications/Unity/Hub/Editor/2021.1.24f1/Unity.app/Contents/Managed/UnityEngine/UnityEngine.JSONSerializeModule.dll\"\n-r:\"/Applications/Unity/Hub/Editor/2021.1.24f1/Unity.app/Contents/Managed/UnityEngine/UnityEngine.LocalizationModule.dll\"\n-r:\"/Applications/Unity/Hub/Editor/2021.1.24f1/Unity.app/Contents/Managed/UnityEngine/UnityEngine.ParticleSystemModule.dll\"\n-r:\"/Applications/Unity/Hub/Editor/2021.1.24f1/Unity.app/Contents/Managed/UnityEngine/UnityEngine.PerformanceReportingModule.dll\"\n-r:\"/Applications/Unity/Hub/Editor/2021.1.24f1/Unity.app/Contents/Managed/UnityEngine/UnityEngine.Physics2DModule.dll\"\n-r:\"/Applications/Unity/Hub/Editor/2021.1.24f1/Unity.app/Contents/Managed/UnityEngine/UnityEngine.PhysicsModule.dll\"\n-r:\"/Applications/Unity/Hub/Editor/2021.1.24f1/Unity.app/Contents/Managed/UnityEngine/UnityEngine.ProfilerModule.dll\"\n-r:\"/Applications/Unity/Hub/Editor/2021.1.24f1/Unity.app/Contents/Managed/UnityEngine/UnityEngine.RuntimeInitializeOnLoadManagerInitializerModule.dll\"\n-r:\"/Applications/Unity/Hub/Editor/2021.1.24f1/Unity.app/Contents/Managed/UnityEngine/UnityEngine.ScreenCaptureModule.dll\"\n-r:\"/Applications/Unity/Hub/Editor/2021.1.24f1/Unity.app/Contents/Managed/UnityEngine/UnityEngine.SharedInternalsModule.dll\"\n-r:\"/Applications/Unity/Hub/Editor/2021.1.24f1/Unity.app/Contents/Managed/UnityEngine/UnityEngine.SpriteMaskModule.dll\"\n-r:\"/Applications/Unity/Hub/Editor/2021.1.24f1/Unity.app/Contents/Managed/UnityEngine/UnityEngine.SpriteShapeModule.dll\"\n-r:\"/Applications/Unity/Hub/Editor/2021.1.24f1/Unity.app/Contents/Managed/UnityEngine/UnityEngine.StreamingModule.dll\"\n-r:\"/Applications/Unity/Hub/Editor/2021.1.24f1/Unity.app/Contents/Managed/UnityEngine/UnityEngine.SubstanceModule.dll\"\n-r:\"/Applications/Unity/Hub/Editor/2021.1.24f1/Unity.app/Contents/Managed/UnityEngine/UnityEngine.SubsystemsModule.dll\"\n-r:\"/Applications/Unity/Hub/Editor/2021.1.24f1/Unity.app/Contents/Managed/UnityEngine/UnityEngine.TerrainModule.dll\"\n-r:\"/Applications/Unity/Hub/Editor/2021.1.24f1/Unity.app/Contents/Managed/UnityEngine/UnityEngine.TerrainPhysicsModule.dll\"\n-r:\"/Applications/Unity/Hub/Editor/2021.1.24f1/Unity.app/Contents/Managed/UnityEngine/UnityEngine.TextCoreModule.dll\"\n-r:\"/Applications/Unity/Hub/Editor/2021.1.24f1/Unity.app/Contents/Managed/UnityEngine/UnityEngine.TextRenderingModule.dll\"\n-r:\"/Applications/Unity/Hub/Editor/2021.1.24f1/Unity.app/Contents/Managed/UnityEngine/UnityEngine.TilemapModule.dll\"\n-r:\"/Applications/Unity/Hub/Editor/2021.1.24f1/Unity.app/Contents/Managed/UnityEngine/UnityEngine.TLSModule.dll\"\n-r:\"/Applications/Unity/Hub/Editor/2021.1.24f1/Unity.app/Contents/Managed/UnityEngine/UnityEngine.UIElementsModule.dll\"\n-r:\"/Applications/Unity/Hub/Editor/2021.1.24f1/Unity.app/Contents/Managed/UnityEngine/UnityEngine.UIElementsNativeModule.dll\"\n-r:\"/Applications/Unity/Hub/Editor/2021.1.24f1/Unity.app/Contents/Managed/UnityEngine/UnityEngine.UIModule.dll\"\n-r:\"/Applications/Unity/Hub/Editor/2021.1.24f1/Unity.app/Contents/Managed/UnityEngine/UnityEngine.UmbraModule.dll\"\n-r:\"/Applications/Unity/Hub/Editor/2021.1.24f1/Unity.app/Contents/Managed/UnityEngine/UnityEngine.UNETModule.dll\"\n-r:\"/Applications/Unity/Hub/Editor/2021.1.24f1/Unity.app/Contents/Managed/UnityEngine/UnityEngine.UnityAnalyticsModule.dll\"\n-r:\"/Applications/Unity/Hub/Editor/2021.1.24f1/Unity.app/Contents/Managed/UnityEngine/UnityEngine.UnityConnectModule.dll\"\n-r:\"/Applications/Unity/Hub/Editor/2021.1.24f1/Unity.app/Contents/Managed/UnityEngine/UnityEngine.UnityCurlModule.dll\"\n-r:\"/Applications/Unity/Hub/Editor/2021.1.24f1/Unity.app/Contents/Managed/UnityEngine/UnityEngine.UnityTestProtocolModule.dll\"\n-r:\"/Applications/Unity/Hub/Editor/2021.1.24f1/Unity.app/Contents/Managed/UnityEngine/UnityEngine.UnityWebRequestAssetBundleModule.dll\"\n-r:\"/Applications/Unity/Hub/Editor/2021.1.24f1/Unity.app/Contents/Managed/UnityEngine/UnityEngine.UnityWebRequestAudioModule.dll\"\n-r:\"/Applications/Unity/Hub/Editor/2021.1.24f1/Unity.app/Contents/Managed/UnityEngine/UnityEngine.UnityWebRequestModule.dll\"\n-r:\"/Applications/Unity/Hub/Editor/2021.1.24f1/Unity.app/Contents/Managed/UnityEngine/UnityEngine.UnityWebRequestTextureModule.dll\"\n-r:\"/Applications/Unity/Hub/Editor/2021.1.24f1/Unity.app/Contents/Managed/UnityEngine/UnityEngine.UnityWebRequestWWWModule.dll\"\n-r:\"/Applications/Unity/Hub/Editor/2021.1.24f1/Unity.app/Contents/Managed/UnityEngine/UnityEngine.VehiclesModule.dll\"\n-r:\"/Applications/Unity/Hub/Editor/2021.1.24f1/Unity.app/Contents/Managed/UnityEngine/UnityEngine.VFXModule.dll\"\n-r:\"/Applications/Unity/Hub/Editor/2021.1.24f1/Unity.app/Contents/Managed/UnityEngine/UnityEngine.VideoModule.dll\"\n-r:\"/Applications/Unity/Hub/Editor/2021.1.24f1/Unity.app/Contents/Managed/UnityEngine/UnityEngine.VirtualTexturingModule.dll\"\n-r:\"/Applications/Unity/Hub/Editor/2021.1.24f1/Unity.app/Contents/Managed/UnityEngine/UnityEngine.VRModule.dll\"\n-r:\"/Applications/Unity/Hub/Editor/2021.1.24f1/Unity.app/Contents/Managed/UnityEngine/UnityEngine.WindModule.dll\"\n-r:\"/Applications/Unity/Hub/Editor/2021.1.24f1/Unity.app/Contents/Managed/UnityEngine/UnityEngine.XRModule.dll\"\n-r:\"/Applications/Unity/Hub/Editor/2021.1.24f1/Unity.app/Contents/NetStandard/compat/2.0.0/shims/netfx/mscorlib.dll\"\n-r:\"/Applications/Unity/Hub/Editor/2021.1.24f1/Unity.app/Contents/NetStandard/compat/2.0.0/shims/netfx/System.ComponentModel.Composition.dll\"\n-r:\"/Applications/Unity/Hub/Editor/2021.1.24f1/Unity.app/Contents/NetStandard/compat/2.0.0/shims/netfx/System.Core.dll\"\n-r:\"/Applications/Unity/Hub/Editor/2021.1.24f1/Unity.app/Contents/NetStandard/compat/2.0.0/shims/netfx/System.Data.dll\"\n-r:\"/Applications/Unity/Hub/Editor/2021.1.24f1/Unity.app/Contents/NetStandard/compat/2.0.0/shims/netfx/System.dll\"\n-r:\"/Applications/Unity/Hub/Editor/2021.1.24f1/Unity.app/Contents/NetStandard/compat/2.0.0/shims/netfx/System.Drawing.dll\"\n-r:\"/Applications/Unity/Hub/Editor/2021.1.24f1/Unity.app/Contents/NetStandard/compat/2.0.0/shims/netfx/System.IO.Compression.FileSystem.dll\"\n-r:\"/Applications/Unity/Hub/Editor/2021.1.24f1/Unity.app/Contents/NetStandard/compat/2.0.0/shims/netfx/System.Net.dll\"\n-r:\"/Applications/Unity/Hub/Editor/2021.1.24f1/Unity.app/Contents/NetStandard/compat/2.0.0/shims/netfx/System.Numerics.dll\"\n-r:\"/Applications/Unity/Hub/Editor/2021.1.24f1/Unity.app/Contents/NetStandard/compat/2.0.0/shims/netfx/System.Runtime.Serialization.dll\"\n-r:\"/Applications/Unity/Hub/Editor/2021.1.24f1/Unity.app/Contents/NetStandard/compat/2.0.0/shims/netfx/System.ServiceModel.Web.dll\"\n-r:\"/Applications/Unity/Hub/Editor/2021.1.24f1/Unity.app/Contents/NetStandard/compat/2.0.0/shims/netfx/System.Transactions.dll\"\n-r:\"/Applications/Unity/Hub/Editor/2021.1.24f1/Unity.app/Contents/NetStandard/compat/2.0.0/shims/netfx/System.Web.dll\"\n-r:\"/Applications/Unity/Hub/Editor/2021.1.24f1/Unity.app/Contents/NetStandard/compat/2.0.0/shims/netfx/System.Windows.dll\"\n-r:\"/Applications/Unity/Hub/Editor/2021.1.24f1/Unity.app/Contents/NetStandard/compat/2.0.0/shims/netfx/System.Xml.dll\"\n-r:\"/Applications/Unity/Hub/Editor/2021.1.24f1/Unity.app/Contents/NetStandard/compat/2.0.0/shims/netfx/System.Xml.Linq.dll\"\n-r:\"/Applications/Unity/Hub/Editor/2021.1.24f1/Unity.app/Contents/NetStandard/compat/2.0.0/shims/netfx/System.Xml.Serialization.dll\"\n-r:\"/Applications/Unity/Hub/Editor/2021.1.24f1/Unity.app/Contents/NetStandard/compat/2.0.0/shims/netstandard/Microsoft.Win32.Primitives.dll\"\n-r:\"/Applications/Unity/Hub/Editor/2021.1.24f1/Unity.app/Contents/NetStandard/compat/2.0.0/shims/netstandard/System.AppContext.dll\"\n-r:\"/Applications/Unity/Hub/Editor/2021.1.24f1/Unity.app/Contents/NetStandard/compat/2.0.0/shims/netstandard/System.Collections.Concurrent.dll\"\n-r:\"/Applications/Unity/Hub/Editor/2021.1.24f1/Unity.app/Contents/NetStandard/compat/2.0.0/shims/netstandard/System.Collections.dll\"\n-r:\"/Applications/Unity/Hub/Editor/2021.1.24f1/Unity.app/Contents/NetStandard/compat/2.0.0/shims/netstandard/System.Collections.NonGeneric.dll\"\n-r:\"/Applications/Unity/Hub/Editor/2021.1.24f1/Unity.app/Contents/NetStandard/compat/2.0.0/shims/netstandard/System.Collections.Specialized.dll\"\n-r:\"/Applications/Unity/Hub/Editor/2021.1.24f1/Unity.app/Contents/NetStandard/compat/2.0.0/shims/netstandard/System.ComponentModel.dll\"\n-r:\"/Applications/Unity/Hub/Editor/2021.1.24f1/Unity.app/Contents/NetStandard/compat/2.0.0/shims/netstandard/System.ComponentModel.EventBasedAsync.dll\"\n-r:\"/Applications/Unity/Hub/Editor/2021.1.24f1/Unity.app/Contents/NetStandard/compat/2.0.0/shims/netstandard/System.ComponentModel.Primitives.dll\"\n-r:\"/Applications/Unity/Hub/Editor/2021.1.24f1/Unity.app/Contents/NetStandard/compat/2.0.0/shims/netstandard/System.ComponentModel.TypeConverter.dll\"\n-r:\"/Applications/Unity/Hub/Editor/2021.1.24f1/Unity.app/Contents/NetStandard/compat/2.0.0/shims/netstandard/System.Console.dll\"\n-r:\"/Applications/Unity/Hub/Editor/2021.1.24f1/Unity.app/Contents/NetStandard/compat/2.0.0/shims/netstandard/System.Data.Common.dll\"\n-r:\"/Applications/Unity/Hub/Editor/2021.1.24f1/Unity.app/Contents/NetStandard/compat/2.0.0/shims/netstandard/System.Diagnostics.Contracts.dll\"\n-r:\"/Applications/Unity/Hub/Editor/2021.1.24f1/Unity.app/Contents/NetStandard/compat/2.0.0/shims/netstandard/System.Diagnostics.Debug.dll\"\n-r:\"/Applications/Unity/Hub/Editor/2021.1.24f1/Unity.app/Contents/NetStandard/compat/2.0.0/shims/netstandard/System.Diagnostics.FileVersionInfo.dll\"\n-r:\"/Applications/Unity/Hub/Editor/2021.1.24f1/Unity.app/Contents/NetStandard/compat/2.0.0/shims/netstandard/System.Diagnostics.Process.dll\"\n-r:\"/Applications/Unity/Hub/Editor/2021.1.24f1/Unity.app/Contents/NetStandard/compat/2.0.0/shims/netstandard/System.Diagnostics.StackTrace.dll\"\n-r:\"/Applications/Unity/Hub/Editor/2021.1.24f1/Unity.app/Contents/NetStandard/compat/2.0.0/shims/netstandard/System.Diagnostics.TextWriterTraceListener.dll\"\n-r:\"/Applications/Unity/Hub/Editor/2021.1.24f1/Unity.app/Contents/NetStandard/compat/2.0.0/shims/netstandard/System.Diagnostics.Tools.dll\"\n-r:\"/Applications/Unity/Hub/Editor/2021.1.24f1/Unity.app/Contents/NetStandard/compat/2.0.0/shims/netstandard/System.Diagnostics.TraceSource.dll\"\n-r:\"/Applications/Unity/Hub/Editor/2021.1.24f1/Unity.app/Contents/NetStandard/compat/2.0.0/shims/netstandard/System.Diagnostics.Tracing.dll\"\n-r:\"/Applications/Unity/Hub/Editor/2021.1.24f1/Unity.app/Contents/NetStandard/compat/2.0.0/shims/netstandard/System.Drawing.Primitives.dll\"\n-r:\"/Applications/Unity/Hub/Editor/2021.1.24f1/Unity.app/Contents/NetStandard/compat/2.0.0/shims/netstandard/System.Dynamic.Runtime.dll\"\n-r:\"/Applications/Unity/Hub/Editor/2021.1.24f1/Unity.app/Contents/NetStandard/compat/2.0.0/shims/netstandard/System.Globalization.Calendars.dll\"\n-r:\"/Applications/Unity/Hub/Editor/2021.1.24f1/Unity.app/Contents/NetStandard/compat/2.0.0/shims/netstandard/System.Globalization.dll\"\n-r:\"/Applications/Unity/Hub/Editor/2021.1.24f1/Unity.app/Contents/NetStandard/compat/2.0.0/shims/netstandard/System.Globalization.Extensions.dll\"\n-r:\"/Applications/Unity/Hub/Editor/2021.1.24f1/Unity.app/Contents/NetStandard/compat/2.0.0/shims/netstandard/System.IO.Compression.dll\"\n-r:\"/Applications/Unity/Hub/Editor/2021.1.24f1/Unity.app/Contents/NetStandard/compat/2.0.0/shims/netstandard/System.IO.Compression.ZipFile.dll\"\n-r:\"/Applications/Unity/Hub/Editor/2021.1.24f1/Unity.app/Contents/NetStandard/compat/2.0.0/shims/netstandard/System.IO.dll\"\n-r:\"/Applications/Unity/Hub/Editor/2021.1.24f1/Unity.app/Contents/NetStandard/compat/2.0.0/shims/netstandard/System.IO.FileSystem.dll\"\n-r:\"/Applications/Unity/Hub/Editor/2021.1.24f1/Unity.app/Contents/NetStandard/compat/2.0.0/shims/netstandard/System.IO.FileSystem.DriveInfo.dll\"\n-r:\"/Applications/Unity/Hub/Editor/2021.1.24f1/Unity.app/Contents/NetStandard/compat/2.0.0/shims/netstandard/System.IO.FileSystem.Primitives.dll\"\n-r:\"/Applications/Unity/Hub/Editor/2021.1.24f1/Unity.app/Contents/NetStandard/compat/2.0.0/shims/netstandard/System.IO.FileSystem.Watcher.dll\"\n-r:\"/Applications/Unity/Hub/Editor/2021.1.24f1/Unity.app/Contents/NetStandard/compat/2.0.0/shims/netstandard/System.IO.IsolatedStorage.dll\"\n-r:\"/Applications/Unity/Hub/Editor/2021.1.24f1/Unity.app/Contents/NetStandard/compat/2.0.0/shims/netstandard/System.IO.MemoryMappedFiles.dll\"\n-r:\"/Applications/Unity/Hub/Editor/2021.1.24f1/Unity.app/Contents/NetStandard/compat/2.0.0/shims/netstandard/System.IO.Pipes.dll\"\n-r:\"/Applications/Unity/Hub/Editor/2021.1.24f1/Unity.app/Contents/NetStandard/compat/2.0.0/shims/netstandard/System.IO.UnmanagedMemoryStream.dll\"\n-r:\"/Applications/Unity/Hub/Editor/2021.1.24f1/Unity.app/Contents/NetStandard/compat/2.0.0/shims/netstandard/System.Linq.dll\"\n-r:\"/Applications/Unity/Hub/Editor/2021.1.24f1/Unity.app/Contents/NetStandard/compat/2.0.0/shims/netstandard/System.Linq.Expressions.dll\"\n-r:\"/Applications/Unity/Hub/Editor/2021.1.24f1/Unity.app/Contents/NetStandard/compat/2.0.0/shims/netstandard/System.Linq.Parallel.dll\"\n-r:\"/Applications/Unity/Hub/Editor/2021.1.24f1/Unity.app/Contents/NetStandard/compat/2.0.0/shims/netstandard/System.Linq.Queryable.dll\"\n-r:\"/Applications/Unity/Hub/Editor/2021.1.24f1/Unity.app/Contents/NetStandard/compat/2.0.0/shims/netstandard/System.Net.Http.dll\"\n-r:\"/Applications/Unity/Hub/Editor/2021.1.24f1/Unity.app/Contents/NetStandard/compat/2.0.0/shims/netstandard/System.Net.NameResolution.dll\"\n-r:\"/Applications/Unity/Hub/Editor/2021.1.24f1/Unity.app/Contents/NetStandard/compat/2.0.0/shims/netstandard/System.Net.NetworkInformation.dll\"\n-r:\"/Applications/Unity/Hub/Editor/2021.1.24f1/Unity.app/Contents/NetStandard/compat/2.0.0/shims/netstandard/System.Net.Ping.dll\"\n-r:\"/Applications/Unity/Hub/Editor/2021.1.24f1/Unity.app/Contents/NetStandard/compat/2.0.0/shims/netstandard/System.Net.Primitives.dll\"\n-r:\"/Applications/Unity/Hub/Editor/2021.1.24f1/Unity.app/Contents/NetStandard/compat/2.0.0/shims/netstandard/System.Net.Requests.dll\"\n-r:\"/Applications/Unity/Hub/Editor/2021.1.24f1/Unity.app/Contents/NetStandard/compat/2.0.0/shims/netstandard/System.Net.Security.dll\"\n-r:\"/Applications/Unity/Hub/Editor/2021.1.24f1/Unity.app/Contents/NetStandard/compat/2.0.0/shims/netstandard/System.Net.Sockets.dll\"\n-r:\"/Applications/Unity/Hub/Editor/2021.1.24f1/Unity.app/Contents/NetStandard/compat/2.0.0/shims/netstandard/System.Net.WebHeaderCollection.dll\"\n-r:\"/Applications/Unity/Hub/Editor/2021.1.24f1/Unity.app/Contents/NetStandard/compat/2.0.0/shims/netstandard/System.Net.WebSockets.Client.dll\"\n-r:\"/Applications/Unity/Hub/Editor/2021.1.24f1/Unity.app/Contents/NetStandard/compat/2.0.0/shims/netstandard/System.Net.WebSockets.dll\"\n-r:\"/Applications/Unity/Hub/Editor/2021.1.24f1/Unity.app/Contents/NetStandard/compat/2.0.0/shims/netstandard/System.ObjectModel.dll\"\n-r:\"/Applications/Unity/Hub/Editor/2021.1.24f1/Unity.app/Contents/NetStandard/compat/2.0.0/shims/netstandard/System.Reflection.dll\"\n-r:\"/Applications/Unity/Hub/Editor/2021.1.24f1/Unity.app/Contents/NetStandard/compat/2.0.0/shims/netstandard/System.Reflection.Extensions.dll\"\n-r:\"/Applications/Unity/Hub/Editor/2021.1.24f1/Unity.app/Contents/NetStandard/compat/2.0.0/shims/netstandard/System.Reflection.Primitives.dll\"\n-r:\"/Applications/Unity/Hub/Editor/2021.1.24f1/Unity.app/Contents/NetStandard/compat/2.0.0/shims/netstandard/System.Resources.Reader.dll\"\n-r:\"/Applications/Unity/Hub/Editor/2021.1.24f1/Unity.app/Contents/NetStandard/compat/2.0.0/shims/netstandard/System.Resources.ResourceManager.dll\"\n-r:\"/Applications/Unity/Hub/Editor/2021.1.24f1/Unity.app/Contents/NetStandard/compat/2.0.0/shims/netstandard/System.Resources.Writer.dll\"\n-r:\"/Applications/Unity/Hub/Editor/2021.1.24f1/Unity.app/Contents/NetStandard/compat/2.0.0/shims/netstandard/System.Runtime.CompilerServices.VisualC.dll\"\n-r:\"/Applications/Unity/Hub/Editor/2021.1.24f1/Unity.app/Contents/NetStandard/compat/2.0.0/shims/netstandard/System.Runtime.dll\"\n-r:\"/Applications/Unity/Hub/Editor/2021.1.24f1/Unity.app/Contents/NetStandard/compat/2.0.0/shims/netstandard/System.Runtime.Extensions.dll\"\n-r:\"/Applications/Unity/Hub/Editor/2021.1.24f1/Unity.app/Contents/NetStandard/compat/2.0.0/shims/netstandard/System.Runtime.Handles.dll\"\n-r:\"/Applications/Unity/Hub/Editor/2021.1.24f1/Unity.app/Contents/NetStandard/compat/2.0.0/shims/netstandard/System.Runtime.InteropServices.dll\"\n-r:\"/Applications/Unity/Hub/Editor/2021.1.24f1/Unity.app/Contents/NetStandard/compat/2.0.0/shims/netstandard/System.Runtime.InteropServices.RuntimeInformation.dll\"\n-r:\"/Applications/Unity/Hub/Editor/2021.1.24f1/Unity.app/Contents/NetStandard/compat/2.0.0/shims/netstandard/System.Runtime.Numerics.dll\"\n-r:\"/Applications/Unity/Hub/Editor/2021.1.24f1/Unity.app/Contents/NetStandard/compat/2.0.0/shims/netstandard/System.Runtime.Serialization.Formatters.dll\"\n-r:\"/Applications/Unity/Hub/Editor/2021.1.24f1/Unity.app/Contents/NetStandard/compat/2.0.0/shims/netstandard/System.Runtime.Serialization.Json.dll\"\n-r:\"/Applications/Unity/Hub/Editor/2021.1.24f1/Unity.app/Contents/NetStandard/compat/2.0.0/shims/netstandard/System.Runtime.Serialization.Primitives.dll\"\n-r:\"/Applications/Unity/Hub/Editor/2021.1.24f1/Unity.app/Contents/NetStandard/compat/2.0.0/shims/netstandard/System.Runtime.Serialization.Xml.dll\"\n-r:\"/Applications/Unity/Hub/Editor/2021.1.24f1/Unity.app/Contents/NetStandard/compat/2.0.0/shims/netstandard/System.Security.Claims.dll\"\n-r:\"/Applications/Unity/Hub/Editor/2021.1.24f1/Unity.app/Contents/NetStandard/compat/2.0.0/shims/netstandard/System.Security.Cryptography.Algorithms.dll\"\n-r:\"/Applications/Unity/Hub/Editor/2021.1.24f1/Unity.app/Contents/NetStandard/compat/2.0.0/shims/netstandard/System.Security.Cryptography.Csp.dll\"\n-r:\"/Applications/Unity/Hub/Editor/2021.1.24f1/Unity.app/Contents/NetStandard/compat/2.0.0/shims/netstandard/System.Security.Cryptography.Encoding.dll\"\n-r:\"/Applications/Unity/Hub/Editor/2021.1.24f1/Unity.app/Contents/NetStandard/compat/2.0.0/shims/netstandard/System.Security.Cryptography.Primitives.dll\"\n-r:\"/Applications/Unity/Hub/Editor/2021.1.24f1/Unity.app/Contents/NetStandard/compat/2.0.0/shims/netstandard/System.Security.Cryptography.X509Certificates.dll\"\n-r:\"/Applications/Unity/Hub/Editor/2021.1.24f1/Unity.app/Contents/NetStandard/compat/2.0.0/shims/netstandard/System.Security.Principal.dll\"\n-r:\"/Applications/Unity/Hub/Editor/2021.1.24f1/Unity.app/Contents/NetStandard/compat/2.0.0/shims/netstandard/System.Security.SecureString.dll\"\n-r:\"/Applications/Unity/Hub/Editor/2021.1.24f1/Unity.app/Contents/NetStandard/compat/2.0.0/shims/netstandard/System.Text.Encoding.dll\"\n-r:\"/Applications/Unity/Hub/Editor/2021.1.24f1/Unity.app/Contents/NetStandard/compat/2.0.0/shims/netstandard/System.Text.Encoding.Extensions.dll\"\n-r:\"/Applications/Unity/Hub/Editor/2021.1.24f1/Unity.app/Contents/NetStandard/compat/2.0.0/shims/netstandard/System.Text.RegularExpressions.dll\"\n-r:\"/Applications/Unity/Hub/Editor/2021.1.24f1/Unity.app/Contents/NetStandard/compat/2.0.0/shims/netstandard/System.Threading.dll\"\n-r:\"/Applications/Unity/Hub/Editor/2021.1.24f1/Unity.app/Contents/NetStandard/compat/2.0.0/shims/netstandard/System.Threading.Overlapped.dll\"\n-r:\"/Applications/Unity/Hub/Editor/2021.1.24f1/Unity.app/Contents/NetStandard/compat/2.0.0/shims/netstandard/System.Threading.Tasks.dll\"\n-r:\"/Applications/Unity/Hub/Editor/2021.1.24f1/Unity.app/Contents/NetStandard/compat/2.0.0/shims/netstandard/System.Threading.Tasks.Parallel.dll\"\n-r:\"/Applications/Unity/Hub/Editor/2021.1.24f1/Unity.app/Contents/NetStandard/compat/2.0.0/shims/netstandard/System.Threading.Thread.dll\"\n-r:\"/Applications/Unity/Hub/Editor/2021.1.24f1/Unity.app/Contents/NetStandard/compat/2.0.0/shims/netstandard/System.Threading.ThreadPool.dll\"\n-r:\"/Applications/Unity/Hub/Editor/2021.1.24f1/Unity.app/Contents/NetStandard/compat/2.0.0/shims/netstandard/System.Threading.Timer.dll\"\n-r:\"/Applications/Unity/Hub/Editor/2021.1.24f1/Unity.app/Contents/NetStandard/compat/2.0.0/shims/netstandard/System.ValueTuple.dll\"\n-r:\"/Applications/Unity/Hub/Editor/2021.1.24f1/Unity.app/Contents/NetStandard/compat/2.0.0/shims/netstandard/System.Xml.ReaderWriter.dll\"\n-r:\"/Applications/Unity/Hub/Editor/2021.1.24f1/Unity.app/Contents/NetStandard/compat/2.0.0/shims/netstandard/System.Xml.XDocument.dll\"\n-r:\"/Applications/Unity/Hub/Editor/2021.1.24f1/Unity.app/Contents/NetStandard/compat/2.0.0/shims/netstandard/System.Xml.XmlDocument.dll\"\n-r:\"/Applications/Unity/Hub/Editor/2021.1.24f1/Unity.app/Contents/NetStandard/compat/2.0.0/shims/netstandard/System.Xml.XmlSerializer.dll\"\n-r:\"/Applications/Unity/Hub/Editor/2021.1.24f1/Unity.app/Contents/NetStandard/compat/2.0.0/shims/netstandard/System.Xml.XPath.dll\"\n-r:\"/Applications/Unity/Hub/Editor/2021.1.24f1/Unity.app/Contents/NetStandard/compat/2.0.0/shims/netstandard/System.Xml.XPath.XDocument.dll\"\n-r:\"/Applications/Unity/Hub/Editor/2021.1.24f1/Unity.app/Contents/NetStandard/Extensions/2.0.0/System.Numerics.Vectors.dll\"\n-r:\"/Applications/Unity/Hub/Editor/2021.1.24f1/Unity.app/Contents/NetStandard/Extensions/2.0.0/System.Runtime.InteropServices.WindowsRuntime.dll\"\n-r:\"/Applications/Unity/Hub/Editor/2021.1.24f1/Unity.app/Contents/NetStandard/ref/2.0.0/netstandard.dll\"\n-r:\"Library/Bee/artifacts/200b0aE.dag/Unity.PlasticSCM.Editor.ref.dll\"\n-r:\"Library/Bee/artifacts/200b0aE.dag/Unity.Rider.Editor.ref.dll\"\n-r:\"Library/Bee/artifacts/200b0aE.dag/Unity.TextMeshPro.Editor.ref.dll\"\n-r:\"Library/Bee/artifacts/200b0aE.dag/Unity.TextMeshPro.ref.dll\"\n-r:\"Library/Bee/artifacts/200b0aE.dag/Unity.Timeline.Editor.ref.dll\"\n-r:\"Library/Bee/artifacts/200b0aE.dag/Unity.Timeline.ref.dll\"\n-r:\"Library/Bee/artifacts/200b0aE.dag/Unity.VisualStudio.Editor.ref.dll\"\n-r:\"Library/Bee/artifacts/200b0aE.dag/Unity.VSCode.Editor.ref.dll\"\n-r:\"Library/Bee/artifacts/200b0aE.dag/UnityEditor.UI.ref.dll\"\n-r:\"Library/Bee/artifacts/200b0aE.dag/UnityEngine.UI.ref.dll\"\n\"Assets/CS/DeleteMe.cs\"\n\"Assets/CS/DSContext.cs\"\n\"Assets/Scripts/MainMenuHandler.cs\"\n-langversion:8.0\n\n/deterministic\n/optimize+\n/debug:portable\n/nologo\n/RuntimeMetadataVersion:v4.0.30319\n\n/nowarn:0169\n/nowarn:0649\n/utf8output\n/preferreduilang:en-US\n","oldvalue":""}]}
{"msg":"noderesult","processed_node_count":113,"amount_of_nodes_ever_queued":181,"annotation":"WriteText Library/Bee/artifacts/200b0aE.dag/Assembly-CSharp.rsp","index":145,"exitcode":0,"outputfile":"Library/Bee/artifacts/200b0aE.dag/Assembly-CSharp.rsp"}
{"msg":"nodeRetryBuild","annotation":"Csc Library/Bee/artifacts/200b0aE.dag/UnityEngine.TestRunner.dll (+2 others)","index":2}
{"msg":"noderesult","processed_node_count":118,"amount_of_nodes_ever_queued":181,"annotation":"Csc Library/Bee/artifacts/200b0aE.dag/UnityEngine.TestRunner.dll (+2 others)","index":2,"exitcode":1,"outputfile":"Library/Bee/artifacts/200b0aE.dag/UnityEngine.TestRunner.dll","stdout":"Library/PackageCache/com.unity.test-framework@1.1.29/UnityEngine.TestRunner/Assertions/AllocatingGCMemoryConstraint.cs(2,7): error CS0246: The type or namespace name 'NUnit' could not be found (are you missing a using directive or an assembly reference?)\nLibrary/PackageCache/com.unity.test-framework@1.1.29/UnityEngine.TestRunner/Assertions/AllocatingGCMemoryConstraint.cs(3,7): error CS0246: The type or namespace name 'NUnit' could not be found (are you missing a using directive or an assembly reference?)\nLibrary/PackageCache/com.unity.test-framework@1.1.29/UnityEngine.TestRunner/Assertions/ConstraintsExtensions.cs(1,7): error CS0246: The type or namespace name 'NUnit' could not be found (are you missing a using directive or an assembly reference?)\nLibrary/PackageCache/com.unity.test-framework@1.1.29/UnityEngine.TestRunner/Assertions/InvalidSignatureException.cs(1,7): error CS0246: The type or namespace name 'NUnit' could not be found (are you missing a using directive or an assembly reference?)\nLibrary/PackageCache/com.unity.test-framework@1.1.29/UnityEngine.TestRunner/Assertions/InvalidSignatureException.cs(2,7): error CS0246: The type or namespace name 'NUnit' could not be found (are you missing a using directive or an assembly reference?)\nLibrary/PackageCache/com.unity.test-framework@1.1.29/UnityEngine.TestRunner/Assertions/UnexpectedLogMessageException.cs(1,7): error CS0246: The type or namespace name 'NUnit' could not be found (are you missing a using directive or an assembly reference?)\nLibrary/PackageCache/com.unity.test-framework@1.1.29/UnityEngine.TestRunner/Assertions/UnexpectedLogMessageException.cs(2,7): error CS0246: The type or namespace name 'NUnit' could not be found (are you missing a using directive or an assembly reference?)\nLibrary/PackageCache/com.unity.test-framework@1.1.29/UnityEngine.TestRunner/Assertions/UnhandledLogMessageException.cs(1,7): error CS0246: The type or namespace name 'NUnit' could not be found (are you missing a using directive or an assembly reference?)\nLibrary/PackageCache/com.unity.test-framework@1.1.29/UnityEngine.TestRunner/Assertions/UnhandledLogMessageException.cs(2,7): error CS0246: The type or namespace name 'NUnit' could not be found (are you missing a using directive or an assembly reference?)\nLibrary/PackageCache/com.unity.test-framework@1.1.29/UnityEngine.TestRunner/Assertions/UnityTestTimeoutException.cs(1,7): error CS0246: The type or namespace name 'NUnit' could not be found (are you missing a using directive or an assembly reference?)\nLibrary/PackageCache/com.unity.test-framework@1.1.29/UnityEngine.TestRunner/Assertions/UnityTestTimeoutException.cs(2,7): error CS0246: The type or namespace name 'NUnit' could not be found (are you missing a using directive or an assembly reference?)\nLibrary/PackageCache/com.unity.test-framework@1.1.29/UnityEngine.TestRunner/NUnitExtensions/Attributes/ConditionalIgnoreAttribute.cs(2,7): error CS0246: The type or namespace name 'NUnit' could not be found (are you missing a using directive or an assembly reference?)\nLibrary/PackageCache/com.unity.test-framework@1.1.29/UnityEngine.TestRunner/NUnitExtensions/Attributes/ConditionalIgnoreAttribute.cs(3,7): error CS0246: The type or namespace name 'NUnit' could not be found (are you missing a using directive or an assembly reference?)\nLibrary/PackageCache/com.unity.test-framework@1.1.29/UnityEngine.TestRunner/NUnitExtensions/Attributes/ConditionalIgnoreAttribute.cs(4,7): error CS0246: The type or namespace name 'NUnit' could not be found (are you missing a using directive or an assembly reference?)\nLibrary/PackageCache/com.unity.test-framework@1.1.29/UnityEngine.TestRunner/NUnitExtensions/Attributes/TestEnumerator.cs(3,7): error CS0246: The type or namespace name 'NUnit' could not be found (are you missing a using directive or an assembly reference?)\nLibrary/PackageCache/com.unity.test-framework@1.1.29/UnityEngine.TestRunner/NUnitExtensions/Attributes/TestEnumerator.cs(4,7): error CS0246: The type or namespace name 'NUnit' could not be found (are you missing a using directive or an assembly reference?)\nLibrary/PackageCache/com.unity.test-framework@1.1.29/UnityEngine.TestRunner/NUnitExtensions/Attributes/TestEnumerator.cs(5,7): error CS0246: The type or namespace name 'NUnit' could not be found (are you missing a using directive or an assembly reference?)\nLibrary/PackageCache/com.unity.test-framework@1.1.29/UnityEngine.TestRunner/NUnitExtensions/Attributes/UnityCombinatorialStrategy.cs(3,7): error CS0246: The type or namespace name 'NUnit' could not be found (are you missing a using directive or an assembly reference?)\nLibrary/PackageCache/com.unity.test-framework@1.1.29/UnityEngine.TestRunner/NUnitExtensions/Attributes/UnityCombinatorialStrategy.cs(4,7): error CS0246: The type or namespace name 'NUnit' could not be found (are you missing a using directive or an assembly reference?)\nLibrary/PackageCache/com.unity.test-framework@1.1.29/UnityEngine.TestRunner/NUnitExtensions/Attributes/UnityPlatformAttribute.cs(4,7): error CS0246: The type or namespace name 'NUnit' could not be found (are you missing a using directive or an assembly reference?)\nLibrary/PackageCache/com.unity.test-framework@1.1.29/UnityEngine.TestRunner/NUnitExtensions/Attributes/UnityPlatformAttribute.cs(5,7): error CS0246: The type or namespace name 'NUnit' could not be found (are you missing a using directive or an assembly reference?)\nLibrary/PackageCache/com.unity.test-framework@1.1.29/UnityEngine.TestRunner/NUnitExtensions/Attributes/UnityPlatformAttribute.cs(6,7): error CS0246: The type or namespace name 'NUnit' could not be found (are you missing a using directive or an assembly reference?)\nLibrary/PackageCache/com.unity.test-framework@1.1.29/UnityEngine.TestRunner/NUnitExtensions/Attributes/UnitySetUpAttribute.cs(2,7): error CS0246: The type or namespace name 'NUnit' could not be found (are you missing a using directive or an assembly reference?)\nLibrary/PackageCache/com.unity.test-framework@1.1.29/UnityEngine.TestRunner/NUnitExtensions/Attributes/UnityTearDownAttribute.cs(2,7): error CS0246: The type or namespace name 'NUnit' could not be found (are you missing a using directive or an assembly reference?)\nLibrary/PackageCache/com.unity.test-framework@1.1.29/UnityEngine.TestRunner/NUnitExtensions/Attributes/UnityTestAttribute.cs(3,7): error CS0246: The type or namespace name 'NUnit' could not be found (are you missing a using directive or an assembly reference?)\nLibrary/PackageCache/com.unity.test-framework@1.1.29/UnityEngine.TestRunner/NUnitExtensions/Attributes/UnityTestAttribute.cs(4,7): error CS0246: The type or namespace name 'NUnit' could not be found (are you missing a using directive or an assembly reference?)\nLibrary/PackageCache/com.unity.test-framework@1.1.29/UnityEngine.TestRunner/NUnitExtensions/Attributes/UnityTestAttribute.cs(5,7): error CS0246: The type or namespace name 'NUnit' could not be found (are you missing a using directive or an assembly reference?)\nLibrary/PackageCache/com.unity.test-framework@1.1.29/UnityEngine.TestRunner/NUnitExtensions/Attributes/UnityTestAttribute.cs(6,7): error CS0246: The type or namespace name 'NUnit' could not be found (are you missing a using directive or an assembly reference?)\nLibrary/PackageCache/com.unity.test-framework@1.1.29/UnityEngine.TestRunner/NUnitExtensions/Attributes/UnityTestAttribute.cs(7,7): error CS0246: The type or namespace name 'NUnit' could not be found (are you missing a using directive or an assembly reference?)\nLibrary/PackageCache/com.unity.test-framework@1.1.29/UnityEngine.TestRunner/NUnitExtensions/BaseDelegator.cs(3,7): error CS0246: The type or namespace name 'NUnit' could not be found (are you missing a using directive or an assembly reference?)\nLibrary/PackageCache/com.unity.test-framework@1.1.29/UnityEngine.TestRunner/NUnitExtensions/Commands/BeforeAfterTestCommandBase.cs(6,7): error CS0246: The type or namespace name 'NUnit' could not be found (are you missing a using directive or an assembly reference?)\nLibrary/PackageCache/com.unity.test-framework@1.1.29/UnityEngine.TestRunner/NUnitExtensions/Commands/BeforeAfterTestCommandBase.cs(7,7): error CS0246: The type or namespace name 'NUnit' could not be found (are you missing a using directive or an assembly reference?)\nLibrary/PackageCache/com.unity.test-framework@1.1.29/UnityEngine.TestRunner/NUnitExtensions/Commands/BeforeAfterTestCommandBase.cs(8,7): error CS0246: The type or namespace name 'NUnit' could not be found (are you missing a using directive or an assembly reference?)\nLibrary/PackageCache/com.unity.test-framework@1.1.29/UnityEngine.TestRunner/NUnitExtensions/Commands/BeforeAfterTestCommandBase.cs(9,7): error CS0246: The type or namespace name 'NUnit' could not be found (are you missing a using directive or an assembly reference?)\nLibrary/PackageCache/com.unity.test-framework@1.1.29/UnityEngine.TestRunner/NUnitExtensions/Commands/BeforeAfterTestCommandState.cs(3,7): error CS0246: The type or namespace name 'NUnit' could not be found (are you missing a using directive or an assembly reference?)\nLibrary/PackageCache/com.unity.test-framework@1.1.29/UnityEngine.TestRunner/NUnitExtensions/Commands/BeforeAfterTestCommandState.cs(4,7): error CS0246: The type or namespace name 'NUnit' could not be found (are you missing a using directive or an assembly reference?)\nLibrary/PackageCache/com.unity.test-framework@1.1.29/UnityEngine.TestRunner/NUnitExtensions/Commands/EnumerableApplyChangesToContextCommand.cs(4,7): error CS0246: The type or namespace name 'NUnit' could not be found (are you missing a using directive or an assembly reference?)\nLibrary/PackageCache/com.unity.test-framework@1.1.29/UnityEngine.TestRunner/NUnitExtensions/Commands/EnumerableApplyChangesToContextCommand.cs(5,7): error CS0246: The type or namespace name 'NUnit' could not be found (are you missing a using directive or an assembly reference?)\nLibrary/PackageCache/com.unity.test-framework@1.1.29/UnityEngine.TestRunner/NUnitExtensions/Commands/EnumerableApplyChangesToContextCommand.cs(6,7): error CS0246: The type or namespace name 'NUnit' could not be found (are you missing a using directive or an assembly reference?)\nLibrary/PackageCache/com.unity.test-framework@1.1.29/UnityEngine.TestRunner/NUnitExtensions/Commands/EnumerableRepeatedTestCommand.cs(4,7): error CS0246: The type or namespace name 'NUnit' could not be found (are you missing a using directive or an assembly reference?)\nLibrary/PackageCache/com.unity.test-framework@1.1.29/UnityEngine.TestRunner/NUnitExtensions/Commands/EnumerableRepeatedTestCommand.cs(5,7): error CS0246: The type or namespace name 'NUnit' could not be found (are you missing a using directive or an assembly reference?)\nLibrary/PackageCache/com.unity.test-framework@1.1.29/UnityEngine.TestRunner/NUnitExtensions/Commands/EnumerableRepeatedTestCommand.cs(6,7): error CS0246: The type or namespace name 'NUnit' could not be found (are you missing a using directive or an assembly reference?)\nLibrary/PackageCache/com.unity.test-framework@1.1.29/UnityEngine.TestRunner/NUnitExtensions/Commands/EnumerableRepeatedTestCommand.cs(7,7): error CS0246: The type or namespace name 'NUnit' could not be found (are you missing a using directive or an assembly reference?)\nLibrary/PackageCache/com.unity.test-framework@1.1.29/UnityEngine.TestRunner/NUnitExtensions/Commands/EnumerableRetryTestCommand.cs(4,7): error CS0246: The type or namespace name 'NUnit' could not be found (are you missing a using directive or an assembly reference?)\nLibrary/PackageCache/com.unity.test-framework@1.1.29/UnityEngine.TestRunner/NUnitExtensions/Commands/EnumerableRetryTestCommand.cs(5,7): error CS0246: The type or namespace name 'NUnit' could not be found (are you missing a using directive or an assembly reference?)\nLibrary/PackageCache/com.unity.test-framework@1.1.29/UnityEngine.TestRunner/NUnitExtensions/Commands/EnumerableRetryTestCommand.cs(6,7): error CS0246: The type or namespace name 'NUnit' could not be found (are you missing a using directive or an assembly reference?)\nLibrary/PackageCache/com.unity.test-framework@1.1.29/UnityEngine.TestRunner/NUnitExtensions/Commands/EnumerableRetryTestCommand.cs(7,7): error CS0246: The type or namespace name 'NUnit' could not be found (are you missing a using directive or an assembly reference?)\nLibrary/PackageCache/com.unity.test-framework@1.1.29/UnityEngine.TestRunner/NUnitExtensions/Commands/EnumerableSetUpTearDownCommand.cs(6,7): error CS0246: The type or namespace name 'NUnit' could not be found (are you missing a using directive or an assembly reference?)\nLibrary/PackageCache/com.unity.test-framework@1.1.29/UnityEngine.TestRunner/NUnitExtensions/Commands/EnumerableSetUpTearDownCommand.cs(7,7): error CS0246: The type or namespace name 'NUnit' could not be found (are you missing a using directive or an assembly reference?)\nLibrary/PackageCache/com.unity.test-framework@1.1.29/UnityEngine.TestRunner/NUnitExtensions/Commands/EnumerableTestMethodCommand.cs(4,7): error CS0246: The type or namespace name 'NUnit' could not be found (are you missing a using directive or an assembly reference?)\nLibrary/PackageCache/com.unity.test-framework@1.1.29/UnityEngine.TestRunner/NUnitExtensions/Commands/EnumerableTestMethodCommand.cs(5,7): error CS0246: The type or namespace name 'NUnit' could not be found (are you missing a using directive or an assembly reference?)\nLibrary/PackageCache/com.unity.test-framework@1.1.29/UnityEngine.TestRunner/NUnitExtensions/Commands/EnumerableTestMethodCommand.cs(6,7): error CS0246: The type or namespace name 'NUnit' could not be found (are you missing a using directive or an assembly reference?)\nLibrary/PackageCache/com.unity.test-framework@1.1.29/UnityEngine.TestRunner/NUnitExtensions/Commands/EnumerableTestMethodCommand.cs(7,7): error CS0246: The type or namespace name 'NUnit' could not be found (are you missing a using directive or an assembly reference?)\nLibrary/PackageCache/com.unity.test-framework@1.1.29/UnityEngine.TestRunner/NUnitExtensions/Commands/EnumerableTestMethodCommand.cs(8,7): error CS0246: The type or namespace name 'NUnit' could not be found (are you missing a using directive or an assembly reference?)\nLibrary/PackageCache/com.unity.test-framework@1.1.29/UnityEngine.TestRunner/NUnitExtensions/Commands/ImmediateEnumerableCommand.cs(3,7): error CS0246: The type or namespace name 'NUnit' could not be found (are you missing a using directive or an assembly reference?)\nLibrary/PackageCache/com.unity.test-framework@1.1.29/UnityEngine.TestRunner/NUnitExtensions/Commands/ImmediateEnumerableCommand.cs(4,7): error CS0246: The type or namespace name 'NUnit' could not be found (are you missing a using directive or an assembly reference?)\nLibrary/PackageCache/com.unity.test-framework@1.1.29/UnityEngine.TestRunner/NUnitExtensions/Commands/OuterUnityTestActionCommand.cs(4,7): error CS0246: The type or namespace name 'NUnit' could not be found (are you missing a using directive or an assembly reference?)\nLibrary/PackageCache/com.unity.test-framework@1.1.29/UnityEngine.TestRunner/NUnitExtensions/Commands/OuterUnityTestActionCommand.cs(5,7): error CS0246: The type or namespace name 'NUnit' could not be found (are you missing a using directive or an assembly reference?)\nLibrary/PackageCache/com.unity.test-framework@1.1.29/UnityEngine.TestRunner/NUnitExtensions/Commands/SetUpTearDownCommand.cs(6,7): error CS0246: The type or namespace name 'NUnit' could not be found (are you missing a using directive or an assembly reference?)\nLibrary/PackageCache/com.unity.test-framework@1.1.29/UnityEngine.TestRunner/NUnitExtensions/Commands/SetUpTearDownCommand.cs(7,7): error CS0246: The type or namespace name 'NUnit' could not be found (are you missing a using directive or an assembly reference?)\nLibrary/PackageCache/com.unity.test-framework@1.1.29/UnityEngine.TestRunner/NUnitExtensions/Commands/SetUpTearDownCommand.cs(8,7): error CS0246: The type or namespace name 'NUnit' could not be found (are you missing a using directive or an assembly reference?)\nLibrary/PackageCache/com.unity.test-framework@1.1.29/UnityEngine.TestRunner/NUnitExtensions/Commands/TestActionCommand.cs(4,7): error CS0246: The type or namespace name 'NUnit' could not be found (are you missing a using directive or an assembly reference?)\nLibrary/PackageCache/com.unity.test-framework@1.1.29/UnityEngine.TestRunner/NUnitExtensions/Commands/TestActionCommand.cs(5,7): error CS0246: The type or namespace name 'NUnit' could not be found (are you missing a using directive or an assembly reference?)\nLibrary/PackageCache/com.unity.test-framework@1.1.29/UnityEngine.TestRunner/NUnitExtensions/Commands/TestActionCommand.cs(6,7): error CS0246: The type or namespace name 'NUnit' could not be found (are you missing a using directive or an assembly reference?)\nLibrary/PackageCache/com.unity.test-framework@1.1.29/UnityEngine.TestRunner/NUnitExtensions/Commands/UnityTestMethodCommand.cs(2,7): error CS0246: The type or namespace name 'NUnit' could not be found (are you missing a using directive or an assembly reference?)\nLibrary/PackageCache/com.unity.test-framework@1.1.29/UnityEngine.TestRunner/NUnitExtensions/Commands/UnityTestMethodCommand.cs(3,7): error CS0246: The type or namespace name 'NUnit' could not be found (are you missing a using directive or an assembly reference?)\nLibrary/PackageCache/com.unity.test-framework@1.1.29/UnityEngine.TestRunner/NUnitExtensions/ConstructDelegator.cs(3,7): error CS0246: The type or namespace name 'NUnit' could not be found (are you missing a using directive or an assembly reference?)\nLibrary/PackageCache/com.unity.test-framework@1.1.29/UnityEngine.TestRunner/NUnitExtensions/Filters/AssemblyNameFilter.cs(2,7): error CS0246: The type or namespace name 'NUnit' could not be found (are you missing a using directive or an assembly reference?)\nLibrary/PackageCache/com.unity.test-framework@1.1.29/UnityEngine.TestRunner/NUnitExtensions/Filters/AssemblyNameFilter.cs(3,7): error CS0246: The type or namespace name 'NUnit' could not be found (are you missing a using directive or an assembly reference?)\nLibrary/PackageCache/com.unity.test-framework@1.1.29/UnityEngine.TestRunner/NUnitExtensions/Filters/CategoryFilterExtended.cs(3,7): error CS0246: The type or namespace name 'NUnit' could not be found (are you missing a using directive or an assembly reference?)\nLibrary/PackageCache/com.unity.test-framework@1.1.29/UnityEngine.TestRunner/NUnitExtensions/Filters/CategoryFilterExtended.cs(4,7): error CS0246: The type or namespace name 'NUnit' could not be found (are you missing a using directive or an assembly reference?)\nLibrary/PackageCache/com.unity.test-framework@1.1.29/UnityEngine.TestRunner/NUnitExtensions/Filters/CategoryFilterExtended.cs(5,7): error CS0246: The type or namespace name 'NUnit' could not be found (are you missing a using directive or an assembly reference?)\nLibrary/PackageCache/com.unity.test-framework@1.1.29/UnityEngine.TestRunner/NUnitExtensions/Filters/FullNameFilter.cs(3,7): error CS0246: The type or namespace name 'NUnit' could not be found (are you missing a using directive or an assembly reference?)\nLibrary/PackageCache/com.unity.test-framework@1.1.29/UnityEngine.TestRunner/NUnitExtensions/IAsyncTestAssemblyBuilder.cs(3,7): error CS0246: The type or namespace name 'NUnit' could not be found (are you missing a using directive or an assembly reference?)\nLibrary/PackageCache/com.unity.test-framework@1.1.29/UnityEngine.TestRunner/NUnitExtensions/IAsyncTestAssemblyBuilder.cs(4,7): error CS0246: The type or namespace name 'NUnit' could not be found (are you missing a using directive or an assembly reference?)\nLibrary/PackageCache/com.unity.test-framework@1.1.29/UnityEngine.TestRunner/NUnitExtensions/Runner/CompositeWorkItem.cs(6,7): error CS0246: The type or namespace name 'NUnit' could not be found (are you missing a using directive or an assembly reference?)\nLibrary/PackageCache/com.unity.test-framework@1.1.29/UnityEngine.TestRunner/NUnitExtensions/Runner/CompositeWorkItem.cs(7,7): error CS0246: The type or namespace name 'NUnit' could not be found (are you missing a using directive or an assembly reference?)\nLibrary/PackageCache/com.unity.test-framework@1.1.29/UnityEngine.TestRunner/NUnitExtensions/Runner/CompositeWorkItem.cs(8,7): error CS0246: The type or namespace name 'NUnit' could not be found (are you missing a using directive or an assembly reference?)\nLibrary/PackageCache/com.unity.test-framework@1.1.29/UnityEngine.TestRunner/NUnitExtensions/Runner/CompositeWorkItem.cs(9,7): error CS0246: The type or namespace name 'NUnit' could not be found (are you missing a using directive or an assembly reference?)\nLibrary/PackageCache/com.unity.test-framework@1.1.29/UnityEngine.TestRunner/NUnitExtensions/Runner/CompositeWorkItem.cs(10,7): error CS0246: The type or namespace name 'NUnit' could not be found (are you missing a using directive or an assembly reference?)\nLibrary/PackageCache/com.unity.test-framework@1.1.29/UnityEngine.TestRunner/NUnitExtensions/Runner/CoroutineTestWorkItem.cs(3,7): error CS0246: The type or namespace name 'NUnit' could not be found (are you missing a using directive or an assembly reference?)\nLibrary/PackageCache/com.unity.test-framework@1.1.29/UnityEngine.TestRunner/NUnitExtensions/Runner/CoroutineTestWorkItem.cs(4,7): error CS0246: The type or namespace name 'NUnit' could not be found (are you missing a using directive or an assembly reference?)\nLibrary/PackageCache/com.unity.test-framework@1.1.29/UnityEngine.TestRunner/NUnitExtensions/Runner/CoroutineTestWorkItem.cs(5,7): error CS0246: The type or namespace name 'NUnit' could not be found (are you missing a using directive or an assembly reference?)\nLibrary/PackageCache/com.unity.test-framework@1.1.29/UnityEngine.TestRunner/NUnitExtensions/Runner/CoroutineTestWorkItem.cs(6,7): error CS0246: The type or namespace name 'NUnit' could not be found (are you missing a using directive or an assembly reference?)\nLibrary/PackageCache/com.unity.test-framework@1.1.29/UnityEngine.TestRunner/NUnitExtensions/Runner/DefaultTestWorkItem.cs(10,27): error CS0246: The type or namespace name 'NUnit' could not be found (are you missing a using directive or an assembly reference?)\nLibrary/PackageCache/com.unity.test-framework@1.1.29/UnityEngine.TestRunner/NUnitExtensions/Runner/DefaultTestWorkItem.cs(9,30): error CS0246: The type or namespace name 'NUnit' could not be found (are you missing a using directive or an assembly reference?)\nLibrary/PackageCache/com.unity.test-framework@1.1.29/UnityEngine.TestRunner/NUnitExtensions/Runner/DefaultTestWorkItem.cs(4,7): error CS0246: The type or namespace name 'NUnit' could not be found (are you missing a using directive or an assembly reference?)\nLibrary/PackageCache/com.unity.test-framework@1.1.29/UnityEngine.TestRunner/NUnitExtensions/Runner/DefaultTestWorkItem.cs(5,7): error CS0246: The type or namespace name 'NUnit' could not be found (are you missing a using directive or an assembly reference?)\nLibrary/PackageCache/com.unity.test-framework@1.1.29/UnityEngine.TestRunner/NUnitExtensions/Runner/DefaultTestWorkItem.cs(6,7): error CS0246: The type or namespace name 'NUnit' could not be found (are you missing a using directive or an assembly reference?)\nLibrary/PackageCache/com.unity.test-framework@1.1.29/UnityEngine.TestRunner/NUnitExtensions/Runner/DefaultTestWorkItem.cs(7,7): error CS0246: The type or namespace name 'NUnit' could not be found (are you missing a using directive or an assembly reference?)\nLibrary/PackageCache/com.unity.test-framework@1.1.29/UnityEngine.TestRunner/NUnitExtensions/Runner/FailCommand.cs(3,7): error CS0246: The type or namespace name 'NUnit' could not be found (are you missing a using directive or an assembly reference?)\nLibrary/PackageCache/com.unity.test-framework@1.1.29/UnityEngine.TestRunner/NUnitExtensions/Runner/FailCommand.cs(4,7): error CS0246: The type or namespace name 'NUnit' could not be found (are you missing a using directive or an assembly reference?)\nLibrary/PackageCache/com.unity.test-framework@1.1.29/UnityEngine.TestRunner/NUnitExtensions/Runner/FailCommand.cs(5,7): error CS0246: The type or namespace name 'NUnit' could not be found (are you missing a using directive or an assembly reference?)\nLibrary/PackageCache/com.unity.test-framework@1.1.29/UnityEngine.TestRunner/NUnitExtensions/Runner/IEnumerableTestMethodCommand.cs(2,7): error CS0246: The type or namespace name 'NUnit' could not be found (are you missing a using directive or an assembly reference?)\nLibrary/PackageCache/com.unity.test-framework@1.1.29/UnityEngine.TestRunner/NUnitExtensions/Runner/PlaymodeWorkItemFactory.cs(1,7): error CS0246: The type or namespace name 'NUnit' could not be found (are you missing a using directive or an assembly reference?)\nLibrary/PackageCache/com.unity.test-framework@1.1.29/UnityEngine.TestRunner/NUnitExtensions/Runner/PlaymodeWorkItemFactory.cs(2,7): error CS0246: The type or namespace name 'NUnit' could not be found (are you missing a using directive or an assembly reference?)\nLibrary/PackageCache/com.unity.test-framework@1.1.29/UnityEngine.TestRunner/NUnitExtensions/Runner/TestCommandBuilder.cs(4,7): error CS0246: The type or namespace name 'NUnit' could not be found (are you missing a using directive or an assembly reference?)\nLibrary/PackageCache/com.unity.test-framework@1.1.29/UnityEngine.TestRunner/NUnitExtensions/Runner/TestCommandBuilder.cs(5,7): error CS0246: The type or namespace name 'NUnit' could not be found (are you missing a using directive or an assembly reference?)\nLibrary/PackageCache/com.unity.test-framework@1.1.29/UnityEngine.TestRunner/NUnitExtensions/Runner/TestCommandBuilder.cs(6,7): error CS0246: The type or namespace name 'NUnit' could not be found (are you missing a using directive or an assembly reference?)\nLibrary/PackageCache/com.unity.test-framework@1.1.29/UnityEngine.TestRunner/NUnitExtensions/Runner/TestCommandBuilder.cs(7,7): error CS0246: The type or namespace name 'NUnit' could not be found (are you missing a using directive or an assembly reference?)\nLibrary/PackageCache/com.unity.test-framework@1.1.29/UnityEngine.TestRunner/NUnitExtensions/Runner/UnityLogCheckDelegatingCommand.cs(6,7): error CS0246: The type or namespace name 'NUnit' could not be found (are you missing a using directive or an assembly reference?)\nLibrary/PackageCache/com.unity.test-framework@1.1.29/UnityEngine.TestRunner/NUnitExtensions/Runner/UnityLogCheckDelegatingCommand.cs(7,7): error CS0246: The type or namespace name 'NUnit' could not be found (are you missing a using directive or an assembly reference?)\nLibrary/PackageCache/com.unity.test-framework@1.1.29/UnityEngine.TestRunner/NUnitExtensions/Runner/UnityTestAssemblyRunner.cs(5,7): error CS0246: The type or namespace name 'NUnit' could not be found (are you missing a using directive or an assembly reference?)\nLibrary/PackageCache/com.unity.test-framework@1.1.29/UnityEngine.TestRunner/NUnitExtensions/Runner/UnityTestAssemblyRunner.cs(6,7): error CS0246: The type or namespace name 'NUnit' could not be found (are you missing a using directive or an assembly reference?)\nLibrary/PackageCache/com.unity.test-framework@1.1.29/UnityEngine.TestRunner/NUnitExtensions/Runner/UnityTestAssemblyRunner.cs(7,7): error CS0246: The type or namespace name 'NUnit' could not be found (are you missing a using directive or an assembly reference?)\nLibrary/PackageCache/com.unity.test-framework@1.1.29/UnityEngine.TestRunner/NUnitExtensions/Runner/UnityTestExecutionContext.cs(5,7): error CS0246: The type or namespace name 'NUnit' could not be found (are you missing a using directive or an assembly reference?)\nLibrary/PackageCache/com.unity.test-framework@1.1.29/UnityEngine.TestRunner/NUnitExtensions/Runner/UnityTestExecutionContext.cs(6,7): error CS0246: The type or namespace name 'NUnit' could not be found (are you missing a using directive or an assembly reference?)\nLibrary/PackageCache/com.unity.test-framework@1.1.29/UnityEngine.TestRunner/NUnitExtensions/Runner/UnityTestExecutionContext.cs(7,7): error CS0246: The type or namespace name 'NUnit' could not be found (are you missing a using directive or an assembly reference?)\nLibrary/PackageCache/com.unity.test-framework@1.1.29/UnityEngine.TestRunner/NUnitExtensions/Runner/UnityTestExecutionContext.cs(8,7): error CS0246: The type or namespace name 'NUnit' could not be found (are you missing a using directive or an assembly reference?)\nLibrary/PackageCache/com.unity.test-framework@1.1.29/UnityEngine.TestRunner/NUnitExtensions/Runner/UnityTestExecutionContext.cs(9,7): error CS0246: The type or namespace name 'NUnit' could not be found (are you missing a using directive or an assembly reference?)\nLibrary/PackageCache/com.unity.test-framework@1.1.29/UnityEngine.TestRunner/NUnitExtensions/Runner/UnityWorkItem.cs(6,7): error CS0246: The type or namespace name 'NUnit' could not be found (are you missing a using directive or an assembly reference?)\nLibrary/PackageCache/com.unity.test-framework@1.1.29/UnityEngine.TestRunner/NUnitExtensions/Runner/UnityWorkItem.cs(7,7): error CS0246: The type or namespace name 'NUnit' could not be found (are you missing a using directive or an assembly reference?)\nLibrary/PackageCache/com.unity.test-framework@1.1.29/UnityEngine.TestRunner/NUnitExtensions/Runner/UnityWorkItem.cs(8,7): error CS0246: The type or namespace name 'NUnit' could not be found (are you missing a using directive or an assembly reference?)\nLibrary/PackageCache/com.unity.test-framework@1.1.29/UnityEngine.TestRunner/NUnitExtensions/Runner/UnityWorkItem.cs(9,7): error CS0246: The type or namespace name 'NUnit' could not be found (are you missing a using directive or an assembly reference?)\nLibrary/PackageCache/com.unity.test-framework@1.1.29/UnityEngine.TestRunner/NUnitExtensions/Runner/WorkItemFactory.cs(2,7): error CS0246: The type or namespace name 'NUnit' could not be found (are you missing a using directive or an assembly reference?)\nLibrary/PackageCache/com.unity.test-framework@1.1.29/UnityEngine.TestRunner/NUnitExtensions/Runner/WorkItemFactory.cs(3,7): error CS0246: The type or namespace name 'NUnit' could not be found (are you missing a using directive or an assembly reference?)\nLibrary/PackageCache/com.unity.test-framework@1.1.29/UnityEngine.TestRunner/NUnitExtensions/TestExtensions.cs(4,7): error CS0246: The type or namespace name 'NUnit' could not be found (are you missing a using directive or an assembly reference?)\nLibrary/PackageCache/com.unity.test-framework@1.1.29/UnityEngine.TestRunner/NUnitExtensions/TestExtensions.cs(5,7): error CS0246: The type or namespace name 'NUnit' could not be found (are you missing a using directive or an assembly reference?)\nLibrary/PackageCache/com.unity.test-framework@1.1.29/UnityEngine.TestRunner/NUnitExtensions/TestResultExtensions.cs(2,7): error CS0246: The type or namespace name 'NUnit' could not be found (are you missing a using directive or an assembly reference?)\nLibrary/PackageCache/com.unity.test-framework@1.1.29/UnityEngine.TestRunner/NUnitExtensions/TestResultExtensions.cs(3,7): error CS0246: The type or namespace name 'NUnit' could not be found (are you missing a using directive or an assembly reference?)\nLibrary/PackageCache/com.unity.test-framework@1.1.29/UnityEngine.TestRunner/NUnitExtensions/TestResultExtensions.cs(4,7): error CS0246: The type or namespace name 'NUnit' could not be found (are you missing a using directive or an assembly reference?)\nLibrary/PackageCache/com.unity.test-framework@1.1.29/UnityEngine.TestRunner/NUnitExtensions/UnityTestAssemblyBuilder.cs(4,7): error CS0246: The type or namespace name 'NUnit' could not be found (are you missing a using directive or an assembly reference?)\nLibrary/PackageCache/com.unity.test-framework@1.1.29/UnityEngine.TestRunner/NUnitExtensions/UnityTestAssemblyBuilder.cs(5,7): error CS0246: The type or namespace name 'NUnit' could not be found (are you missing a using directive or an assembly reference?)\nLibrary/PackageCache/com.unity.test-framework@1.1.29/UnityEngine.TestRunner/NUnitExtensions/UnityTestAssemblyBuilder.cs(6,7): error CS0246: The type or namespace name 'NUnit' could not be found (are you missing a using directive or an assembly reference?)\nLibrary/PackageCache/com.unity.test-framework@1.1.29/UnityEngine.TestRunner/NUnitExtensions/UnityTestAssemblyBuilder.cs(7,7): error CS0246: The type or namespace name 'NUnit' could not be found (are you missing a using directive or an assembly reference?)\nLibrary/PackageCache/com.unity.test-framework@1.1.29/UnityEngine.TestRunner/TestRunner/Callbacks/PlayerQuitHandler.cs(1,7): error CS0246: The type or namespace name 'NUnit' could not be found (are you missing a using directive or an assembly reference?)\nLibrary/PackageCache/com.unity.test-framework@1.1.29/UnityEngine.TestRunner/TestRunner/Callbacks/PlayModeRunnerCallback.cs(1,7): error CS0246: The type or namespace name 'NUnit' could not be found (are you missing a using directive or an assembly reference?)\nLibrary/PackageCache/com.unity.test-framework@1.1.29/UnityEngine.TestRunner/TestRunner/Callbacks/PlayModeRunnerCallback.cs(2,7): error CS0246: The type or namespace name 'NUnit' could not be found (are you missing a using directive or an assembly reference?)\nLibrary/PackageCache/com.unity.test-framework@1.1.29/UnityEngine.TestRunner/TestRunner/Callbacks/RemoteTestResultSender.cs(6,7): error CS0246: The type or namespace name 'NUnit' could not be found (are you missing a using directive or an assembly reference?)\nLibrary/PackageCache/com.unity.test-framework@1.1.29/UnityEngine.TestRunner/TestRunner/Callbacks/TestResultRenderer.cs(3,7): error CS0246: The type or namespace name 'NUnit' could not be found (are you missing a using directive or an assembly reference?)\nLibrary/PackageCache/com.unity.test-framework@1.1.29/UnityEngine.TestRunner/TestRunner/Callbacks/TestResultRenderer.cs(4,7): error CS0246: The type or namespace name 'NUnit' could not be found (are you missing a using directive or an assembly reference?)\nLibrary/PackageCache/com.unity.test-framework@1.1.29/UnityEngine.TestRunner/TestRunner/Callbacks/TestResultRendererCallback.cs(1,7): error CS0246: The type or namespace name 'NUnit' could not be found (are you missing a using directive or an assembly reference?)\nLibrary/PackageCache/com.unity.test-framework@1.1.29/UnityEngine.TestRunner/TestRunner/ITestRunnerListener.cs(2,7): error CS0246: The type or namespace name 'NUnit' could not be found (are you missing a using directive or an assembly reference?)\nLibrary/PackageCache/com.unity.test-framework@1.1.29/UnityEngine.TestRunner/TestRunner/PlaymodeTestsControllerSettings.cs(3,7): error CS0246: The type or namespace name 'NUnit' could not be found (are you missing a using directive or an assembly reference?)\nLibrary/PackageCache/com.unity.test-framework@1.1.29/UnityEngine.TestRunner/TestRunner/PlaymodeTestsControllerSettings.cs(4,7): error CS0246: The type or namespace name 'NUnit' could not be found (are you missing a using directive or an assembly reference?)\nLibrary/PackageCache/com.unity.test-framework@1.1.29/UnityEngine.TestRunner/TestRunner/RemoteHelpers/IRemoteTestResultDataFactory.cs(2,7): error CS0246: The type or namespace name 'NUnit' could not be found (are you missing a using directive or an assembly reference?)\nLibrary/PackageCache/com.unity.test-framework@1.1.29/UnityEngine.TestRunner/TestRunner/RemoteHelpers/RemoteTestData.cs(3,7): error CS0246: The type or namespace name 'NUnit' could not be found (are you missing a using directive or an assembly reference?)\nLibrary/PackageCache/com.unity.test-framework@1.1.29/UnityEngine.TestRunner/TestRunner/RemoteHelpers/RemoteTestData.cs(4,7): error CS0246: The type or namespace name 'NUnit' could not be found (are you missing a using directive or an assembly reference?)\nLibrary/PackageCache/com.unity.test-framework@1.1.29/UnityEngine.TestRunner/TestRunner/RemoteHelpers/RemoteTestResultData.cs(4,7): error CS0246: The type or namespace name 'NUnit' could not be found (are you missing a using directive or an assembly reference?)\nLibrary/PackageCache/com.unity.test-framework@1.1.29/UnityEngine.TestRunner/TestRunner/RemoteHelpers/RemoteTestResultDataFactory.cs(3,7): error CS0246: The type or namespace name 'NUnit' could not be found (are you missing a using directive or an assembly reference?)\nLibrary/PackageCache/com.unity.test-framework@1.1.29/UnityEngine.TestRunner/TestRunner/RemoteHelpers/RemoteTestResultDataWithTestData.cs(4,7): error CS0246: The type or namespace name 'NUnit' could not be found (are you missing a using directive or an assembly reference?)\nLibrary/PackageCache/com.unity.test-framework@1.1.29/UnityEngine.TestRunner/TestRunner/RuntimeTestRunnerFilter.cs(5,7): error CS0246: The type or namespace name 'NUnit' could not be found (are you missing a using directive or an assembly reference?)\nLibrary/PackageCache/com.unity.test-framework@1.1.29/UnityEngine.TestRunner/TestRunner/RuntimeTestRunnerFilter.cs(6,7): error CS0246: The type or namespace name 'NUnit' could not be found (are you missing a using directive or an assembly reference?)\nLibrary/PackageCache/com.unity.test-framework@1.1.29/UnityEngine.TestRunner/TestRunner/RuntimeTestRunnerFilter.cs(7,7): error CS0246: The type or namespace name 'NUnit' could not be found (are you missing a using directive or an assembly reference?)\nLibrary/PackageCache/com.unity.test-framework@1.1.29/UnityEngine.TestRunner/TestRunner/SynchronousFilter.cs(4,7): error CS0246: The type or namespace name 'NUnit' could not be found (are you missing a using directive or an assembly reference?)\nLibrary/PackageCache/com.unity.test-framework@1.1.29/UnityEngine.TestRunner/TestRunner/SynchronousFilter.cs(5,7): error CS0246: The type or namespace name 'NUnit' could not be found (are you missing a using directive or an assembly reference?)\nLibrary/PackageCache/com.unity.test-framework@1.1.29/UnityEngine.TestRunner/TestRunner/TestEnumeratorWrapper.cs(4,7): error CS0246: The type or namespace name 'NUnit' could not be found (are you missing a using directive or an assembly reference?)\nLibrary/PackageCache/com.unity.test-framework@1.1.29/UnityEngine.TestRunner/TestRunner/TestEnumeratorWrapper.cs(5,7): error CS0246: The type or namespace name 'NUnit' could not be found (are you missing a using directive or an assembly reference?)\nLibrary/PackageCache/com.unity.test-framework@1.1.29/UnityEngine.TestRunner/TestRunner/TestEnumeratorWrapper.cs(6,7): error CS0246: The type or namespace name 'NUnit' could not be found (are you missing a using directive or an assembly reference?)\nLibrary/PackageCache/com.unity.test-framework@1.1.29/UnityEngine.TestRunner/TestRunner/TestListenerWrapper.cs(1,7): error CS0246: The type or namespace name 'NUnit' could not be found (are you missing a using directive or an assembly reference?)\nLibrary/PackageCache/com.unity.test-framework@1.1.29/UnityEngine.TestRunner/Utils/AssemblyProvider/ITestAssemblyProvider.cs(1,7): error CS0246: The type or namespace name 'NUnit' could not be found (are you missing a using directive or an assembly reference?)\nLibrary/PackageCache/com.unity.test-framework@1.1.29/UnityEngine.TestRunner/Utils/AssemblyProvider/PlayerTestAssemblyProvider.cs(4,7): error CS0246: The type or namespace name 'NUnit' could not be found (are you missing a using directive or an assembly reference?)\nLibrary/PackageCache/com.unity.test-framework@1.1.29/UnityEngine.TestRunner/Utils/CoroutineRunner.cs(3,7): error CS0246: The type or namespace name 'NUnit' could not be found (are you missing a using directive or an assembly reference?)\nLibrary/PackageCache/com.unity.test-framework@1.1.29/UnityEngine.TestRunner/Utils/IOuterUnityTestAction.cs(2,7): error CS0246: The type or namespace name 'NUnit' could not be found (are you missing a using directive or an assembly reference?)\nLibrary/PackageCache/com.unity.test-framework@1.1.29/UnityEngine.TestRunner/Utils/ITestRunCallback.cs(1,7): error CS0246: The type or namespace name 'NUnit' could not be found (are you missing a using directive or an assembly reference?)\nLibrary/PackageCache/com.unity.test-framework@1.1.29/UnityEngine.TestRunner/Utils/TestRunCallbackListener.cs(5,7): error CS0246: The type or namespace name 'NUnit' could not be found (are you missing a using directive or an assembly reference?)\nLibrary/PackageCache/com.unity.test-framework@1.1.29/UnityEngine.TestRunner/Utils/TestRunCallbackListener.cs(6,7): error CS0246: The type or namespace name 'NUnit' could not be found (are you missing a using directive or an assembly reference?)\nLibrary/PackageCache/com.unity.test-framework@1.1.29/UnityEngine.TestRunner/NUnitExtensions/Filters/AssemblyNameFilter.cs(7,41): error CS0246: The type or namespace name 'ValueMatchFilter' could not be found (are you missing a using directive or an assembly reference?)\nLibrary/PackageCache/com.unity.test-framework@1.1.29/UnityEngine.TestRunner/Assertions/AllocatingGCMemoryConstraint.cs(34,49): error CS0246: The type or namespace name 'Constraint' could not be found (are you missing a using directive or an assembly reference?)\nLibrary/PackageCache/com.unity.test-framework@1.1.29/UnityEngine.TestRunner/NUnitExtensions/Filters/AssemblyNameFilter.cs(11,36): error CS0246: The type or namespace name 'ITest' could not be found (are you missing a using directive or an assembly reference?)\nLibrary/PackageCache/com.unity.test-framework@1.1.29/UnityEngine.TestRunner/NUnitExtensions/Filters/AssemblyNameFilter.cs(20,35): error CS0115: 'AssemblyNameFilter.ElementName': no suitable method found to override\nLibrary/PackageCache/com.unity.test-framework@1.1.29/UnityEngine.TestRunner/Assertions/AllocatingGCMemoryConstraint.cs(53,17): error CS0246: The type or namespace name 'ConstraintResult' could not be found (are you missing a using directive or an assembly reference?)\nLibrary/PackageCache/com.unity.test-framework@1.1.29/UnityEngine.TestRunner/Assertions/AllocatingGCMemoryConstraint.cs(90,25): error CS0246: The type or namespace name 'ConstraintResult' could not be found (are you missing a using directive or an assembly reference?)\nLibrary/PackageCache/com.unity.test-framework@1.1.29/UnityEngine.TestRunner/NUnitExtensions/Attributes/UnityPlatformAttribute.cs(20,43): error CS0246: The type or namespace name 'NUnitAttribute' could not be found (are you missing a using directive or an assembly reference?)\nLibrary/PackageCache/com.unity.test-framework@1.1.29/UnityEngine.TestRunner/NUnitExtensions/Attributes/UnityPlatformAttribute.cs(20,59): error CS0246: The type or namespace name 'IApplyToTest' could not be found (are you missing a using directive or an assembly reference?)\nLibrary/PackageCache/com.unity.test-framework@1.1.29/UnityEngine.TestRunner/Assertions/AllocatingGCMemoryConstraint.cs(112,59): error CS0246: The type or namespace name 'ActualValueDelegate<>' could not be found (are you missing a using directive or an assembly reference?)\nLibrary/PackageCache/com.unity.test-framework@1.1.29/UnityEngine.TestRunner/Assertions/AllocatingGCMemoryConstraint.cs(112,25): error CS0246: The type or namespace name 'ConstraintResult' could not be found (are you missing a using directive or an assembly reference?)\nLibrary/PackageCache/com.unity.test-framework@1.1.29/UnityEngine.TestRunner/Assertions/AllocatingGCMemoryConstraint.cs(90,42): error CS0115: 'AllocatingGCMemoryConstraint.ApplyTo(object)': no suitable method found to override\nLibrary/PackageCache/com.unity.test-framework@1.1.29/UnityEngine.TestRunner/Assertions/AllocatingGCMemoryConstraint.cs(123,32): error CS0115: 'AllocatingGCMemoryConstraint.Description': no suitable method found to override\nLibrary/PackageCache/com.unity.test-framework@1.1.29/UnityEngine.TestRunner/Assertions/AllocatingGCMemoryConstraint.cs(36,50): error CS0246: The type or namespace name 'ConstraintResult' could not be found (are you missing a using directive or an assembly reference?)\nLibrary/PackageCache/com.unity.test-framework@1.1.29/UnityEngine.TestRunner/Assertions/AllocatingGCMemoryConstraint.cs(39,45): error CS0246: The type or namespace name 'IConstraint' could not be found (are you missing a using directive or an assembly reference?)\nLibrary/PackageCache/com.unity.test-framework@1.1.29/UnityEngine.TestRunner/Assertions/AllocatingGCMemoryConstraint.cs(44,49): error CS0246: The type or namespace name 'MessageWriter' could not be found (are you missing a using directive or an assembly reference?)\nLibrary/PackageCache/com.unity.test-framework@1.1.29/UnityEngine.TestRunner/Assertions/Is.cs(6,23): error CS0246: The type or namespace name 'NUnit' could not be found (are you missing a using directive or an assembly reference?)\nLibrary/PackageCache/com.unity.test-framework@1.1.29/UnityEngine.TestRunner/NUnitExtensions/Filters/CategoryFilterExtended.cs(9,45): error CS0246: The type or namespace name 'CategoryFilter' could not be found (are you missing a using directive or an assembly reference?)\nLibrary/PackageCache/com.unity.test-framework@1.1.29/UnityEngine.TestRunner/NUnitExtensions/Filters/CategoryFilterExtended.cs(17,36): error CS0246: The type or namespace name 'ITest' could not be found (are you missing a using directive or an assembly reference?)\nLibrary/PackageCache/com.unity.test-framework@1.1.29/UnityEngine.TestRunner/TestRunner/RemoteHelpers/IRemoteTestResultDataFactory.cs(8,63): error CS0246: The type or namespace name 'ITestResult' could not be found (are you missing a using directive or an assembly reference?)\nLibrary/PackageCache/com.unity.test-framework@1.1.29/UnityEngine.TestRunner/TestRunner/RemoteHelpers/IRemoteTestResultDataFactory.cs(9,57): error CS0246: The type or namespace name 'ITest' could not be found (are you missing a using directive or an assembly reference?)\nLibrary/PackageCache/com.unity.test-framework@1.1.29/UnityEngine.TestRunner/NUnitExtensions/Filters/FullNameFilter.cs(7,37): error CS0246: The type or namespace name 'NUnit' could not be found (are you missing a using directive or an assembly reference?)\nLibrary/PackageCache/com.unity.test-framework@1.1.29/UnityEngine.TestRunner/NUnitExtensions/Filters/FullNameFilter.cs(13,36): error CS0246: The type or namespace name 'ITest' could not be found (are you missing a using directive or an assembly reference?)\nLibrary/PackageCache/com.unity.test-framework@1.1.29/UnityEngine.TestRunner/NUnitExtensions/Filters/FullNameFilter.cs(18,35): error CS0115: 'FullNameFilter.ElementName': no suitable method found to override\nLibrary/PackageCache/com.unity.test-framework@1.1.29/UnityEngine.TestRunner/Assertions/ConstraintsExtensions.cs(16,76): error CS0246: The type or namespace name 'ConstraintExpression' could not be found (are you missing a using directive or an assembly reference?)\nLibrary/PackageCache/com.unity.test-framework@1.1.29/UnityEngine.TestRunner/TestRunner/RemoteHelpers/RemoteTestData.cs(23,16): error CS0246: The type or namespace name 'RunState' could not be found (are you missing a using directive or an assembly reference?)\nLibrary/PackageCache/com.unity.test-framework@1.1.29/UnityEngine.TestRunner/Assertions/InvalidSignatureException.cs(6,48): error CS0246: The type or namespace name 'ResultStateException' could not be found (are you missing a using directive or an assembly reference?)\nLibrary/PackageCache/com.unity.test-framework@1.1.29/UnityEngine.TestRunner/NUnitExtensions/Attributes/UnityPlatformAttribute.cs(19,6): error CS0641: Attribute 'AttributeUsage' is only valid on classes derived from System.Attribute\nLibrary/PackageCache/com.unity.test-framework@1.1.29/UnityEngine.TestRunner/TestRunner/RemoteHelpers/RemoteTestData.cs(31,33): error CS0246: The type or namespace name 'ITest' could not be found (are you missing a using directive or an assembly reference?)\nLibrary/PackageCache/com.unity.test-framework@1.1.29/UnityEngine.TestRunner/Assertions/InvalidSignatureException.cs(13,25): error CS0246: The type or namespace name 'ResultState' could not be found (are you missing a using directive or an assembly reference?)\nLibrary/PackageCache/com.unity.test-framework@1.1.29/UnityEngine.TestRunner/Assertions/InvalidSignatureException.cs(13,37): error CS0115: 'InvalidSignatureException.ResultState': no suitable method found to override\nLibrary/PackageCache/com.unity.test-framework@1.1.29/UnityEngine.TestRunner/Assertions/UnexpectedLogMessageException.cs(7,52): error CS0246: The type or namespace name 'ResultStateException' could not be found (are you missing a using directive or an assembly reference?)\nLibrary/PackageCache/com.unity.test-framework@1.1.29/UnityEngine.TestRunner/NUnitExtensions/Attributes/UnityPlatformAttribute.cs(56,33): error CS0246: The type or namespace name 'Test' could not be found (are you missing a using directive or an assembly reference?)\nLibrary/PackageCache/com.unity.test-framework@1.1.29/UnityEngine.TestRunner/Assertions/UnexpectedLogMessageException.cs(22,25): error CS0246: The type or namespace name 'ResultState' could not be found (are you missing a using directive or an assembly reference?)\nLibrary/PackageCache/com.unity.test-framework@1.1.29/UnityEngine.TestRunner/TestRunner/RemoteHelpers/RemoteTestResultData.cs(15,16): error CS0246: The type or namespace name 'TestStatus' could not be found (are you missing a using directive or an assembly reference?)\nLibrary/PackageCache/com.unity.test-framework@1.1.29/UnityEngine.TestRunner/Assertions/UnexpectedLogMessageException.cs(22,37): error CS0115: 'UnexpectedLogMessageException.ResultState': no suitable method found to override\nLibrary/PackageCache/com.unity.test-framework@1.1.29/UnityEngine.TestRunner/Assertions/UnexpectedLogMessageException.cs(27,32): error CS0115: 'UnexpectedLogMessageException.StackTrace': no suitable method found to override\nLibrary/PackageCache/com.unity.test-framework@1.1.29/UnityEngine.TestRunner/Assertions/UnhandledLogMessageException.cs(8,51): error CS0246: The type or namespace name 'ResultStateException' could not be found (are you missing a using directive or an assembly reference?)\nLibrary/PackageCache/com.unity.test-framework@1.1.29/UnityEngine.TestRunner/TestRunner/RemoteHelpers/RemoteTestResultData.cs(31,39): error CS0246: The type or namespace name 'ITestResult' could not be found (are you missing a using directive or an assembly reference?)\nLibrary/PackageCache/com.unity.test-framework@1.1.29/UnityEngine.TestRunner/NUnitExtensions/Attributes/UnitySetUpAttribute.cs(34,40): error CS0246: The type or namespace name 'NUnitAttribute' could not be found (are you missing a using directive or an assembly reference?)\nLibrary/PackageCache/com.unity.test-framework@1.1.29/UnityEngine.TestRunner/Assertions/UnhandledLogMessageException.cs(25,25): error CS0246: The type or namespace name 'ResultState' could not be found (are you missing a using directive or an assembly reference?)\nLibrary/PackageCache/com.unity.test-framework@1.1.29/UnityEngine.TestRunner/NUnitExtensions/Attributes/UnitySetUpAttribute.cs(33,6): error CS0641: Attribute 'AttributeUsage' is only valid on classes derived from System.Attribute\nLibrary/PackageCache/com.unity.test-framework@1.1.29/UnityEngine.TestRunner/Assertions/UnhandledLogMessageException.cs(25,37): error CS0115: 'UnhandledLogMessageException.ResultState': no suitable method found to override\nLibrary/PackageCache/com.unity.test-framework@1.1.29/UnityEngine.TestRunner/Assertions/UnhandledLogMessageException.cs(30,32): error CS0115: 'UnhandledLogMessageException.StackTrace': no suitable method found to override\nLibrary/PackageCache/com.unity.test-framework@1.1.29/UnityEngine.TestRunner/TestRunner/RemoteHelpers/RemoteTestResultDataFactory.cs(10,70): error CS0246: The type or namespace name 'ITestResult' could not be found (are you missing a using directive or an assembly reference?)\nLibrary/PackageCache/com.unity.test-framework@1.1.29/UnityEngine.TestRunner/NUnitExtensions/Attributes/UnityTearDownAttribute.cs(34,43): error CS0246: The type or namespace name 'NUnitAttribute' could not be found (are you missing a using directive or an assembly reference?)\nLibrary/PackageCache/com.unity.test-framework@1.1.29/UnityEngine.TestRunner/Assertions/UnityTestTimeoutException.cs(6,48): error CS0246: The type or namespace name 'ResultStateException' could not be found (are you missing a using directive or an assembly reference?)\nLibrary/PackageCache/com.unity.test-framework@1.1.29/UnityEngine.TestRunner/NUnitExtensions/Attributes/UnityTearDownAttribute.cs(33,6): error CS0641: Attribute 'AttributeUsage' is only valid on classes derived from System.Attribute\nLibrary/PackageCache/com.unity.test-framework@1.1.29/UnityEngine.TestRunner/TestRunner/RemoteHelpers/RemoteTestResultDataFactory.cs(21,64): error CS0246: The type or namespace name 'ITest' could not be found (are you missing a using directive or an assembly reference?)\nLibrary/PackageCache/com.unity.test-framework@1.1.29/UnityEngine.TestRunner/Assertions/UnityTestTimeoutException.cs(18,25): error CS0246: The type or namespace name 'ResultState' could not be found (are you missing a using directive or an assembly reference?)\nLibrary/PackageCache/com.unity.test-framework@1.1.29/UnityEngine.TestRunner/Assertions/UnityTestTimeoutException.cs(18,37): error CS0115: 'UnityTestTimeoutException.ResultState': no suitable method found to override\nLibrary/PackageCache/com.unity.test-framework@1.1.29/UnityEngine.TestRunner/Assertions/UnityTestTimeoutException.cs(23,32): error CS0115: 'UnityTestTimeoutException.StackTrace': no suitable method found to override\nLibrary/PackageCache/com.unity.test-framework@1.1.29/UnityEngine.TestRunner/TestRunner/RemoteHelpers/RemoteTestResultDataFactory.cs(35,53): error CS0246: The type or namespace name 'ITest' could not be found (are you missing a using directive or an assembly reference?)\nLibrary/PackageCache/com.unity.test-framework@1.1.29/UnityEngine.TestRunner/TestRunner/RemoteHelpers/RemoteTestResultDataFactory.cs(43,72): error CS0246: The type or namespace name 'ITestResult' could not be found (are you missing a using directive or an assembly reference?)\nLibrary/PackageCache/com.unity.test-framework@1.1.29/UnityEngine.TestRunner/NUnitExtensions/Attributes/UnityTestAttribute.cs(61,39): error CS0246: The type or namespace name 'CombiningStrategyAttribute' could not be found (are you missing a using directive or an assembly reference?)\nLibrary/PackageCache/com.unity.test-framework@1.1.29/UnityEngine.TestRunner/NUnitExtensions/Attributes/UnityTestAttribute.cs(61,67): error CS0246: The type or namespace name 'ISimpleTestBuilder' could not be found (are you missing a using directive or an assembly reference?)\nLibrary/PackageCache/com.unity.test-framework@1.1.29/UnityEngine.TestRunner/NUnitExtensions/Attributes/UnityTestAttribute.cs(61,87): error CS0246: The type or namespace name 'IImplyFixture' could not be found (are you missing a using directive or an assembly reference?)\nLibrary/PackageCache/com.unity.test-framework@1.1.29/UnityEngine.TestRunner/Utils/ITestRunCallback.cs(14,25): error CS0246: The type or namespace name 'ITest' could not be found (are you missing a using directive or an assembly reference?)\nLibrary/PackageCache/com.unity.test-framework@1.1.29/UnityEngine.TestRunner/Utils/ITestRunCallback.cs(19,26): error CS0246: The type or namespace name 'ITestResult' could not be found (are you missing a using directive or an assembly reference?)\nLibrary/PackageCache/com.unity.test-framework@1.1.29/UnityEngine.TestRunner/Utils/ITestRunCallback.cs(24,26): error CS0246: The type or namespace name 'ITest' could not be found (are you missing a using directive or an assembly reference?)\nLibrary/PackageCache/com.unity.test-framework@1.1.29/UnityEngine.TestRunner/Utils/ITestRunCallback.cs(29,27): error CS0246: The type or namespace name 'ITestResult' could not be found (are you missing a using directive or an assembly reference?)\nLibrary/PackageCache/com.unity.test-framework@1.1.29/UnityEngine.TestRunner/NUnitExtensions/Attributes/UnityTestAttribute.cs(76,20): error CS0246: The type or namespace name 'ISimpleTestBuilder' could not be found (are you missing a using directive or an assembly reference?)\nLibrary/PackageCache/com.unity.test-framework@1.1.29/UnityEngine.TestRunner/TestRunner/Callbacks/PlayerQuitHandler.cs(29,32): error CS0246: The type or namespace name 'ITest' could not be found (are you missing a using directive or an assembly reference?)\nLibrary/PackageCache/com.unity.test-framework@1.1.29/UnityEngine.TestRunner/NUnitExtensions/Attributes/UnityTestAttribute.cs(60,6): error CS0641: Attribute 'AttributeUsage' is only valid on classes derived from System.Attribute\nLibrary/PackageCache/com.unity.test-framework@1.1.29/UnityEngine.TestRunner/TestRunner/Callbacks/PlayerQuitHandler.cs(33,33): error CS0246: The type or namespace name 'ITestResult' could not be found (are you missing a using directive or an assembly reference?)\nLibrary/PackageCache/com.unity.test-framework@1.1.29/UnityEngine.TestRunner/TestRunner/Callbacks/PlayerQuitHandler.cs(37,33): error CS0246: The type or namespace name 'ITest' could not be found (are you missing a using directive or an assembly reference?)\nLibrary/PackageCache/com.unity.test-framework@1.1.29/UnityEngine.TestRunner/NUnitExtensions/Attributes/UnityTestAttribute.cs(68,26): error CS0246: The type or namespace name 'NUnitTestCaseBuilder' could not be found (are you missing a using directive or an assembly reference?)\nLibrary/PackageCache/com.unity.test-framework@1.1.29/UnityEngine.TestRunner/TestRunner/Callbacks/PlayerQuitHandler.cs(41,34): error CS0246: The type or namespace name 'ITestResult' could not be found (are you missing a using directive or an assembly reference?)\nLibrary/PackageCache/com.unity.test-framework@1.1.29/UnityEngine.TestRunner/TestRunner/ITestRunnerListener.cs(9,25): error CS0246: The type or namespace name 'ITest' could not be found (are you missing a using directive or an assembly reference?)\nLibrary/PackageCache/com.unity.test-framework@1.1.29/UnityEngine.TestRunner/TestRunner/ITestRunnerListener.cs(10,26): error CS0246: The type or namespace name 'ITestResult' could not be found (are you missing a using directive or an assembly reference?)\nLibrary/PackageCache/com.unity.test-framework@1.1.29/UnityEngine.TestRunner/NUnitExtensions/Attributes/UnityTestAttribute.cs(76,49): error CS0246: The type or namespace name 'IMethodInfo' could not be found (are you missing a using directive or an assembly reference?)\nLibrary/PackageCache/com.unity.test-framework@1.1.29/UnityEngine.TestRunner/NUnitExtensions/Attributes/UnityTestAttribute.cs(76,69): error CS0246: The type or namespace name 'Test' could not be found (are you missing a using directive or an assembly reference?)\nLibrary/PackageCache/com.unity.test-framework@1.1.29/UnityEngine.TestRunner/NUnitExtensions/Attributes/UnityTestAttribute.cs(76,9): error CS0246: The type or namespace name 'TestMethod' could not be found (are you missing a using directive or an assembly reference?)\nLibrary/PackageCache/com.unity.test-framework@1.1.29/UnityEngine.TestRunner/NUnitExtensions/Attributes/UnityTestAttribute.cs(76,20): error CS0538: 'ISimpleTestBuilder' in explicit interface declaration is not an interface\nLibrary/PackageCache/com.unity.test-framework@1.1.29/UnityEngine.TestRunner/TestRunner/ITestRunnerListener.cs(11,26): error CS0246: The type or namespace name 'ITest' could not be found (are you missing a using directive or an assembly reference?)\nLibrary/PackageCache/com.unity.test-framework@1.1.29/UnityEngine.TestRunner/Utils/TestRunCallbackListener.cs(14,32): error CS0246: The type or namespace name 'ITest' could not be found (are you missing a using directive or an assembly reference?)\nLibrary/PackageCache/com.unity.test-framework@1.1.29/UnityEngine.TestRunner/TestRunner/ITestRunnerListener.cs(12,27): error CS0246: The type or namespace name 'ITestResult' could not be found (are you missing a using directive or an assembly reference?)\nLibrary/PackageCache/com.unity.test-framework@1.1.29/UnityEngine.TestRunner/Utils/TestRunCallbackListener.cs(48,33): error CS0246: The type or namespace name 'ITestResult' could not be found (are you missing a using directive or an assembly reference?)\nLibrary/PackageCache/com.unity.test-framework@1.1.29/UnityEngine.TestRunner/TestRunner/Callbacks/PlayModeRunnerCallback.cs(11,33): error CS0246: The type or namespace name 'ITestResult' could not be found (are you missing a using directive or an assembly reference?)\nLibrary/PackageCache/com.unity.test-framework@1.1.29/UnityEngine.TestRunner/Utils/TestRunCallbackListener.cs(53,33): error CS0246: The type or namespace name 'ITest' could not be found (are you missing a using directive or an assembly reference?)\nLibrary/PackageCache/com.unity.test-framework@1.1.29/UnityEngine.TestRunner/TestRunner/Callbacks/PlayModeRunnerCallback.cs(22,34): error CS0246: The type or namespace name 'ITestResult' could not be found (are you missing a using directive or an assembly reference?)\nLibrary/PackageCache/com.unity.test-framework@1.1.29/UnityEngine.TestRunner/NUnitExtensions/Commands/BeforeAfterTestCommandBase.cs(17,61): error CS0246: The type or namespace name 'DelegatingTestCommand' could not be found (are you missing a using directive or an assembly reference?)\nLibrary/PackageCache/com.unity.test-framework@1.1.29/UnityEngine.TestRunner/TestRunner/Callbacks/PlayModeRunnerCallback.cs(32,32): error CS0246: The type or namespace name 'ITest' could not be found (are you missing a using directive or an assembly reference?)\nLibrary/PackageCache/com.unity.test-framework@1.1.29/UnityEngine.TestRunner/TestRunner/Callbacks/PlayModeRunnerCallback.cs(37,33): error CS0246: The type or namespace name 'ITest' could not be found (are you missing a using directive or an assembly reference?)\nLibrary/PackageCache/com.unity.test-framework@1.1.29/UnityEngine.TestRunner/Utils/TestRunCallbackListener.cs(58,34): error CS0246: The type or namespace name 'ITestResult' could not be found (are you missing a using directive or an assembly reference?)\nLibrary/PackageCache/com.unity.test-framework@1.1.29/UnityEngine.TestRunner/TestRunner/ITestRunnerListener.cs(16,51): error CS0246: The type or namespace name 'ITestResult' could not be found (are you missing a using directive or an assembly reference?)\nLibrary/PackageCache/com.unity.test-framework@1.1.29/UnityEngine.TestRunner/TestRunner/ITestRunnerListener.cs(19,50): error CS0246: The type or namespace name 'ITest' could not be found (are you missing a using directive or an assembly reference?)\nLibrary/PackageCache/com.unity.test-framework@1.1.29/UnityEngine.TestRunner/TestRunner/Callbacks/RemoteTestResultSender.cs(37,32): error CS0246: The type or namespace name 'ITest' could not be found (are you missing a using directive or an assembly reference?)\nLibrary/PackageCache/com.unity.test-framework@1.1.29/UnityEngine.TestRunner/TestRunner/ITestRunnerListener.cs(22,50): error CS0246: The type or namespace name 'ITestResult' could not be found (are you missing a using directive or an assembly reference?)\nLibrary/PackageCache/com.unity.test-framework@1.1.29/UnityEngine.TestRunner/TestRunner/Callbacks/RemoteTestResultSender.cs(50,33): error CS0246: The type or namespace name 'ITestResult' could not be found (are you missing a using directive or an assembly reference?)\nLibrary/PackageCache/com.unity.test-framework@1.1.29/UnityEngine.TestRunner/TestRunner/ITestRunnerListener.cs(25,49): error CS0246: The type or namespace name 'ITest' could not be found (are you missing a using directive or an assembly reference?)\nLibrary/PackageCache/com.unity.test-framework@1.1.29/UnityEngine.TestRunner/NUnitExtensions/Commands/BeforeAfterTestCommandBase.cs(76,63): error CS0246: The type or namespace name 'Test' could not be found (are you missing a using directive or an assembly reference?)\nLibrary/PackageCache/com.unity.test-framework@1.1.29/UnityEngine.TestRunner/TestRunner/Callbacks/RemoteTestResultSender.cs(59,33): error CS0246: The type or namespace name 'ITest' could not be found (are you missing a using directive or an assembly reference?)\nLibrary/PackageCache/com.unity.test-framework@1.1.29/UnityEngine.TestRunner/NUnitExtensions/Commands/BeforeAfterTestCommandBase.cs(78,62): error CS0246: The type or namespace name 'Test' could not be found (are you missing a using directive or an assembly reference?)\nLibrary/PackageCache/com.unity.test-framework@1.1.29/UnityEngine.TestRunner/TestRunner/Callbacks/RemoteTestResultSender.cs(72,34): error CS0246: The type or namespace name 'ITestResult' could not be found (are you missing a using directive or an assembly reference?)\nLibrary/PackageCache/com.unity.test-framework@1.1.29/UnityEngine.TestRunner/TestRunner/Callbacks/TestResultRenderer.cs(43,37): error CS0246: The type or namespace name 'ITestResult' could not be found (are you missing a using directive or an assembly reference?)\nLibrary/PackageCache/com.unity.test-framework@1.1.29/UnityEngine.TestRunner/TestRunner/Callbacks/TestResultRenderer.cs(32,31): error CS0246: The type or namespace name 'ITestResult' could not be found (are you missing a using directive or an assembly reference?)\nLibrary/PackageCache/com.unity.test-framework@1.1.29/UnityEngine.TestRunner/TestRunner/PlaymodeTestsControllerSettings.cs(31,18): error CS0246: The type or namespace name 'ITestFilter' could not be found (are you missing a using directive or an assembly reference?)\nLibrary/PackageCache/com.unity.test-framework@1.1.29/UnityEngine.TestRunner/TestRunner/Callbacks/TestResultRenderer.cs(37,35): error CS0246: The type or namespace name 'ITestResult' could not be found (are you missing a using directive or an assembly reference?)\nLibrary/PackageCache/com.unity.test-framework@1.1.29/UnityEngine.TestRunner/NUnitExtensions/Commands/BeforeAfterTestCommandBase.cs(80,77): error CS0246: The type or namespace name 'Test' could not be found (are you missing a using directive or an assembly reference?)\nLibrary/PackageCache/com.unity.test-framework@1.1.29/UnityEngine.TestRunner/TestRunner/Callbacks/TestResultRendererCallback.cs(8,32): error CS0246: The type or namespace name 'ITest' could not be found (are you missing a using directive or an assembly reference?)\nLibrary/PackageCache/com.unity.test-framework@1.1.29/UnityEngine.TestRunner/TestRunner/Callbacks/TestResultRendererCallback.cs(12,33): error CS0246: The type or namespace name 'ITestResult' could not be found (are you missing a using directive or an assembly reference?)\nLibrary/PackageCache/com.unity.test-framework@1.1.29/UnityEngine.TestRunner/TestRunner/Callbacks/TestResultRendererCallback.cs(28,33): error CS0246: The type or namespace name 'ITest' could not be found (are you missing a using directive or an assembly reference?)\nLibrary/PackageCache/com.unity.test-framework@1.1.29/UnityEngine.TestRunner/TestRunner/RuntimeTestRunnerFilter.cs(22,16): error CS0246: The type or namespace name 'ITestFilter' could not be found (are you missing a using directive or an assembly reference?)\nLibrary/PackageCache/com.unity.test-framework@1.1.29/UnityEngine.TestRunner/TestRunner/Callbacks/TestResultRendererCallback.cs(32,34): error CS0246: The type or namespace name 'ITestResult' could not be found (are you missing a using directive or an assembly reference?)\nLibrary/PackageCache/com.unity.test-framework@1.1.29/UnityEngine.TestRunner/NUnitExtensions/Commands/BeforeAfterTestCommandBase.cs(85,76): error CS0246: The type or namespace name 'Test' could not be found (are you missing a using directive or an assembly reference?)\nLibrary/PackageCache/com.unity.test-framework@1.1.29/UnityEngine.TestRunner/NUnitExtensions/Commands/BeforeAfterTestCommandBase.cs(92,46): error CS0246: The type or namespace name 'ITestExecutionContext' could not be found (are you missing a using directive or an assembly reference?)\nLibrary/PackageCache/com.unity.test-framework@1.1.29/UnityEngine.TestRunner/TestRunner/RuntimeTestRunnerFilter.cs(61,45): error CS0246: The type or namespace name 'ITestFilter' could not be found (are you missing a using directive or an assembly reference?)\nLibrary/PackageCache/com.unity.test-framework@1.1.29/UnityEngine.TestRunner/TestRunner/RuntimeTestRunnerFilter.cs(61,97): error CS0246: The type or namespace name 'TestFilter' could not be found (are you missing a using directive or an assembly reference?)\nLibrary/PackageCache/com.unity.test-framework@1.1.29/UnityEngine.TestRunner/TestRunner/SynchronousFilter.cs(9,31): error CS0246: The type or namespace name 'ITestFilter' could not be found (are you missing a using directive or an assembly reference?)\nLibrary/PackageCache/com.unity.test-framework@1.1.29/UnityEngine.TestRunner/NUnitExtensions/Commands/BeforeAfterTestCommandBase.cs(264,44): error CS0246: The type or namespace name 'ITestExecutionContext' could not be found (are you missing a using directive or an assembly reference?)\nLibrary/PackageCache/com.unity.test-framework@1.1.29/UnityEngine.TestRunner/NUnitExtensions/Commands/BeforeAfterTestCommandBase.cs(264,25): error CS0246: The type or namespace name 'TestResult' could not be found (are you missing a using directive or an assembly reference?)\nLibrary/PackageCache/com.unity.test-framework@1.1.29/UnityEngine.TestRunner/TestRunner/SynchronousFilter.cs(11,16): error CS0246: The type or namespace name 'TNode' could not be found (are you missing a using directive or an assembly reference?)\nLibrary/PackageCache/com.unity.test-framework@1.1.29/UnityEngine.TestRunner/NUnitExtensions/Commands/BeforeAfterTestCommandBase.cs(270,47): error CS0246: The type or namespace name 'ITestExecutionContext' could not be found (are you missing a using directive or an assembly reference?)\nLibrary/PackageCache/com.unity.test-framework@1.1.29/UnityEngine.TestRunner/TestRunner/SynchronousFilter.cs(16,31): error CS0246: The type or namespace name 'TNode' could not be found (are you missing a using directive or an assembly reference?)\nLibrary/PackageCache/com.unity.test-framework@1.1.29/UnityEngine.TestRunner/TestRunner/SynchronousFilter.cs(16,16): error CS0246: The type or namespace name 'TNode' could not be found (are you missing a using directive or an assembly reference?)\nLibrary/PackageCache/com.unity.test-framework@1.1.29/UnityEngine.TestRunner/TestRunner/SynchronousFilter.cs(21,26): error CS0246: The type or namespace name 'ITest' could not be found (are you missing a using directive or an assembly reference?)\nLibrary/PackageCache/com.unity.test-framework@1.1.29/UnityEngine.TestRunner/NUnitExtensions/Runner/IEnumerableTestMethodCommand.cs(8,39): error CS0246: The type or namespace name 'ITestExecutionContext' could not be found (are you missing a using directive or an assembly reference?)\nLibrary/PackageCache/com.unity.test-framework@1.1.29/UnityEngine.TestRunner/TestRunner/SynchronousFilter.cs(46,37): error CS0246: The type or namespace name 'ITest' could not be found (are you missing a using directive or an assembly reference?)\nLibrary/PackageCache/com.unity.test-framework@1.1.29/UnityEngine.TestRunner/TestRunner/TestEnumeratorWrapper.cs(19,42): error CS0246: The type or namespace name 'ITestExecutionContext' could not be found (are you missing a using directive or an assembly reference?)\nLibrary/PackageCache/com.unity.test-framework@1.1.29/UnityEngine.TestRunner/NUnitExtensions/Runner/CompositeWorkItem.cs(268,34): error CS0246: The type or namespace name 'ResultState' could not be found (are you missing a using directive or an assembly reference?)\nLibrary/PackageCache/com.unity.test-framework@1.1.29/UnityEngine.TestRunner/TestRunner/TestEnumeratorWrapper.cs(34,50): error CS0246: The type or namespace name 'ITestExecutionContext' could not be found (are you missing a using directive or an assembly reference?)\nLibrary/PackageCache/com.unity.test-framework@1.1.29/UnityEngine.TestRunner/NUnitExtensions/Commands/BeforeAfterTestCommandBase.cs(22,46): error CS0246: The type or namespace name 'TestCommand' could not be found (are you missing a using directive or an assembly reference?)\nLibrary/PackageCache/com.unity.test-framework@1.1.29/UnityEngine.TestRunner/TestRunner/TestEnumeratorWrapper.cs(12,26): error CS0246: The type or namespace name 'TestMethod' could not be found (are you missing a using directive or an assembly reference?)\nLibrary/PackageCache/com.unity.test-framework@1.1.29/UnityEngine.TestRunner/TestRunner/TestEnumeratorWrapper.cs(14,38): error CS0246: The type or namespace name 'TestMethod' could not be found (are you missing a using directive or an assembly reference?)\nLibrary/PackageCache/com.unity.test-framework@1.1.29/UnityEngine.TestRunner/TestRunner/TestListenerWrapper.cs(5,42): error CS0246: The type or namespace name 'ITestListener' could not be found (are you missing a using directive or an assembly reference?)\nLibrary/PackageCache/com.unity.test-framework@1.1.29/UnityEngine.TestRunner/TestRunner/TestListenerWrapper.cs(16,33): error CS0246: The type or namespace name 'ITest' could not be found (are you missing a using directive or an assembly reference?)\nLibrary/PackageCache/com.unity.test-framework@1.1.29/UnityEngine.TestRunner/NUnitExtensions/Runner/CompositeWorkItem.cs(274,35): error CS0246: The type or namespace name 'TestSuite' could not be found (are you missing a using directive or an assembly reference?)\nLibrary/PackageCache/com.unity.test-framework@1.1.29/UnityEngine.TestRunner/NUnitExtensions/Runner/CompositeWorkItem.cs(274,52): error CS0246: The type or namespace name 'ResultState' could not be found (are you missing a using directive or an assembly reference?)\nLibrary/PackageCache/com.unity.test-framework@1.1.29/UnityEngine.TestRunner/TestRunner/TestListenerWrapper.cs(21,34): error CS0246: The type or namespace name 'ITestResult' could not be found (are you missing a using directive or an assembly reference?)\nLibrary/PackageCache/com.unity.test-framework@1.1.29/UnityEngine.TestRunner/TestRunner/TestListenerWrapper.cs(26,32): error CS0246: The type or namespace name 'TestOutput' could not be found (are you missing a using directive or an assembly reference?)\nLibrary/PackageCache/com.unity.test-framework@1.1.29/UnityEngine.TestRunner/NUnitExtensions/Commands/BeforeAfterTestCommandState.cs(38,37): error CS0246: The type or namespace name 'TestResult' could not be found (are you missing a using directive or an assembly reference?)\nLibrary/PackageCache/com.unity.test-framework@1.1.29/UnityEngine.TestRunner/NUnitExtensions/Runner/CompositeWorkItem.cs(19,26): error CS0246: The type or namespace name 'TestSuite' could not be found (are you missing a using directive or an assembly reference?)\nLibrary/PackageCache/com.unity.test-framework@1.1.29/UnityEngine.TestRunner/NUnitExtensions/Commands/BeforeAfterTestCommandState.cs(47,37): error CS0246: The type or namespace name 'TestResult' could not be found (are you missing a using directive or an assembly reference?)\nLibrary/PackageCache/com.unity.test-framework@1.1.29/UnityEngine.TestRunner/NUnitExtensions/TestExtensions.cs(12,67): error CS0246: The type or namespace name 'ITest' could not be found (are you missing a using directive or an assembly reference?)\nLibrary/PackageCache/com.unity.test-framework@1.1.29/UnityEngine.TestRunner/NUnitExtensions/Commands/BeforeAfterTestCommandState.cs(15,16): error CS0246: The type or namespace name 'TestStatus' could not be found (are you missing a using directive or an assembly reference?)\nLibrary/PackageCache/com.unity.test-framework@1.1.29/UnityEngine.TestRunner/NUnitExtensions/Runner/CompositeWorkItem.cs(20,26): error CS0246: The type or namespace name 'TestSuiteResult' could not be found (are you missing a using directive or an assembly reference?)\nLibrary/PackageCache/com.unity.test-framework@1.1.29/UnityEngine.TestRunner/NUnitExtensions/TestExtensions.cs(26,45): error CS0246: The type or namespace name 'ITest' could not be found (are you missing a using directive or an assembly reference?)\nLibrary/PackageCache/com.unity.test-framework@1.1.29/UnityEngine.TestRunner/NUnitExtensions/Commands/BeforeAfterTestCommandState.cs(17,16): error CS0246: The type or namespace name 'FailureSite' could not be found (are you missing a using directive or an assembly reference?)\nLibrary/PackageCache/com.unity.test-framework@1.1.29/UnityEngine.TestRunner/NUnitExtensions/TestExtensions.cs(32,66): error CS0246: The type or namespace name 'ITest' could not be found (are you missing a using directive or an assembly reference?)\nLibrary/PackageCache/com.unity.test-framework@1.1.29/UnityEngine.TestRunner/NUnitExtensions/Runner/CompositeWorkItem.cs(21,26): error CS0246: The type or namespace name 'ITestFilter' could not be found (are you missing a using directive or an assembly reference?)\nLibrary/PackageCache/com.unity.test-framework@1.1.29/UnityEngine.TestRunner/NUnitExtensions/TestExtensions.cs(42,56): error CS0246: The type or namespace name 'ITest' could not be found (are you missing a using directive or an assembly reference?)\nLibrary/PackageCache/com.unity.test-framework@1.1.29/UnityEngine.TestRunner/NUnitExtensions/Commands/EnumerableApplyChangesToContextCommand.cs(11,61): error CS0246: The type or namespace name 'ApplyChangesToContextCommand' could not be found (are you missing a using directive or an assembly reference?)\nLibrary/PackageCache/com.unity.test-framework@1.1.29/UnityEngine.TestRunner/NUnitExtensions/Runner/CompositeWorkItem.cs(22,17): error CS0246: The type or namespace name 'TestCommand' could not be found (are you missing a using directive or an assembly reference?)\nLibrary/PackageCache/com.unity.test-framework@1.1.29/UnityEngine.TestRunner/NUnitExtensions/TestExtensions.cs(63,46): error CS0246: The type or namespace name 'ITest' could not be found (are you missing a using directive or an assembly reference?)\nLibrary/PackageCache/com.unity.test-framework@1.1.29/UnityEngine.TestRunner/NUnitExtensions/TestExtensions.cs(69,47): error CS0246: The type or namespace name 'ITest' could not be found (are you missing a using directive or an assembly reference?)\nLibrary/PackageCache/com.unity.test-framework@1.1.29/UnityEngine.TestRunner/NUnitExtensions/Commands/EnumerableApplyChangesToContextCommand.cs(16,46): error CS0246: The type or namespace name 'ITestExecutionContext' could not be found (are you missing a using directive or an assembly reference?)\nLibrary/PackageCache/com.unity.test-framework@1.1.29/UnityEngine.TestRunner/NUnitExtensions/Runner/CompositeWorkItem.cs(23,17): error CS0246: The type or namespace name 'TestCommand' could not be found (are you missing a using directive or an assembly reference?)\nLibrary/PackageCache/com.unity.test-framework@1.1.29/UnityEngine.TestRunner/NUnitExtensions/TestExtensions.cs(75,39): error CS0246: The type or namespace name 'ITest' could not be found (are you missing a using directive or an assembly reference?)\nLibrary/PackageCache/com.unity.test-framework@1.1.29/UnityEngine.TestRunner/NUnitExtensions/TestExtensions.cs(89,49): error CS0246: The type or namespace name 'ITest' could not be found (are you missing a using directive or an assembly reference?)\nLibrary/PackageCache/com.unity.test-framework@1.1.29/UnityEngine.TestRunner/NUnitExtensions/Commands/EnumerableApplyChangesToContextCommand.cs(13,55): error CS0246: The type or namespace name 'TestCommand' could not be found (are you missing a using directive or an assembly reference?)\nLibrary/PackageCache/com.unity.test-framework@1.1.29/UnityEngine.TestRunner/NUnitExtensions/Commands/EnumerableApplyChangesToContextCommand.cs(13,93): error CS0246: The type or namespace name 'IApplyToContext' could not be found (are you missing a using directive or an assembly reference?)\nLibrary/PackageCache/com.unity.test-framework@1.1.29/UnityEngine.TestRunner/NUnitExtensions/TestExtensions.cs(105,47): error CS0246: The type or namespace name 'ITest' could not be found (are you missing a using directive or an assembly reference?)\nLibrary/PackageCache/com.unity.test-framework@1.1.29/UnityEngine.TestRunner/NUnitExtensions/Commands/EnumerableRepeatedTestCommand.cs(12,52): error CS0246: The type or namespace name 'DelegatingTestCommand' could not be found (are you missing a using directive or an assembly reference?)\nLibrary/PackageCache/com.unity.test-framework@1.1.29/UnityEngine.TestRunner/NUnitExtensions/TestExtensions.cs(122,61): error CS0246: The type or namespace name 'ITest' could not be found (are you missing a using directive or an assembly reference?)\nLibrary/PackageCache/com.unity.test-framework@1.1.29/UnityEngine.TestRunner/NUnitExtensions/TestExtensions.cs(137,45): error CS0246: The type or namespace name 'ITest' could not be found (are you missing a using directive or an assembly reference?)\nLibrary/PackageCache/com.unity.test-framework@1.1.29/UnityEngine.TestRunner/NUnitExtensions/TestExtensions.cs(142,49): error CS0246: The type or namespace name 'ITest' could not be found (are you missing a using directive or an assembly reference?)\nLibrary/PackageCache/com.unity.test-framework@1.1.29/UnityEngine.TestRunner/NUnitExtensions/Commands/EnumerableRepeatedTestCommand.cs(23,44): error CS0246: The type or namespace name 'ITestExecutionContext' could not be found (are you missing a using directive or an assembly reference?)\nLibrary/PackageCache/com.unity.test-framework@1.1.29/UnityEngine.TestRunner/NUnitExtensions/Commands/EnumerableRepeatedTestCommand.cs(23,25): error CS0246: The type or namespace name 'TestResult' could not be found (are you missing a using directive or an assembly reference?)\nLibrary/PackageCache/com.unity.test-framework@1.1.29/UnityEngine.TestRunner/NUnitExtensions/TestExtensions.cs(150,47): error CS0246: The type or namespace name 'ITest' could not be found (are you missing a using directive or an assembly reference?)\nLibrary/PackageCache/com.unity.test-framework@1.1.29/UnityEngine.TestRunner/NUnitExtensions/Commands/EnumerableRepeatedTestCommand.cs(28,46): error CS0246: The type or namespace name 'ITestExecutionContext' could not be found (are you missing a using directive or an assembly reference?)\nLibrary/PackageCache/com.unity.test-framework@1.1.29/UnityEngine.TestRunner/NUnitExtensions/TestExtensions.cs(158,53): error CS0246: The type or namespace name 'ITest' could not be found (are you missing a using directive or an assembly reference?)\nLibrary/PackageCache/com.unity.test-framework@1.1.29/UnityEngine.TestRunner/NUnitExtensions/Commands/EnumerableRepeatedTestCommand.cs(16,46): error CS0246: The type or namespace name 'RepeatAttribute' could not be found (are you missing a using directive or an assembly reference?)\nLibrary/PackageCache/com.unity.test-framework@1.1.29/UnityEngine.TestRunner/NUnitExtensions/TestExtensions.cs(166,55): error CS0246: The type or namespace name 'ITest' could not be found (are you missing a using directive or an assembly reference?)\nLibrary/PackageCache/com.unity.test-framework@1.1.29/UnityEngine.TestRunner/NUnitExtensions/Commands/EnumerableRetryTestCommand.cs(12,49): error CS0246: The type or namespace name 'DelegatingTestCommand' could not be found (are you missing a using directive or an assembly reference?)\nLibrary/PackageCache/com.unity.test-framework@1.1.29/UnityEngine.TestRunner/NUnitExtensions/TestResultExtensions.cs(10,57): error CS0246: The type or namespace name 'TestResult' could not be found (are you missing a using directive or an assembly reference?)\nLibrary/PackageCache/com.unity.test-framework@1.1.29/UnityEngine.TestRunner/NUnitExtensions/TestResultExtensions.cs(10,109): error CS0246: The type or namespace name 'ResultState' could not be found (are you missing a using directive or an assembly reference?)\nLibrary/PackageCache/com.unity.test-framework@1.1.29/UnityEngine.TestRunner/NUnitExtensions/Commands/EnumerableRetryTestCommand.cs(23,44): error CS0246: The type or namespace name 'ITestExecutionContext' could not be found (are you missing a using directive or an assembly reference?)\nLibrary/PackageCache/com.unity.test-framework@1.1.29/UnityEngine.TestRunner/NUnitExtensions/Commands/EnumerableRetryTestCommand.cs(23,25): error CS0246: The type or namespace name 'TestResult' could not be found (are you missing a using directive or an assembly reference?)\nLibrary/PackageCache/com.unity.test-framework@1.1.29/UnityEngine.TestRunner/NUnitExtensions/TestResultExtensions.cs(53,53): error CS0246: The type or namespace name 'TestResult' could not be found (are you missing a using directive or an assembly reference?)\nLibrary/PackageCache/com.unity.test-framework@1.1.29/UnityEngine.TestRunner/NUnitExtensions/TestResultExtensions.cs(53,105): error CS0246: The type or namespace name 'ResultState' could not be found (are you missing a using directive or an assembly reference?)\nLibrary/PackageCache/com.unity.test-framework@1.1.29/UnityEngine.TestRunner/NUnitExtensions/Commands/EnumerableRetryTestCommand.cs(28,46): error CS0246: The type or namespace name 'ITestExecutionContext' could not be found (are you missing a using directive or an assembly reference?)\nLibrary/PackageCache/com.unity.test-framework@1.1.29/UnityEngine.TestRunner/NUnitExtensions/Runner/FailCommand.cs(9,34): error CS0246: The type or namespace name 'TestCommand' could not be found (are you missing a using directive or an assembly reference?)\nLibrary/PackageCache/com.unity.test-framework@1.1.29/UnityEngine.TestRunner/NUnitExtensions/Commands/EnumerableRetryTestCommand.cs(16,43): error CS0246: The type or namespace name 'RetryAttribute' could not be found (are you missing a using directive or an assembly reference?)\nLibrary/PackageCache/com.unity.test-framework@1.1.29/UnityEngine.TestRunner/NUnitExtensions/Runner/FailCommand.cs(21,44): error CS0246: The type or namespace name 'ITestExecutionContext' could not be found (are you missing a using directive or an assembly reference?)\nLibrary/PackageCache/com.unity.test-framework@1.1.29/UnityEngine.TestRunner/NUnitExtensions/Runner/FailCommand.cs(21,25): error CS0246: The type or namespace name 'TestResult' could not be found (are you missing a using directive or an assembly reference?)\nLibrary/PackageCache/com.unity.test-framework@1.1.29/UnityEngine.TestRunner/NUnitExtensions/Runner/FailCommand.cs(27,46): error CS0246: The type or namespace name 'ITestExecutionContext' could not be found (are you missing a using directive or an assembly reference?)\nLibrary/PackageCache/com.unity.test-framework@1.1.29/UnityEngine.TestRunner/NUnitExtensions/Runner/FailCommand.cs(11,17): error CS0246: The type or namespace name 'ResultState' could not be found (are you missing a using directive or an assembly reference?)\nLibrary/PackageCache/com.unity.test-framework@1.1.29/UnityEngine.TestRunner/NUnitExtensions/Runner/FailCommand.cs(14,28): error CS0246: The type or namespace name 'Test' could not be found (are you missing a using directive or an assembly reference?)\nLibrary/PackageCache/com.unity.test-framework@1.1.29/UnityEngine.TestRunner/NUnitExtensions/Runner/FailCommand.cs(14,39): error CS0246: The type or namespace name 'ResultState' could not be found (are you missing a using directive or an assembly reference?)\nLibrary/PackageCache/com.unity.test-framework@1.1.29/UnityEngine.TestRunner/NUnitExtensions/Commands/EnumerableSetUpTearDownCommand.cs(31,77): error CS0246: The type or namespace name 'Test' could not be found (are you missing a using directive or an assembly reference?)\nLibrary/PackageCache/com.unity.test-framework@1.1.29/UnityEngine.TestRunner/NUnitExtensions/Commands/EnumerableSetUpTearDownCommand.cs(37,78): error CS0246: The type or namespace name 'Test' could not be found (are you missing a using directive or an assembly reference?)\nLibrary/PackageCache/com.unity.test-framework@1.1.29/UnityEngine.TestRunner/NUnitExtensions/Runner/WorkItemFactory.cs(26,49): error CS0246: The type or namespace name 'TestMethod' could not be found (are you missing a using directive or an assembly reference?)\nLibrary/PackageCache/com.unity.test-framework@1.1.29/UnityEngine.TestRunner/NUnitExtensions/Runner/WorkItemFactory.cs(26,68): error CS0246: The type or namespace name 'ITestFilter' could not be found (are you missing a using directive or an assembly reference?)\nLibrary/PackageCache/com.unity.test-framework@1.1.29/UnityEngine.TestRunner/NUnitExtensions/Runner/WorkItemFactory.cs(26,88): error CS0246: The type or namespace name 'ITest' could not be found (are you missing a using directive or an assembly reference?)\nLibrary/PackageCache/com.unity.test-framework@1.1.29/UnityEngine.TestRunner/NUnitExtensions/Runner/PlaymodeWorkItemFactory.cs(8,49): error CS0246: The type or namespace name 'TestMethod' could not be found (are you missing a using directive or an assembly reference?)\nLibrary/PackageCache/com.unity.test-framework@1.1.29/UnityEngine.TestRunner/NUnitExtensions/Runner/PlaymodeWorkItemFactory.cs(8,68): error CS0246: The type or namespace name 'ITestFilter' could not be found (are you missing a using directive or an assembly reference?)\nLibrary/PackageCache/com.unity.test-framework@1.1.29/UnityEngine.TestRunner/NUnitExtensions/Runner/PlaymodeWorkItemFactory.cs(8,88): error CS0246: The type or namespace name 'ITest' could not be found (are you missing a using directive or an assembly reference?)\nLibrary/PackageCache/com.unity.test-framework@1.1.29/UnityEngine.TestRunner/NUnitExtensions/Commands/EnumerableSetUpTearDownCommand.cs(43,72): error CS0246: The type or namespace name 'Test' could not be found (are you missing a using directive or an assembly reference?)\nLibrary/PackageCache/com.unity.test-framework@1.1.29/UnityEngine.TestRunner/NUnitExtensions/Commands/EnumerableSetUpTearDownCommand.cs(48,71): error CS0246: The type or namespace name 'Test' could not be found (are you missing a using directive or an assembly reference?)\nLibrary/PackageCache/com.unity.test-framework@1.1.29/UnityEngine.TestRunner/NUnitExtensions/Runner/TestCommandBuilder.cs(14,52): error CS0246: The type or namespace name 'TestMethod' could not be found (are you missing a using directive or an assembly reference?)\nLibrary/PackageCache/com.unity.test-framework@1.1.29/UnityEngine.TestRunner/NUnitExtensions/Runner/TestCommandBuilder.cs(14,69): error CS0246: The type or namespace name 'ITestFilter' could not be found (are you missing a using directive or an assembly reference?)\nLibrary/PackageCache/com.unity.test-framework@1.1.29/UnityEngine.TestRunner/NUnitExtensions/Runner/TestCommandBuilder.cs(14,23): error CS0246: The type or namespace name 'TestCommand' could not be found (are you missing a using directive or an assembly reference?)\nLibrary/PackageCache/com.unity.test-framework@1.1.29/UnityEngine.TestRunner/NUnitExtensions/Runner/TestCommandBuilder.cs(105,50): error CS0246: The type or namespace name 'TestMethod' could not be found (are you missing a using directive or an assembly reference?)\nLibrary/PackageCache/com.unity.test-framework@1.1.29/UnityEngine.TestRunner/NUnitExtensions/Commands/EnumerableSetUpTearDownCommand.cs(18,47): error CS0246: The type or namespace name 'TestCommand' could not be found (are you missing a using directive or an assembly reference?)\nLibrary/PackageCache/com.unity.test-framework@1.1.29/UnityEngine.TestRunner/NUnitExtensions/Runner/TestCommandBuilder.cs(114,68): error CS0246: The type or namespace name 'TestCommand' could not be found (are you missing a using directive or an assembly reference?)\nLibrary/PackageCache/com.unity.test-framework@1.1.29/UnityEngine.TestRunner/NUnitExtensions/Runner/TestCommandBuilder.cs(114,24): error CS0246: The type or namespace name 'TestCommand' could not be found (are you missing a using directive or an assembly reference?)\nLibrary/PackageCache/com.unity.test-framework@1.1.29/UnityEngine.TestRunner/NUnitExtensions/Commands/EnumerableTestMethodCommand.cs(16,50): error CS0246: The type or namespace name 'TestCommand' could not be found (are you missing a using directive or an assembly reference?)\nLibrary/PackageCache/com.unity.test-framework@1.1.29/UnityEngine.TestRunner/NUnitExtensions/Runner/UnityLogCheckDelegatingCommand.cs(14,44): error CS0246: The type or namespace name 'DelegatingTestCommand' could not be found (are you missing a using directive or an assembly reference?)\nLibrary/PackageCache/com.unity.test-framework@1.1.29/UnityEngine.TestRunner/NUnitExtensions/Commands/EnumerableTestMethodCommand.cs(26,46): error CS0246: The type or namespace name 'ITestExecutionContext' could not be found (are you missing a using directive or an assembly reference?)\nLibrary/PackageCache/com.unity.test-framework@1.1.29/UnityEngine.TestRunner/NUnitExtensions/Runner/CompositeWorkItem.cs(31,34): error CS0246: The type or namespace name 'TestSuite' could not be found (are you missing a using directive or an assembly reference?)\nLibrary/PackageCache/com.unity.test-framework@1.1.29/UnityEngine.TestRunner/NUnitExtensions/Runner/CompositeWorkItem.cs(31,51): error CS0246: The type or namespace name 'ITestFilter' could not be found (are you missing a using directive or an assembly reference?)\nLibrary/PackageCache/com.unity.test-framework@1.1.29/UnityEngine.TestRunner/NUnitExtensions/Runner/UnityLogCheckDelegatingCommand.cs(21,44): error CS0246: The type or namespace name 'ITestExecutionContext' could not be found (are you missing a using directive or an assembly reference?)\nLibrary/PackageCache/com.unity.test-framework@1.1.29/UnityEngine.TestRunner/NUnitExtensions/Runner/UnityLogCheckDelegatingCommand.cs(21,25): error CS0246: The type or namespace name 'TestResult' could not be found (are you missing a using directive or an assembly reference?)\nLibrary/PackageCache/com.unity.test-framework@1.1.29/UnityEngine.TestRunner/NUnitExtensions/Runner/UnityLogCheckDelegatingCommand.cs(32,46): error CS0246: The type or namespace name 'ITestExecutionContext' could not be found (are you missing a using directive or an assembly reference?)\nLibrary/PackageCache/com.unity.test-framework@1.1.29/UnityEngine.TestRunner/NUnitExtensions/Runner/UnityLogCheckDelegatingCommand.cs(65,38): error CS0246: The type or namespace name 'TestResult' could not be found (are you missing a using directive or an assembly reference?)\nLibrary/PackageCache/com.unity.test-framework@1.1.29/UnityEngine.TestRunner/NUnitExtensions/Runner/CoroutineTestWorkItem.cs(15,17): error CS0246: The type or namespace name 'TestCommand' could not be found (are you missing a using directive or an assembly reference?)\nLibrary/PackageCache/com.unity.test-framework@1.1.29/UnityEngine.TestRunner/NUnitExtensions/Runner/UnityLogCheckDelegatingCommand.cs(79,59): error CS0246: The type or namespace name 'TestResult' could not be found (are you missing a using directive or an assembly reference?)\nLibrary/PackageCache/com.unity.test-framework@1.1.29/UnityEngine.TestRunner/NUnitExtensions/Runner/CoroutineTestWorkItem.cs(30,38): error CS0246: The type or namespace name 'TestMethod' could not be found (are you missing a using directive or an assembly reference?)\nLibrary/PackageCache/com.unity.test-framework@1.1.29/UnityEngine.TestRunner/NUnitExtensions/Runner/CoroutineTestWorkItem.cs(30,55): error CS0246: The type or namespace name 'ITestFilter' could not be found (are you missing a using directive or an assembly reference?)\nLibrary/PackageCache/com.unity.test-framework@1.1.29/UnityEngine.TestRunner/NUnitExtensions/Runner/DefaultTestWorkItem.cs(21,17): error CS0246: The type or namespace name 'TestCommand' could not be found (are you missing a using directive or an assembly reference?)\nLibrary/PackageCache/com.unity.test-framework@1.1.29/UnityEngine.TestRunner/Utils/AssemblyProvider/ITestAssemblyProvider.cs(7,9): error CS0246: The type or namespace name 'ITest' could not be found (are you missing a using directive or an assembly reference?)\nLibrary/PackageCache/com.unity.test-framework@1.1.29/UnityEngine.TestRunner/NUnitExtensions/Runner/DefaultTestWorkItem.cs(22,36): error CS0246: The type or namespace name 'TestMethod' could not be found (are you missing a using directive or an assembly reference?)\nLibrary/PackageCache/com.unity.test-framework@1.1.29/UnityEngine.TestRunner/NUnitExtensions/Runner/DefaultTestWorkItem.cs(22,53): error CS0246: The type or namespace name 'ITestFilter' could not be found (are you missing a using directive or an assembly reference?)\nLibrary/PackageCache/com.unity.test-framework@1.1.29/UnityEngine.TestRunner/Utils/AssemblyProvider/PlayerTestAssemblyProvider.cs(24,16): error CS0246: The type or namespace name 'ITest' could not be found (are you missing a using directive or an assembly reference?)\nLibrary/PackageCache/com.unity.test-framework@1.1.29/UnityEngine.TestRunner/NUnitExtensions/Runner/UnityLogCheckDelegatingCommand.cs(82,59): error CS0246: The type or namespace name 'TestCommand' could not be found (are you missing a using directive or an assembly reference?)\nLibrary/PackageCache/com.unity.test-framework@1.1.29/UnityEngine.TestRunner/NUnitExtensions/Runner/UnityLogCheckDelegatingCommand.cs(82,80): error CS0246: The type or namespace name 'TestResult' could not be found (are you missing a using directive or an assembly reference?)\nLibrary/PackageCache/com.unity.test-framework@1.1.29/UnityEngine.TestRunner/NUnitExtensions/Runner/UnityTestExecutionContext.cs(14,48): error CS0246: The type or namespace name 'ITestExecutionContext' could not be found (are you missing a using directive or an assembly reference?)\nLibrary/PackageCache/com.unity.test-framework@1.1.29/UnityEngine.TestRunner/Utils/AssemblyProvider/PlayerTestAssemblyProvider.cs(34,26): error CS0246: The type or namespace name 'ITest' could not be found (are you missing a using directive or an assembly reference?)\nLibrary/PackageCache/com.unity.test-framework@1.1.29/UnityEngine.TestRunner/NUnitExtensions/Runner/UnityLogCheckDelegatingCommand.cs(88,31): error CS0246: The type or namespace name 'TestResult' could not be found (are you missing a using directive or an assembly reference?)\nLibrary/PackageCache/com.unity.test-framework@1.1.29/UnityEngine.TestRunner/NUnitExtensions/Runner/UnityLogCheckDelegatingCommand.cs(91,57): error CS0246: The type or namespace name 'TestResult' could not be found (are you missing a using directive or an assembly reference?)\nLibrary/PackageCache/com.unity.test-framework@1.1.29/UnityEngine.TestRunner/NUnitExtensions/Runner/UnityLogCheckDelegatingCommand.cs(101,58): error CS0246: The type or namespace name 'TestResult' could not be found (are you missing a using directive or an assembly reference?)\nLibrary/PackageCache/com.unity.test-framework@1.1.29/UnityEngine.TestRunner/NUnitExtensions/Runner/UnityLogCheckDelegatingCommand.cs(18,47): error CS0246: The type or namespace name 'TestCommand' could not be found (are you missing a using directive or an assembly reference?)\nLibrary/PackageCache/com.unity.test-framework@1.1.29/UnityEngine.TestRunner/NUnitExtensions/Commands/EnumerableTestMethodCommand.cs(130,44): error CS0246: The type or namespace name 'ITestExecutionContext' could not be found (are you missing a using directive or an assembly reference?)\nLibrary/PackageCache/com.unity.test-framework@1.1.29/UnityEngine.TestRunner/NUnitExtensions/Commands/EnumerableTestMethodCommand.cs(130,25): error CS0246: The type or namespace name 'TestResult' could not be found (are you missing a using directive or an assembly reference?)\nLibrary/PackageCache/com.unity.test-framework@1.1.29/UnityEngine.TestRunner/NUnitExtensions/Commands/EnumerableTestMethodCommand.cs(18,26): error CS0246: The type or namespace name 'TestMethod' could not be found (are you missing a using directive or an assembly reference?)\nLibrary/PackageCache/com.unity.test-framework@1.1.29/UnityEngine.TestRunner/NUnitExtensions/Commands/EnumerableTestMethodCommand.cs(20,44): error CS0246: The type or namespace name 'TestMethod' could not be found (are you missing a using directive or an assembly reference?)\nLibrary/PackageCache/com.unity.test-framework@1.1.29/UnityEngine.TestRunner/NUnitExtensions/Commands/EnumerableTestMethodCommand.cs(105,30): error CS0246: The type or namespace name 'ITestExecutionContext' could not be found (are you missing a using directive or an assembly reference?)\nLibrary/PackageCache/com.unity.test-framework@1.1.29/UnityEngine.TestRunner/NUnitExtensions/Commands/EnumerableTestMethodCommand.cs(107,38): error CS0246: The type or namespace name 'ITestExecutionContext' could not be found (are you missing a using directive or an assembly reference?)\nLibrary/PackageCache/com.unity.test-framework@1.1.29/UnityEngine.TestRunner/NUnitExtensions/Runner/UnityTestAssemblyRunner.cs(15,9): error CS0246: The type or namespace name 'ITest' could not be found (are you missing a using directive or an assembly reference?)\nLibrary/PackageCache/com.unity.test-framework@1.1.29/UnityEngine.TestRunner/NUnitExtensions/Commands/ImmediateEnumerableCommand.cs(9,49): error CS0246: The type or namespace name 'DelegatingTestCommand' could not be found (are you missing a using directive or an assembly reference?)\nLibrary/PackageCache/com.unity.test-framework@1.1.29/UnityEngine.TestRunner/NUnitExtensions/Runner/UnityTestAssemblyRunner.cs(16,9): error CS0246: The type or namespace name 'ITestResult' could not be found (are you missing a using directive or an assembly reference?)\nLibrary/PackageCache/com.unity.test-framework@1.1.29/UnityEngine.TestRunner/NUnitExtensions/Commands/ImmediateEnumerableCommand.cs(14,44): error CS0246: The type or namespace name 'ITestExecutionContext' could not be found (are you missing a using directive or an assembly reference?)\nLibrary/PackageCache/com.unity.test-framework@1.1.29/UnityEngine.TestRunner/NUnitExtensions/Commands/ImmediateEnumerableCommand.cs(14,25): error CS0246: The type or namespace name 'TestResult' could not be found (are you missing a using directive or an assembly reference?)\nLibrary/PackageCache/com.unity.test-framework@1.1.29/UnityEngine.TestRunner/NUnitExtensions/Commands/ImmediateEnumerableCommand.cs(11,43): error CS0246: The type or namespace name 'TestCommand' could not be found (are you missing a using directive or an assembly reference?)\nLibrary/PackageCache/com.unity.test-framework@1.1.29/UnityEngine.TestRunner/NUnitExtensions/Commands/OuterUnityTestActionCommand.cs(23,83): error CS0246: The type or namespace name 'Test' could not be found (are you missing a using directive or an assembly reference?)\nLibrary/PackageCache/com.unity.test-framework@1.1.29/UnityEngine.TestRunner/NUnitExtensions/Runner/UnityTestAssemblyRunner.cs(22,9): error CS0246: The type or namespace name 'ITest' could not be found (are you missing a using directive or an assembly reference?)\nLibrary/PackageCache/com.unity.test-framework@1.1.29/UnityEngine.TestRunner/NUnitExtensions/Commands/OuterUnityTestActionCommand.cs(28,82): error CS0246: The type or namespace name 'Test' could not be found (are you missing a using directive or an assembly reference?)\nLibrary/PackageCache/com.unity.test-framework@1.1.29/UnityEngine.TestRunner/NUnitExtensions/Commands/OuterUnityTestActionCommand.cs(13,44): error CS0246: The type or namespace name 'TestCommand' could not be found (are you missing a using directive or an assembly reference?)\nLibrary/PackageCache/com.unity.test-framework@1.1.29/UnityEngine.TestRunner/NUnitExtensions/Runner/UnityTestAssemblyRunner.cs(23,25): error CS0246: The type or namespace name 'ITestListener' could not be found (are you missing a using directive or an assembly reference?)\nLibrary/PackageCache/com.unity.test-framework@1.1.29/UnityEngine.TestRunner/NUnitExtensions/Runner/UnityTestAssemblyRunner.cs(23,49): error CS0246: The type or namespace name 'ITestFilter' could not be found (are you missing a using directive or an assembly reference?)\nLibrary/PackageCache/com.unity.test-framework@1.1.29/UnityEngine.TestRunner/NUnitExtensions/Commands/SetUpTearDownCommand.cs(32,72): error CS0246: The type or namespace name 'Test' could not be found (are you missing a using directive or an assembly reference?)\nLibrary/PackageCache/com.unity.test-framework@1.1.29/UnityEngine.TestRunner/NUnitExtensions/Runner/UnityTestAssemblyRunner.cs(40,16): error CS0246: The type or namespace name 'ITest' could not be found (are you missing a using directive or an assembly reference?)\nLibrary/PackageCache/com.unity.test-framework@1.1.29/UnityEngine.TestRunner/NUnitExtensions/Runner/UnityTestAssemblyRunner.cs(42,16): error CS0246: The type or namespace name 'ITestResult' could not be found (are you missing a using directive or an assembly reference?)\nLibrary/PackageCache/com.unity.test-framework@1.1.29/UnityEngine.TestRunner/NUnitExtensions/Commands/SetUpTearDownCommand.cs(39,71): error CS0246: The type or namespace name 'Test' could not be found (are you missing a using directive or an assembly reference?)\nLibrary/PackageCache/com.unity.test-framework@1.1.29/UnityEngine.TestRunner/NUnitExtensions/Runner/UnityTestAssemblyRunner.cs(68,16): error CS0246: The type or namespace name 'ITest' could not be found (are you missing a using directive or an assembly reference?)\nLibrary/PackageCache/com.unity.test-framework@1.1.29/UnityEngine.TestRunner/NUnitExtensions/Runner/UnityTestAssemblyRunner.cs(78,32): error CS0246: The type or namespace name 'ITestListener' could not be found (are you missing a using directive or an assembly reference?)\nLibrary/PackageCache/com.unity.test-framework@1.1.29/UnityEngine.TestRunner/NUnitExtensions/Runner/UnityTestAssemblyRunner.cs(78,56): error CS0246: The type or namespace name 'ITestFilter' could not be found (are you missing a using directive or an assembly reference?)\nLibrary/PackageCache/com.unity.test-framework@1.1.29/UnityEngine.TestRunner/Utils/IOuterUnityTestAction.cs(14,32): error CS0246: The type or namespace name 'ITest' could not be found (are you missing a using directive or an assembly reference?)\nLibrary/PackageCache/com.unity.test-framework@1.1.29/UnityEngine.TestRunner/Utils/IOuterUnityTestAction.cs(19,31): error CS0246: The type or namespace name 'ITest' could not be found (are you missing a using directive or an assembly reference?)\nLibrary/PackageCache/com.unity.test-framework@1.1.29/UnityEngine.TestRunner/NUnitExtensions/Commands/SetUpTearDownCommand.cs(19,37): error CS0246: The type or namespace name 'TestCommand' could not be found (are you missing a using directive or an assembly reference?)\nLibrary/PackageCache/com.unity.test-framework@1.1.29/UnityEngine.TestRunner/NUnitExtensions/Commands/TestActionCommand.cs(11,67): error CS0246: The type or namespace name 'ITestAction' could not be found (are you missing a using directive or an assembly reference?)\nLibrary/PackageCache/com.unity.test-framework@1.1.29/UnityEngine.TestRunner/NUnitExtensions/Commands/TestActionCommand.cs(25,53): error CS0246: The type or namespace name 'ITestAction' could not be found (are you missing a using directive or an assembly reference?)\nLibrary/PackageCache/com.unity.test-framework@1.1.29/UnityEngine.TestRunner/NUnitExtensions/Commands/TestActionCommand.cs(25,73): error CS0246: The type or namespace name 'Test' could not be found (are you missing a using directive or an assembly reference?)\nLibrary/PackageCache/com.unity.test-framework@1.1.29/UnityEngine.TestRunner/NUnitExtensions/Commands/TestActionCommand.cs(31,52): error CS0246: The type or namespace name 'ITestAction' could not be found (are you missing a using directive or an assembly reference?)\nLibrary/PackageCache/com.unity.test-framework@1.1.29/UnityEngine.TestRunner/NUnitExtensions/Commands/TestActionCommand.cs(31,72): error CS0246: The type or namespace name 'Test' could not be found (are you missing a using directive or an assembly reference?)\nLibrary/PackageCache/com.unity.test-framework@1.1.29/UnityEngine.TestRunner/NUnitExtensions/Attributes/UnityCombinatorialStrategy.cs(8,49): error CS0246: The type or namespace name 'CombinatorialStrategy' could not be found (are you missing a using directive or an assembly reference?)\nLibrary/PackageCache/com.unity.test-framework@1.1.29/UnityEngine.TestRunner/NUnitExtensions/Attributes/UnityCombinatorialStrategy.cs(8,72): error CS0246: The type or namespace name 'ICombiningStrategy' could not be found (are you missing a using directive or an assembly reference?)\nLibrary/PackageCache/com.unity.test-framework@1.1.29/UnityEngine.TestRunner/NUnitExtensions/Attributes/UnityCombinatorialStrategy.cs(10,32): error CS0246: The type or namespace name 'ITestCaseData' could not be found (are you missing a using directive or an assembly reference?)\nLibrary/PackageCache/com.unity.test-framework@1.1.29/UnityEngine.TestRunner/NUnitExtensions/Commands/TestActionCommand.cs(13,53): error CS0246: The type or namespace name 'ITestAction' could not be found (are you missing a using directive or an assembly reference?)\nLibrary/PackageCache/com.unity.test-framework@1.1.29/UnityEngine.TestRunner/NUnitExtensions/Commands/TestActionCommand.cs(15,34): error CS0246: The type or namespace name 'TestCommand' could not be found (are you missing a using directive or an assembly reference?)\nLibrary/PackageCache/com.unity.test-framework@1.1.29/UnityEngine.TestRunner/NUnitExtensions/Runner/UnityTestExecutionContext.cs(24,16): error CS0246: The type or namespace name 'Test' could not be found (are you missing a using directive or an assembly reference?)\nLibrary/PackageCache/com.unity.test-framework@1.1.29/UnityEngine.TestRunner/NUnitExtensions/Commands/UnityTestMethodCommand.cs(8,45): error CS0246: The type or namespace name 'TestMethodCommand' could not be found (are you missing a using directive or an assembly reference?)\nLibrary/PackageCache/com.unity.test-framework@1.1.29/UnityEngine.TestRunner/NUnitExtensions/Runner/UnityTestExecutionContext.cs(27,16): error CS0246: The type or namespace name 'TestResult' could not be found (are you missing a using directive or an assembly reference?)\nLibrary/PackageCache/com.unity.test-framework@1.1.29/UnityEngine.TestRunner/NUnitExtensions/Commands/UnityTestMethodCommand.cs(13,44): error CS0246: The type or namespace name 'ITestExecutionContext' could not be found (are you missing a using directive or an assembly reference?)\nLibrary/PackageCache/com.unity.test-framework@1.1.29/UnityEngine.TestRunner/NUnitExtensions/Commands/UnityTestMethodCommand.cs(13,25): error CS0246: The type or namespace name 'TestResult' could not be found (are you missing a using directive or an assembly reference?)\nLibrary/PackageCache/com.unity.test-framework@1.1.29/UnityEngine.TestRunner/NUnitExtensions/Commands/UnityTestMethodCommand.cs(10,39): error CS0246: The type or namespace name 'TestMethod' could not be found (are you missing a using directive or an assembly reference?)\nLibrary/PackageCache/com.unity.test-framework@1.1.29/UnityEngine.TestRunner/NUnitExtensions/Runner/UnityTestExecutionContext.cs(43,16): error CS0246: The type or namespace name 'TestExecutionStatus' could not be found (are you missing a using directive or an assembly reference?)\nLibrary/PackageCache/com.unity.test-framework@1.1.29/UnityEngine.TestRunner/NUnitExtensions/Runner/UnityTestExecutionContext.cs(64,21): error CS0246: The type or namespace name 'ITestAction' could not be found (are you missing a using directive or an assembly reference?)\nLibrary/PackageCache/com.unity.test-framework@1.1.29/UnityEngine.TestRunner/NUnitExtensions/Runner/UnityTestExecutionContext.cs(68,16): error CS0246: The type or namespace name 'ITestListener' could not be found (are you missing a using directive or an assembly reference?)\nLibrary/PackageCache/com.unity.test-framework@1.1.29/UnityEngine.TestRunner/NUnitExtensions/Runner/UnityTestExecutionContext.cs(101,16): error CS0246: The type or namespace name 'IWorkItemDispatcher' could not be found (are you missing a using directive or an assembly reference?)\nLibrary/PackageCache/com.unity.test-framework@1.1.29/UnityEngine.TestRunner/NUnitExtensions/Runner/UnityTestExecutionContext.cs(103,16): error CS0246: The type or namespace name 'ParallelScope' could not be found (are you missing a using directive or an assembly reference?)\nLibrary/PackageCache/com.unity.test-framework@1.1.29/UnityEngine.TestRunner/NUnitExtensions/Runner/UnityTestExecutionContext.cs(105,16): error CS0246: The type or namespace name 'Randomizer' could not be found (are you missing a using directive or an assembly reference?)\nLibrary/PackageCache/com.unity.test-framework@1.1.29/UnityEngine.TestRunner/NUnitExtensions/Runner/UnityTestExecutionContext.cs(106,16): error CS0246: The type or namespace name 'ValueFormatter' could not be found (are you missing a using directive or an assembly reference?)\nLibrary/PackageCache/com.unity.test-framework@1.1.29/UnityEngine.TestRunner/NUnitExtensions/Runner/UnityTestExecutionContext.cs(125,34): error CS0246: The type or namespace name 'ValueFormatterFactory' could not be found (are you missing a using directive or an assembly reference?)\nLibrary/PackageCache/com.unity.test-framework@1.1.29/UnityEngine.TestRunner/NUnitExtensions/Runner/UnityTestExecutionContext.cs(17,17): error CS0246: The type or namespace name 'TestResult' could not be found (are you missing a using directive or an assembly reference?)\nLibrary/PackageCache/com.unity.test-framework@1.1.29/UnityEngine.TestRunner/NUnitExtensions/BaseDelegator.cs(13,19): error CS0246: The type or namespace name 'ITestExecutionContext' could not be found (are you missing a using directive or an assembly reference?)\nLibrary/PackageCache/com.unity.test-framework@1.1.29/UnityEngine.TestRunner/NUnitExtensions/Runner/UnityTestExecutionContext.cs(42,17): error CS0246: The type or namespace name 'TestExecutionStatus' could not be found (are you missing a using directive or an assembly reference?)\nLibrary/PackageCache/com.unity.test-framework@1.1.29/UnityEngine.TestRunner/NUnitExtensions/ConstructDelegator.cs(24,19): error CS0246: The type or namespace name 'ITestExecutionContext' could not be found (are you missing a using directive or an assembly reference?)\nLibrary/PackageCache/com.unity.test-framework@1.1.29/UnityEngine.TestRunner/NUnitExtensions/Runner/UnityWorkItem.cs(25,16): error CS0246: The type or namespace name 'Test' could not be found (are you missing a using directive or an assembly reference?)\nLibrary/PackageCache/com.unity.test-framework@1.1.29/UnityEngine.TestRunner/NUnitExtensions/IAsyncTestAssemblyBuilder.cs(8,52): error CS0246: The type or namespace name 'ITestAssemblyBuilder' could not be found (are you missing a using directive or an assembly reference?)\nLibrary/PackageCache/com.unity.test-framework@1.1.29/UnityEngine.TestRunner/NUnitExtensions/Runner/UnityWorkItem.cs(27,16): error CS0246: The type or namespace name 'TestResult' could not be found (are you missing a using directive or an assembly reference?)\nLibrary/PackageCache/com.unity.test-framework@1.1.29/UnityEngine.TestRunner/NUnitExtensions/IAsyncTestAssemblyBuilder.cs(10,21): error CS0246: The type or namespace name 'ITest' could not be found (are you missing a using directive or an assembly reference?)\nLibrary/PackageCache/com.unity.test-framework@1.1.29/UnityEngine.TestRunner/NUnitExtensions/Runner/UnityWorkItem.cs(29,16): error CS0246: The type or namespace name 'WorkItemState' could not be found (are you missing a using directive or an assembly reference?)\nLibrary/PackageCache/com.unity.test-framework@1.1.29/UnityEngine.TestRunner/NUnitExtensions/Runner/UnityWorkItem.cs(31,21): error CS0246: The type or namespace name 'ITestAction' could not be found (are you missing a using directive or an assembly reference?)\nLibrary/PackageCache/com.unity.test-framework@1.1.29/UnityEngine.TestRunner/NUnitExtensions/UnityTestAssemblyBuilder.cs(11,47): error CS0246: The type or namespace name 'DefaultTestAssemblyBuilder' could not be found (are you missing a using directive or an assembly reference?)\nLibrary/PackageCache/com.unity.test-framework@1.1.29/UnityEngine.TestRunner/NUnitExtensions/Runner/UnityWorkItem.cs(44,45): error CS0246: The type or namespace name 'ITest' could not be found (are you missing a using directive or an assembly reference?)\nLibrary/PackageCache/com.unity.test-framework@1.1.29/UnityEngine.TestRunner/NUnitExtensions/UnityTestAssemblyBuilder.cs(19,16): error CS0246: The type or namespace name 'ITest' could not be found (are you missing a using directive or an assembly reference?)\nLibrary/PackageCache/com.unity.test-framework@1.1.29/UnityEngine.TestRunner/NUnitExtensions/UnityTestAssemblyBuilder.cs(29,28): error CS0246: The type or namespace name 'ITest' could not be found (are you missing a using directive or an assembly reference?)\nLibrary/PackageCache/com.unity.test-framework@1.1.29/UnityEngine.TestRunner/NUnitExtensions/Runner/UnityWorkItem.cs(33,33): error CS0246: The type or namespace name 'Test' could not be found (are you missing a using directive or an assembly reference?)\nLibrary/PackageCache/com.unity.test-framework@1.1.29/UnityEngine.TestRunner/NUnitExtensions/Runner/WorkItemFactory.cs(9,37): error CS0246: The type or namespace name 'ITest' could not be found (are you missing a using directive or an assembly reference?)\nLibrary/PackageCache/com.unity.test-framework@1.1.29/UnityEngine.TestRunner/NUnitExtensions/Runner/WorkItemFactory.cs(9,55): error CS0246: The type or namespace name 'ITestFilter' could not be found (are you missing a using directive or an assembly reference?)\nLibrary/PackageCache/com.unity.test-framework@1.1.29/UnityEngine.TestRunner/NUnitExtensions/Attributes/ConditionalIgnoreAttribute.cs(11,47): error CS0246: The type or namespace name 'NUnitAttribute' could not be found (are you missing a using directive or an assembly reference?)\nLibrary/PackageCache/com.unity.test-framework@1.1.29/UnityEngine.TestRunner/NUnitExtensions/Attributes/ConditionalIgnoreAttribute.cs(11,63): error CS0246: The type or namespace name 'IApplyToTest' could not be found (are you missing a using directive or an assembly reference?)\nLibrary/PackageCache/com.unity.test-framework@1.1.29/UnityEngine.TestRunner/NUnitExtensions/Attributes/ConditionalIgnoreAttribute.cs(31,33): error CS0246: The type or namespace name 'Test' could not be found (are you missing a using directive or an assembly reference?)\nLibrary/PackageCache/com.unity.test-framework@1.1.29/UnityEngine.TestRunner/NUnitExtensions/Attributes/TestEnumerator.cs(12,26): error CS0246: The type or namespace name 'ITestExecutionContext' could not be found (are you missing a using directive or an assembly reference?)\nLibrary/PackageCache/com.unity.test-framework@1.1.29/UnityEngine.TestRunner/NUnitExtensions/Attributes/TestEnumerator.cs(22,31): error CS0246: The type or namespace name 'ITestExecutionContext' could not be found (are you missing a using directive or an assembly reference?)\nLibrary/PackageCache/com.unity.test-framework@1.1.29/UnityEngine.TestRunner/NUnitExtensions/Attributes/TestEnumerator.cs(70,30): error CS0246: The type or namespace name 'ITestExecutionContext' could not be found (are you missing a using directive or an assembly reference?)\nLibrary/PackageCache/com.unity.test-framework@1.1.29/UnityEngine.TestRunner/NUnitExtensions/Attributes/TestEnumerator.cs(72,38): error CS0246: The type or namespace name 'ITestExecutionContext' could not be found (are you missing a using directive or an assembly reference?)"}
